2025-12-25 23:55:22,597 - INFO - ---------------------------数据集描述---------------------------
2025-12-25 23:55:22,598 - INFO - 训练数据集为HR-all
2025-12-25 23:55:22,598 - INFO - Loading data from yaml/00-10000_multi_airconditioner02-refrigerator_m2.yaml
2025-12-25 23:55:22,598 - INFO - Loading data from yaml/01-10000_multi_kettle01-microwaveoven_m2.yaml
2025-12-25 23:55:22,598 - INFO - Loading data from yaml/02-10000_multi_refrigerator-airconditioner_m2.yaml
2025-12-25 23:55:22,598 - INFO - Loading data from yaml/03-10000_multi_ricecooker-electricoven_m2.yaml   
2025-12-25 23:55:22,598 - INFO - Loading data from yaml/04-10000_multi_inductioncooker-airpurifier_m2.yaml
2025-12-25 23:55:22,599 - INFO - Loading data from yaml/05-10000_multi_airpurifier-airconditioner03_m2.yaml
2025-12-25 23:55:22,599 - INFO - Loading data from yaml/06-10000_multi_microwaveoven-waterheater_m2.yaml 
2025-12-25 23:55:22,599 - INFO - Loading data from yaml/07-10000_multi_electricoven-washingmachine_m2.yaml
2025-12-25 23:55:22,599 - INFO - Loading data from yaml/08-10000_multi_airconditioner01-inductioncooker_m2.yaml
2025-12-25 23:55:22,599 - INFO - Loading data from yaml/09-10000_single_inductioncooker_m1.yaml
2025-12-25 23:55:22,599 - INFO - Loading data from yaml/10-10000_single_refrigerator_m1.yaml
2025-12-25 23:55:22,599 - INFO - Loading data from yaml/11-10000_single_electricoven_m1.yaml
2025-12-25 23:55:22,599 - INFO - Loading data from yaml/12-10000_single_ricecooker_m1.yaml
2025-12-25 23:55:22,599 - INFO - Loading data from yaml/13-10000_single_kettle01_m1.yaml
2025-12-25 23:55:22,599 - INFO - Loading data from yaml/14-10000_single_microwaveoven_m1.yaml
2025-12-25 23:55:22,599 - INFO - ---------------------------数据读取---------------------------
2025-12-25 23:55:28,535 - INFO - 数据读取完成，总共用时5.94 秒
2025-12-25 23:55:28,535 - INFO - ---------------------------数据预处理---------------------------        
2025-12-26 00:10:02,557 - INFO - 预处理完成，特征维度: (33956, 29)
2025-12-26 00:10:02,557 - INFO - ---------------------------开始训练传统机器学习模型---------------------------
开始进行 5 次训练和测试...

D:\Python\anaconda3\envs\AFCI\lib\site-packages\sklearn\linear_model\_logistic.py:460: ConvergenceWarning: lbfgs failed to converge (status=1):
STOP: TOTAL NO. of ITERATIONS REACHED LIMIT.

Increase the number of iterations (max_iter) or scale the data as shown in:
    https://scikit-learn.org/stable/modules/preprocessing.html
Please also refer to the documentation for alternative solver options:
    https://scikit-learn.org/stable/modules/linear_model.html#logistic-regression
  n_iter_i = _check_optimize_result(
第 1/5 次运行中... 完成
第 2/5 次运行中... 完成
D:\Python\anaconda3\envs\AFCI\lib\site-packages\sklearn\linear_model\_logistic.py:460: ConvergenceWarning: lbfgs failed to converge (status=1):
STOP: TOTAL NO. of ITERATIONS REACHED LIMIT.

Increase the number of iterations (max_iter) or scale the data as shown in:
    https://scikit-learn.org/stable/modules/preprocessing.html
Please also refer to the documentation for alternative solver options:
    https://scikit-learn.org/stable/modules/linear_model.html#logistic-regression
  n_iter_i = _check_optimize_result(
第 3/5 次运行中... 完成
第 4/5 次运行中... 完成
第 5/5 次运行中... 完成

====================================================================================================     
五次测试结果汇总（均值 ± 标准差，百分比格式）
====================================================================================================     

                     SVM Decision Tree Random Forest  ... Logistic Regression   Naive Bayes Gradient Boosting
FPR         1.49 ± 0.20   4.62 ± 0.65   2.20 ± 0.18  ...        25.56 ± 2.00   2.19 ± 0.16       1.04 ± 0.07
FNR        14.64 ± 0.61  17.97 ± 1.26  14.44 ± 0.78  ...        32.54 ± 0.82  84.93 ± 1.05      16.62 ± 0.64
Precision  94.96 ± 0.56  85.38 ± 1.68  92.74 ± 0.57  ...        46.46 ± 1.42  69.30 ± 1.86      96.35 ± 0.23
Recall     85.36 ± 0.61  82.03 ± 1.26  85.56 ± 0.78  ...        67.46 ± 0.82  15.07 ± 1.05      83.38 ± 0.64
Accuracy   95.26 ± 0.28  92.08 ± 0.19  94.78 ± 0.28  ...        72.72 ± 1.47  77.38 ± 0.44      95.11 ± 0.15
F1         89.90 ± 0.49  83.65 ± 0.21  89.00 ± 0.57  ...        55.01 ± 0.99  24.74 ± 1.50      89.40 ± 0.30
F2         87.12 ± 0.55  82.66 ± 0.71  86.91 ± 0.69  ...        61.85 ± 0.68  17.86 ± 1.20      85.69 ± 0.51
F0.5       92.87 ± 0.50  84.68 ± 1.06  91.21 ± 0.53  ...        49.53 ± 1.28  40.27 ± 1.89      93.44 ± 0.11

[8 rows x 7 columns]

====================================================================================================     
详细数据（五次测试的具体数值）
====================================================================================================     

SVM:
  FPR:
    五次结果: ['1.63', '1.51', '1.69', '1.18', '1.45']
    均值 ± 标准差: 1.49 ± 0.20
  FNR:
    五次结果: ['15.29', '14.29', '14.23', '14.08', '15.31']
    均值 ± 标准差: 14.64 ± 0.61
  Precision:
    五次结果: ['94.53', '94.96', '94.41', '95.83', '95.03']
    均值 ± 标准差: 94.96 ± 0.56
  Recall:
    五次结果: ['84.71', '85.71', '85.77', '85.92', '84.69']
    均值 ± 标准差: 85.36 ± 0.61
  Accuracy:
    五次结果: ['94.96', '95.30', '95.19', '95.72', '95.14']
    均值 ± 标准差: 95.26 ± 0.28
  F1:
    五次结果: ['89.35', '90.10', '89.89', '90.60', '89.56']
    均值 ± 标准差: 89.90 ± 0.49
  F2:
    五次结果: ['86.51', '87.42', '87.37', '87.73', '86.57']
    均值 ± 标准差: 87.12 ± 0.55
  F0.5:
    五次结果: ['92.39', '92.96', '92.55', '93.67', '92.77']
    均值 ± 标准差: 92.87 ± 0.50

Decision Tree:
  FPR:
    五次结果: ['3.88', '4.28', '5.43', '5.16', '4.34']
    均值 ± 标准差: 4.62 ± 0.65
  FNR:
    五次结果: ['19.24', '18.54', '16.65', '16.60', '18.84']
    均值 ± 标准差: 17.97 ± 1.26
  Precision:
    五次结果: ['87.36', '86.36', '83.60', '83.66', '85.94']
    均值 ± 标准差: 85.38 ± 1.68
  Recall:
    五次结果: ['80.76', '81.46', '83.35', '83.40', '81.16']
    均值 ± 标准差: 82.03 ± 1.26
  Accuracy:
    五次结果: ['92.29', '92.17', '91.77', '92.09', '92.09']
    均值 ± 标准差: 92.08 ± 0.19
  F1:
    五次结果: ['83.93', '83.84', '83.48', '83.53', '83.48']
    均值 ± 标准差: 83.65 ± 0.21
  F2:
    五次结果: ['81.99', '82.40', '83.40', '83.46', '82.07']
    均值 ± 标准差: 82.66 ± 0.71
  F0.5:
    五次结果: ['85.95', '85.33', '83.55', '83.61', '84.94']
    均值 ± 标准差: 84.68 ± 1.06

Random Forest:
  FPR:
    五次结果: ['2.02', '2.08', '2.43', '2.11', '2.34']
    均值 ± 标准差: 2.20 ± 0.18
  FNR:
    五次结果: ['14.70', '14.05', '14.11', '13.66', '15.67']
    均值 ± 标准差: 14.44 ± 0.78
  Precision:
    五次结果: ['93.35', '93.21', '92.15', '92.82', '92.16']
    均值 ± 标准差: 92.74 ± 0.57
  Recall:
    五次结果: ['85.30', '85.95', '85.89', '86.34', '84.33']
    均值 ± 标准差: 85.56 ± 0.78
  Accuracy:
    五次结果: ['94.82', '94.94', '94.66', '95.11', '94.38']
    均值 ± 标准差: 94.78 ± 0.28
  F1:
    五次结果: ['89.14', '89.43', '88.91', '89.47', '88.07']
    均值 ± 标准差: 89.00 ± 0.57
  F2:
    五次结果: ['86.80', '87.31', '87.07', '87.57', '85.79']
    均值 ± 标准差: 86.91 ± 0.69
  F0.5:
    五次结果: ['91.62', '91.66', '90.82', '91.45', '90.48']
    均值 ± 标准差: 91.21 ± 0.53

KNN:
  FPR:
    五次结果: ['1.65', '1.53', '1.92', '1.78', '1.60']
    均值 ± 标准差: 1.70 ± 0.16
  FNR:
    五次结果: ['14.64', '14.46', '13.93', '13.96', '15.67']
    均值 ± 标准差: 14.53 ± 0.71
  Precision:
    五次结果: ['94.51', '94.89', '93.70', '93.85', '94.50']
    均值 ± 标准差: 94.29 ± 0.50
  Recall:
    五次结果: ['85.36', '85.54', '86.07', '86.04', '84.33']
    均值 ± 标准差: 85.47 ± 0.71
  Accuracy:
    五次结果: ['95.11', '95.24', '95.08', '95.29', '94.94']
    均值 ± 标准差: 95.13 ± 0.14
  F1:
    五次结果: ['89.70', '89.97', '89.72', '89.78', '89.13']
    均值 ± 标准差: 89.66 ± 0.32
  F2:
    五次结果: ['87.05', '87.26', '87.49', '87.50', '86.19']
    均值 ± 标准差: 87.10 ± 0.54
  F0.5:
    五次结果: ['92.53', '92.86', '92.07', '92.18', '92.28']
    均值 ± 标准差: 92.38 ± 0.32

Logistic Regression:
  FPR:
    五次结果: ['26.21', '28.31', '25.95', '23.03', '24.32']
    均值 ± 标准差: 25.56 ± 2.00
  FNR:
    五次结果: ['32.29', '32.41', '31.58', '32.58', '33.85']
    均值 ± 标准差: 32.54 ± 0.82
  Precision:
    五次结果: ['46.19', '44.24', '46.70', '48.10', '47.04']
    均值 ± 标准差: 46.46 ± 1.42
  Recall:
    五次结果: ['67.71', '67.59', '68.42', '67.42', '66.15']
    均值 ± 标准差: 67.46 ± 0.82
  Accuracy:
    五次结果: ['72.28', '70.67', '72.64', '74.68', '73.34']
    均值 ± 标准差: 72.72 ± 1.47
  F1:
    五次结果: ['54.92', '53.48', '55.51', '56.14', '54.98']
    均值 ± 标准差: 55.01 ± 0.99
  F2:
    五次结果: ['61.94', '61.14', '62.59', '62.41', '61.18']
    均值 ± 标准差: 61.85 ± 0.68
  F0.5:
    五次结果: ['49.33', '47.53', '49.86', '51.02', '49.93']
    均值 ± 标准差: 49.53 ± 1.28

Naive Bayes:
  FPR:
    五次结果: ['2.24', '2.37', '2.16', '1.94', '2.23']
    均值 ± 标准差: 2.19 ± 0.16
  FNR:
    五次结果: ['83.18', '85.06', '85.30', '85.12', '86.00']
    均值 ± 标准差: 84.93 ± 1.05
  Precision:
    五次结果: ['71.43', '67.65', '69.36', '70.85', '67.24']
    均值 ± 标准差: 69.30 ± 1.86
  Recall:
    五次结果: ['16.82', '14.94', '14.70', '14.88', '14.00']
    均值 ± 标准差: 15.07 ± 1.05
  Accuracy:
    五次结果: ['77.58', '77.00', '77.11', '78.06', '77.15']
    均值 ± 标准差: 77.38 ± 0.44
  F1:
    五次结果: ['27.23', '24.47', '24.26', '24.60', '23.17']
    均值 ± 标准差: 24.74 ± 1.50
  F2:
    五次结果: ['19.86', '17.69', '17.45', '17.67', '16.63']
    均值 ± 标准差: 17.86 ± 1.20
  F0.5:
    五次结果: ['43.31', '39.66', '39.78', '40.43', '38.19']
    均值 ± 标准差: 40.27 ± 1.89

Gradient Boosting:
  FPR:
    五次结果: ['0.94', '1.02', '1.14', '1.05', '1.04']
    均值 ± 标准差: 1.04 ± 0.07
  FNR:
    五次结果: ['17.53', '16.29', '16.06', '16.17', '17.05']
    均值 ± 标准差: 16.62 ± 0.64
  Precision:
    五次结果: ['96.68', '96.46', '96.08', '96.21', '96.32']
    均值 ± 标准差: 96.35 ± 0.23
  Recall:
    五次结果: ['82.47', '83.71', '83.94', '83.83', '82.95']
    均值 ± 标准差: 83.38 ± 0.64
  Accuracy:
    五次结果: ['94.92', '95.17', '95.14', '95.32', '95.02']
    均值 ± 标准差: 95.11 ± 0.15
  F1:
    五次结果: ['89.01', '89.63', '89.60', '89.59', '89.14']
    均值 ± 标准差: 89.40 ± 0.30
  F2:
    五次结果: ['84.97', '85.98', '86.12', '86.05', '85.32']
    均值 ± 标准差: 85.69 ± 0.51
  F0.5:
    五次结果: ['93.46', '93.61', '93.38', '93.45', '93.31']
    均值 ± 标准差: 93.44 ± 0.11