2025-12-25 22:30:19,169 - INFO - ---------------------------数据集描述---------------------------
2025-12-25 22:30:19,169 - INFO - 训练数据集为HR-mix1
2025-12-25 22:30:19,169 - INFO - Loading data from yaml/00-10000_multi_airconditioner02-refrigerator_m2.yaml 
2025-12-25 22:30:19,170 - INFO - Loading data from yaml/01-10000_multi_kettle01-microwaveoven_m2.yaml        
2025-12-25 22:30:19,170 - INFO - Loading data from yaml/02-10000_multi_refrigerator-airconditioner_m2.yaml   
2025-12-25 22:30:19,170 - INFO - Loading data from yaml/03-10000_multi_ricecooker-electricoven_m2.yaml       
2025-12-25 22:30:19,170 - INFO - Loading data from yaml/04-10000_multi_inductioncooker-airpurifier_m2.yaml   
2025-12-25 22:30:19,170 - INFO - Loading data from yaml/05-10000_multi_airpurifier-airconditioner03_m2.yaml  
2025-12-25 22:30:19,170 - INFO - Loading data from yaml/06-10000_multi_microwaveoven-waterheater_m2.yaml     
2025-12-25 22:30:19,171 - INFO - Loading data from yaml/07-10000_multi_electricoven-washingmachine_m2.yaml   
2025-12-25 22:30:19,171 - INFO - Loading data from yaml/08-10000_multi_airconditioner01-inductioncooker_m2.yaml
2025-12-25 22:30:19,171 - INFO - ---------------------------数据读取---------------------------
2025-12-25 22:30:26,957 - INFO - 数据读取完成，总共用时7.79 秒
2025-12-25 22:30:26,957 - INFO - ---------------------------数据预处理---------------------------
2025-12-25 22:39:55,977 - INFO - 预处理完成，特征维度: (22430, 29)
2025-12-25 22:39:55,978 - INFO - ---------------------------开始训练传统机器学习模型---------------------------
开始进行 5 次训练和测试...

第 1/5 次运行中... 完成
第 2/5 次运行中... 完成
第 3/5 次运行中... 完成
第 4/5 次运行中... 完成
第 5/5 次运行中... 完成

====================================================================================================
五次测试结果汇总（均值 ± 标准差，百分比格式）
====================================================================================================

                     SVM Decision Tree Random Forest  ... Logistic Regression   Naive Bayes Gradient Boosting
FPR         1.83 ± 0.14  12.86 ± 1.60   4.64 ± 2.61  ...        30.21 ± 1.51   2.15 ± 0.16       0.93 ± 0.14 
FNR        13.12 ± 1.26  12.34 ± 1.45  12.37 ± 1.01  ...        30.61 ± 1.74  79.10 ± 0.78      15.21 ± 1.35 
Precision  93.12 ± 0.51  66.07 ± 2.53  84.80 ± 7.54  ...        39.54 ± 1.08  73.46 ± 1.72      96.29 ± 0.58 
Recall     86.88 ± 1.26  87.66 ± 1.45  87.63 ± 1.01  ...        69.39 ± 1.74  20.90 ± 0.78      84.79 ± 1.35 
Accuracy   95.67 ± 0.20  87.25 ± 0.98  93.64 ± 2.04  ...        69.71 ± 0.97  80.81 ± 0.49      95.91 ± 0.31 
F1         89.88 ± 0.53  75.31 ± 1.32  86.06 ± 3.93  ...        50.36 ± 1.01  32.54 ± 1.06      90.17 ± 0.81 
F2         88.06 ± 0.97  82.25 ± 0.60  86.96 ± 1.80  ...        60.28 ± 1.19  24.39 ± 0.88      86.86 ± 1.14 
F0.5       91.80 ± 0.27  69.47 ± 2.13  85.27 ± 6.11  ...        43.26 ± 1.05  48.87 ± 1.32      93.74 ± 0.55 

[8 rows x 7 columns]

====================================================================================================
详细数据（五次测试的具体数值）
====================================================================================================

SVM:
  FPR:
    五次结果: ['1.92', '1.63', '1.82', '2.00', '1.76']
    均值 ± 标准差: 1.83 ± 0.14
  FNR:
    五次结果: ['12.08', '15.28', '12.74', '12.44', '13.06']
    均值 ± 标准差: 13.12 ± 1.26
  Precision:
    五次结果: ['92.87', '93.67', '92.99', '92.47', '93.60']
    均值 ± 标准差: 93.12 ± 0.51
  Recall:
    五次结果: ['87.92', '84.72', '87.26', '87.56', '86.94']
    均值 ± 标准差: 86.88 ± 1.26
  Accuracy:
    五次结果: ['95.83', '95.34', '95.81', '95.72', '95.65']
    均值 ± 标准差: 95.67 ± 0.20
  F1:
    五次结果: ['90.33', '88.97', '90.03', '89.95', '90.15']
    均值 ± 标准差: 89.88 ± 0.53
  F2:
    五次结果: ['88.86', '86.37', '88.35', '88.50', '88.19']
    均值 ± 标准差: 88.06 ± 0.97
  F0.5:
    五次结果: ['91.84', '91.73', '91.78', '91.44', '92.19']
    均值 ± 标准差: 91.80 ± 0.27

Decision Tree:
  FPR:
    五次结果: ['12.08', '12.78', '11.56', '15.61', '12.28']
    均值 ± 标准差: 12.86 ± 1.60
  FNR:
    五次结果: ['12.89', '13.67', '12.95', '9.89', '12.28']
    均值 ± 标准差: 12.34 ± 1.45
  Precision:
    五次结果: ['67.21', '65.82', '67.60', '61.77', '67.92']
    均值 ± 标准差: 66.07 ± 2.53
  Recall:
    五次结果: ['87.11', '86.33', '87.05', '90.11', '87.72']
    均值 ± 标准差: 87.66 ± 1.45
  Accuracy:
    五次结果: ['87.74', '87.03', '88.14', '85.64', '87.72']
    均值 ± 标准差: 87.25 ± 0.98
  F1:
    五次结果: ['75.88', '74.70', '76.10', '73.30', '76.56']
    均值 ± 标准差: 75.31 ± 1.32
  F2:
    五次结果: ['82.24', '81.27', '82.31', '82.54', '82.89']
    均值 ± 标准差: 82.25 ± 0.60
  F0.5:
    五次结果: ['70.43', '69.11', '70.76', '65.92', '71.13']
    均值 ± 标准差: 69.47 ± 2.13

Random Forest:
  FPR:
    五次结果: ['7.36', '7.13', '2.11', '4.65', '1.97']
    均值 ± 标准差: 4.64 ± 2.61
  FNR:
    五次结果: ['11.38', '13.87', '12.13', '11.62', '12.87']
    均值 ± 标准差: 12.37 ± 1.01
  Precision:
    五次结果: ['77.40', '77.49', '92.03', '84.17', '92.93']
    均值 ± 标准差: 84.80 ± 7.54
  Recall:
    五次结果: ['88.62', '86.13', '87.87', '88.38', '87.13']
    均值 ± 标准差: 87.63 ± 1.01
  Accuracy:
    五次结果: ['91.75', '91.37', '95.72', '93.83', '95.54']
    均值 ± 标准差: 93.64 ± 2.04
  F1:
    五次结果: ['82.63', '81.58', '89.91', '86.23', '89.94']
    均值 ± 标准差: 86.06 ± 3.93
  F2:
    五次结果: ['86.12', '84.25', '88.67', '87.51', '88.24']
    均值 ± 标准差: 86.96 ± 1.80
  F0.5:
    五次结果: ['79.41', '79.07', '91.17', '84.98', '91.71']
    均值 ± 标准差: 85.27 ± 6.11

KNN:
  FPR:
    五次结果: ['1.66', '1.75', '2.13', '1.97', '1.27']
    均值 ± 标准差: 1.76 ± 0.33
  FNR:
    五次结果: ['15.21', '19.10', '15.72', '14.88', '17.06']
    均值 ± 标准差: 16.39 ± 1.72
  Precision:
    五次结果: ['93.56', '92.96', '91.62', '92.37', '95.08']
    均值 ± 标准差: 93.12 ± 1.31
  Recall:
    五次结果: ['84.79', '80.90', '84.28', '85.12', '82.94']
    均值 ± 标准差: 83.61 ± 1.72
  Accuracy:
    五次结果: ['95.34', '94.40', '94.92', '95.21', '95.12']
    均值 ± 标准差: 95.00 ± 0.37
  F1:
    五次结果: ['88.96', '86.51', '87.79', '88.59', '88.60']
    均值 ± 标准差: 88.09 ± 0.98
  F2:
    五次结果: ['86.41', '83.06', '85.65', '86.47', '85.12']
    均值 ± 标准差: 85.34 ± 1.40
  F0.5:
    五次结果: ['91.66', '90.27', '90.05', '90.82', '92.38']
    均值 ± 标准差: 91.04 ± 0.98

Logistic Regression:
  FPR:
    五次结果: ['31.92', '30.94', '27.87', '30.47', '29.86']
    均值 ± 标准差: 30.21 ± 1.51
  FNR:
    五次结果: ['28.10', '31.96', '32.37', '30.89', '29.73']
    均值 ± 标准差: 30.61 ± 1.74
  Precision:
    五次结果: ['39.04', '38.53', '40.20', '38.83', '41.11']
    均值 ± 标准差: 39.54 ± 1.08
  Recall:
    五次结果: ['71.90', '68.04', '67.63', '69.11', '70.27']
    均值 ± 标准差: 69.39 ± 1.74
  Accuracy:
    五次结果: ['68.93', '68.84', '71.15', '69.44', '70.17']
    均值 ± 标准差: 69.71 ± 0.97
  F1:
    五次结果: ['50.60', '49.20', '50.42', '49.72', '51.87']
    均值 ± 标准差: 50.36 ± 1.01
  F2:
    五次结果: ['61.54', '59.00', '59.50', '59.79', '61.54']
    均值 ± 标准差: 60.28 ± 1.19
  F0.5:
    五次结果: ['42.97', '42.19', '43.74', '42.56', '44.83']
    均值 ± 标准差: 43.26 ± 1.05

Naive Bayes:
  FPR:
    五次结果: ['1.95', '2.03', '2.16', '2.31', '2.28']
    均值 ± 标准差: 2.15 ± 0.16
  FNR:
    五次结果: ['77.95', '79.90', '79.14', '78.80', '79.73']
    均值 ± 标准差: 79.10 ± 0.78
  Precision:
    五次结果: ['76.31', '73.80', '72.76', '71.97', '72.47']
    均值 ± 标准差: 73.46 ± 1.72
  Recall:
    五次结果: ['22.05', '20.10', '20.86', '21.20', '20.27']
    均值 ± 标准差: 20.90 ± 0.78
  Accuracy:
    五次结果: ['81.23', '80.70', '81.14', '80.96', '80.00']
    均值 ± 标准差: 80.81 ± 0.49
  F1:
    五次结果: ['34.22', '31.60', '32.43', '32.76', '31.68']
    均值 ± 标准差: 32.54 ± 1.06
  F2:
    五次结果: ['25.71', '23.52', '24.33', '24.69', '23.68']
    均值 ± 标准差: 24.39 ± 0.88
  F0.5:
    五次结果: ['51.14', '48.10', '48.59', '48.67', '47.84']
    均值 ± 标准差: 48.87 ± 1.32

Gradient Boosting:
  FPR:
    五次结果: ['1.00', '0.89', '0.88', '1.11', '0.75']
    均值 ± 标准差: 0.93 ± 0.14
  FNR:
    五次结果: ['14.80', '17.49', '13.87', '14.98', '14.91']
    均值 ± 标准差: 15.21 ± 1.35
  Precision:
    五次结果: ['96.03', '96.36', '96.43', '95.53', '97.11']
    均值 ± 标准差: 96.29 ± 0.58
  Recall:
    五次结果: ['85.20', '82.51', '86.13', '85.02', '85.09']
    均值 ± 标准差: 84.79 ± 1.35
  Accuracy:
    五次结果: ['95.94', '95.43', '96.30', '95.85', '96.01']
    均值 ± 标准差: 95.91 ± 0.31
  F1:
    五次结果: ['90.29', '88.90', '90.99', '89.97', '90.70']
    均值 ± 标准差: 90.17 ± 0.81
  F2:
    五次结果: ['87.16', '84.95', '88.01', '86.93', '87.25']
    均值 ± 标准差: 86.86 ± 1.14
  F0.5:
    五次结果: ['93.65', '93.23', '94.18', '93.23', '94.44']
    五次结果: ['95.94', '95.43', '96.30', '95.85', '96.01']
    均值 ± 标准差: 95.91 ± 0.31
  F1:
    五次结果: ['90.29', '88.90', '90.99', '89.97', '90.70']
    均值 ± 标准差: 90.17 ± 0.81
  F2:
    五次结果: ['87.16', '84.95', '88.01', '86.93', '87.25']
    五次结果: ['95.94', '95.43', '96.30', '95.85', '96.01']
    均值 ± 标准差: 95.91 ± 0.31
  F1:
    五次结果: ['90.29', '88.90', '90.99', '89.97', '90.70']
    五次结果: ['95.94', '95.43', '96.30', '95.85', '96.01']
    均值 ± 标准差: 95.91 ± 0.31
    五次结果: ['95.94', '95.43', '96.30', '95.85', '96.01']
    均值 ± 标准差: 95.91 ± 0.31
    五次结果: ['95.94', '95.43', '96.30', '95.85', '96.01']
    均值 ± 标准差: 95.91 ± 0.31
    均值 ± 标准差: 95.91 ± 0.31
  F1:
    五次结果: ['90.29', '88.90', '90.99', '89.97', '90.70']
    均值 ± 标准差: 90.17 ± 0.81
  F2:
    五次结果: ['87.16', '84.95', '88.01', '86.93', '87.25']
    均值 ± 标准差: 86.86 ± 1.14
  F0.5:
    五次结果: ['93.65', '93.23', '94.18', '93.23', '94.44']
    均值 ± 标准差: 93.74 ± 0.55