2025-12-25 22:58:04,476 - INFO - ---------------------------数据集描述---------------------------
2025-12-25 22:58:04,476 - INFO - 训练数据集为HR-single
2025-12-25 22:58:04,476 - INFO - Loading data from yaml/09-10000_single_inductioncooker_m1.yaml
2025-12-25 22:58:04,476 - INFO - Loading data from yaml/10-10000_single_refrigerator_m1.yaml
2025-12-25 22:58:04,476 - INFO - Loading data from yaml/11-10000_single_electricoven_m1.yaml
2025-12-25 22:58:04,476 - INFO - Loading data from yaml/12-10000_single_ricecooker_m1.yaml
2025-12-25 22:58:04,477 - INFO - Loading data from yaml/13-10000_single_kettle01_m1.yaml
2025-12-25 22:58:04,477 - INFO - Loading data from yaml/14-10000_single_microwaveoven_m1.yaml
2025-12-25 22:58:04,477 - INFO - ---------------------------数据读取---------------------------
2025-12-25 22:58:09,119 - INFO - 数据读取完成，总共用时4.64 秒
2025-12-25 22:58:09,120 - INFO - ---------------------------数据预处理---------------------------
2025-12-25 23:03:40,637 - INFO - 预处理完成，特征维度: (11526, 29)
2025-12-25 23:03:40,637 - INFO - ---------------------------开始训练传统机器学习模型--------------------------- 
开始进行 5 次训练和测试...

第 1/5 次运行中... 完成
第 2/5 次运行中... 完成
第 3/5 次运行中... 完成
第 4/5 次运行中... 完成
第 5/5 次运行中... 完成

====================================================================================================
五次测试结果汇总（均值 ± 标准差，百分比格式）
====================================================================================================

                     SVM Decision Tree Random Forest  ... Logistic Regression   Naive Bayes Gradient Boosting   
FPR         0.52 ± 0.21   0.71 ± 0.28   0.55 ± 0.18  ...         6.03 ± 1.05   0.43 ± 0.15       0.70 ± 0.34    
FNR        14.63 ± 1.75  14.61 ± 1.73  13.27 ± 1.52  ...        19.62 ± 1.74  76.65 ± 1.21       8.96 ± 1.16    
Precision  98.59 ± 0.56  98.05 ± 0.78  98.51 ± 0.45  ...        84.93 ± 2.05  95.81 ± 1.56      98.21 ± 0.81    
Recall     85.37 ± 1.75  85.39 ± 1.73  86.73 ± 1.52  ...        80.38 ± 1.74  23.35 ± 1.21      91.04 ± 1.16    
Accuracy   95.31 ± 0.47  95.17 ± 0.45  95.68 ± 0.40  ...        89.96 ± 0.73  77.00 ± 0.44      96.85 ± 0.31    
F1         91.50 ± 0.97  91.27 ± 0.85  92.24 ± 0.76  ...        82.57 ± 1.30  37.54 ± 1.54      94.48 ± 0.55    
F2         87.72 ± 1.45  87.65 ± 1.39  88.85 ± 1.24  ...        81.24 ± 1.46  27.51 ± 1.34      92.38 ± 0.89    
F0.5       95.62 ± 0.52  95.22 ± 0.51  95.90 ± 0.32  ...        83.97 ± 1.63  59.08 ± 1.54      96.68 ± 0.55    

[8 rows x 7 columns]

====================================================================================================
详细数据（五次测试的具体数值）
====================================================================================================

SVM:
  FPR:
    五次结果: ['0.25', '0.50', '0.42', '0.80', '0.62']
    均值 ± 标准差: 0.52 ± 0.21
  FNR:
    五次结果: ['16.54', '13.86', '14.96', '15.71', '12.05']
    均值 ± 标准差: 14.63 ± 1.75
  Precision:
    五次结果: ['99.30', '98.70', '98.76', '97.79', '98.38']
    均值 ± 标准差: 98.59 ± 0.56
  Recall:
    五次结果: ['83.46', '86.14', '85.04', '84.29', '87.95']
    均值 ± 标准差: 85.37 ± 1.75
  Accuracy:
    五次结果: ['94.93', '95.40', '95.45', '94.80', '95.97']
    均值 ± 标准差: 95.31 ± 0.47
  F1:
    五次结果: ['90.69', '91.99', '91.39', '90.54', '92.87']
    均值 ± 标准差: 91.50 ± 0.97
  F2:
    五次结果: ['86.21', '88.39', '87.47', '86.68', '89.86']
    均值 ± 标准差: 87.72 ± 1.45
  F0.5:
    五次结果: ['95.67', '95.91', '95.67', '94.75', '96.10']
    均值 ± 标准差: 95.62 ± 0.52

Decision Tree:
  FPR:
    五次结果: ['0.25', '0.69', '0.97', '0.80', '0.87']
    均值 ± 标准差: 0.71 ± 0.28
  FNR:
    五次结果: ['15.96', '15.56', '14.20', '15.57', '11.76']
    均值 ± 标准差: 14.61 ± 1.73
  Precision:
    五次结果: ['99.31', '98.19', '97.23', '97.79', '97.75']
    均值 ± 标准差: 98.05 ± 0.78
  Recall:
    五次结果: ['84.04', '84.44', '85.80', '84.43', '88.24']
    均值 ± 标准差: 85.39 ± 1.73
  Accuracy:
    五次结果: ['95.10', '94.75', '95.27', '94.84', '95.88']
    均值 ± 标准差: 95.17 ± 0.45
  F1:
    五次结果: ['91.04', '90.80', '91.16', '90.62', '92.75']
    均值 ± 标准差: 91.27 ± 0.85
  F2:
    五次结果: ['86.71', '86.87', '87.87', '86.81', '89.99']
    均值 ± 标准差: 87.65 ± 1.39
  F0.5:
    五次结果: ['95.83', '95.09', '94.71', '94.79', '95.69']
    均值 ± 标准差: 95.22 ± 0.51

Random Forest:
  FPR:
    五次结果: ['0.25', '0.69', '0.61', '0.62', '0.62']
    均值 ± 标准差: 0.55 ± 0.18
  FNR:
    五次结果: ['15.08', '13.44', '13.13', '13.80', '10.89']
    均值 ± 标准差: 13.27 ± 1.52
  Precision:
    五次结果: ['99.32', '98.23', '98.27', '98.32', '98.40']
    均值 ± 标准差: 98.51 ± 0.45
  Recall:
    五次结果: ['84.92', '86.56', '86.87', '86.20', '89.11']
    均值 ± 标准差: 86.73 ± 1.52
  Accuracy:
    五次结果: ['95.36', '95.40', '95.84', '95.49', '96.31']
    均值 ± 标准差: 95.68 ± 0.40
  F1:
    五次结果: ['91.55', '92.03', '92.22', '91.86', '93.53']
    均值 ± 标准差: 92.24 ± 0.76
  F2:
    五次结果: ['87.45', '88.67', '88.93', '88.38', '90.83']
    均值 ± 标准差: 88.85 ± 1.24
  F0.5:
    五次结果: ['96.06', '95.65', '95.76', '95.63', '96.39']
    均值 ± 标准差: 95.90 ± 0.32

KNN:
  FPR:
    五次结果: ['1.11', '1.50', '0.91', '1.78', '1.55']
    均值 ± 标准差: 1.37 ± 0.35
  FNR:
    五次结果: ['13.91', '12.02', '12.52', '14.10', '10.30']
    均值 ± 标准差: 12.57 ± 1.55
  Precision:
    五次结果: ['97.03', '96.28', '97.45', '95.28', '96.11']
    均值 ± 标准差: 96.43 ± 0.84
  Recall:
    五次结果: ['86.09', '87.98', '87.48', '85.90', '89.70']
    均值 ± 标准差: 87.43 ± 1.55
  Accuracy:
    五次结果: ['95.10', '95.27', '95.79', '94.58', '95.84']
    均值 ± 标准差: 95.32 ± 0.52
  F1:
    五次结果: ['91.23', '91.94', '92.20', '90.35', '92.79']
    均值 ± 标准差: 91.70 ± 0.94
  F2:
    五次结果: ['88.08', '89.52', '89.31', '87.63', '90.91']
    均值 ± 标准差: 89.09 ± 1.30
  F0.5:
    五次结果: ['94.63', '94.50', '95.28', '93.24', '94.76']
    均值 ± 标准差: 94.48 ± 0.75

Logistic Regression:
  FPR:
    五次结果: ['7.46', '6.63', '5.45', '4.74', '5.88']
    均值 ± 标准差: 6.03 ± 1.05
  FNR:
    五次结果: ['20.06', '18.10', '21.68', '20.70', '17.56']
    均值 ± 标准差: 19.62 ± 1.74
  Precision:
    五次结果: ['81.86', '84.53', '85.07', '87.52', '85.67']
    均值 ± 标准差: 84.93 ± 2.05
  Recall:
    五次结果: ['79.94', '81.90', '78.32', '79.30', '82.44']
    均值 ± 标准差: 80.38 ± 1.74
  Accuracy:
    五次结果: ['88.81', '89.85', '89.94', '90.55', '90.63']
    均值 ± 标准差: 89.96 ± 0.73
  F1:
    五次结果: ['80.89', '83.19', '81.56', '83.20', '84.02']
    均值 ± 标准差: 82.57 ± 1.30
  F2:
    五次结果: ['80.32', '82.41', '79.58', '80.81', '83.07']
    均值 ± 标准差: 81.24 ± 1.46
  F0.5:
    五次结果: ['81.47', '83.99', '83.63', '85.74', '85.00']
    均值 ± 标准差: 83.97 ± 1.63

Naive Bayes:
  FPR:
    五次结果: ['0.18', '0.44', '0.61', '0.43', '0.49']
    均值 ± 标准差: 0.43 ± 0.15
  FNR:
    五次结果: ['77.89', '74.68', '76.95', '76.51', '77.21']
    均值 ± 标准差: 76.65 ± 1.21
  Precision:
    五次结果: ['98.05', '96.24', '93.79', '95.81', '95.15']
    均值 ± 标准差: 95.81 ± 1.56
  Recall:
    五次结果: ['22.11', '25.3