2025-12-26 00:20:55,763 - INFO - ---------------------------数据集描述---------------------------
2025-12-26 00:20:55,763 - INFO - 训练数据集为LR-all
2025-12-26 00:20:55,763 - INFO - Loading data from yaml/15-6400_multi_microwaveoven-refrigerator_m3.yaml
2025-12-26 00:20:55,763 - INFO - Loading data from yaml/16-6400_multi_electricoven-refrigerator_m3.yaml
2025-12-26 00:20:55,763 - INFO - Loading data from yaml/17-6400_multi_kettle02-airpurifier_m3.yaml
2025-12-26 00:20:55,764 - INFO - Loading data from yaml/18-6400_single_inductioncooker_m1.yaml
2025-12-26 00:20:55,764 - INFO - Loading data from yaml/19-6400_single_refrigerator_m1.yaml
2025-12-26 00:20:55,764 - INFO - Loading data from yaml/20-6400_single_kettle02_m1.yaml
2025-12-26 00:20:55,764 - INFO - Loading data from yaml/21-6400_single_electricoven_m1.yaml
2025-12-26 00:20:55,765 - INFO - Loading data from yaml/22-6400_single_ricecooker_m1.yaml
2025-12-26 00:20:55,765 - INFO - Loading data from yaml/23-6400_single_kettle01_m1.yaml
2025-12-26 00:20:55,765 - INFO - Loading data from yaml/24-6400_single_microwaveoven_m1.yaml
2025-12-26 00:20:55,765 - INFO - ---------------------------数据读取---------------------------
2025-12-26 00:21:00,259 - INFO - 数据读取完成，总共用时4.49 秒
2025-12-26 00:21:00,260 - INFO - ---------------------------数据预处理---------------------------
2025-12-26 00:31:25,452 - INFO - 预处理完成，特征维度: (20372, 29)
2025-12-26 00:31:25,452 - INFO - ---------------------------开始训练传统机器学习模型---------------------------       
开始进行 5 次训练和测试...

第 1/5 次运行中... 完成
第 2/5 次运行中... 完成
第 3/5 次运行中... 完成
第 4/5 次运行中... 完成
D:\Python\anaconda3\envs\AFCI\lib\site-packages\sklearn\linear_model\_logistic.py:460: ConvergenceWarning: lbfgs failed to converge (status=1):
STOP: TOTAL NO. of ITERATIONS REACHED LIMIT.

Increase the number of iterations (max_iter) or scale the data as shown in:
    https://scikit-learn.org/stable/modules/preprocessing.html
Please also refer to the documentation for alternative solver options:
    https://scikit-learn.org/stable/modules/linear_model.html#logistic-regression
  n_iter_i = _check_optimize_result(
第 5/5 次运行中... 完成

====================================================================================================
五次测试结果汇总（均值 ± 标准差，百分比格式）
====================================================================================================

                     SVM Decision Tree Random Forest           KNN Logistic Regression   Naive Bayes Gradient Boosting
FPR         3.67 ± 0.55   4.96 ± 0.11   4.91 ± 0.36   4.63 ± 0.19         7.51 ± 0.74  99.65 ± 0.59       3.20 ± 0.39 
FNR        21.33 ± 0.72  19.87 ± 1.01  18.12 ± 1.06  18.27 ± 1.23        26.71 ± 1.57   1.11 ± 0.14      18.63 ± 0.69 
Precision  92.13 ± 1.08  89.80 ± 0.26  90.10 ± 0.61  90.58 ± 0.40        84.19 ± 1.35  35.10 ± 0.36      93.28 ± 0.74 
Recall     78.67 ± 0.72  80.13 ± 1.01  81.88 ± 1.06  81.73 ± 1.23        73.29 ± 1.57  98.89 ± 0.14      81.37 ± 0.69 
Accuracy   90.10 ± 0.47  89.78 ± 0.38  90.43 ± 0.34  90.56 ± 0.46        85.72 ± 0.77  35.11 ± 0.58      91.36 ± 0.31 
F1         84.87 ± 0.68  84.69 ± 0.66  85.79 ± 0.59  85.93 ± 0.77        78.35 ± 1.23  51.81 ± 0.40      86.91 ± 0.50 
F2         81.04 ± 0.66  81.89 ± 0.88  83.40 ± 0.87  83.36 ± 1.06        75.23 ± 1.42  72.53 ± 0.35      83.50 ± 0.59 
F0.5       89.08 ± 0.86  87.68 ± 0.41  88.33 ± 0.48  88.66 ± 0.49        81.75 ± 1.21  40.30 ± 0.38      90.62 ± 0.58 

====================================================================================================
详细数据（五次测试的具体数值）
====================================================================================================

SVM:
  FPR:
    五次结果: ['3.69', '2.79', '3.97', '3.65', '4.25']
    均值 ± 标准差: 3.67 ± 0.55
  FNR:
    五次结果: ['21.22', '21.63', '20.74', '20.65', '22.41']
    均值 ± 标准差: 21.33 ± 0.72
  Precision:
    五次结果: ['92.16', '93.78', '91.53', '92.29', '90.87']
    均值 ± 标准差: 92.13 ± 1.08
  Recall:
    五次结果: ['78.78', '78.37', '79.26', '79.35', '77.59']
    均值 ± 标准差: 78.67 ± 0.72
  Accuracy:
    五次结果: ['90.09', '90.63', '90.13', '90.31', '89.35']
    均值 ± 标准差: 90.10 ± 0.47
  F1:
    五次结果: ['84.95', '85.39', '84.96', '85.33', '83.71']
    均值 ± 标准差: 84.87 ± 0.68
  F2:
    五次结果: ['81.14', '81.03', '81.44', '81.64', '79.93']
    均值 ± 标准差: 81.04 ± 0.66
  F0.5:
    五次结果: ['89.13', '90.23', '88.78', '89.37', '87.86']
    均值 ± 标准差: 89.08 ± 0.86

Decision Tree:
  FPR:
    五次结果: ['5.10', '4.94', '4.84', '4.87', '5.04']
    均值 ± 标准差: 4.96 ± 0.11
  FNR:
    五次结果: ['19.35', '19.31', '20.18', '18.99', '21.50']
    均值 ± 标准差: 19.87 ± 1.01
  Precision:
    五次结果: ['89.70', '89.77', '89.93', '90.16', '89.45']
    均值 ± 标准差: 89.80 ± 0.26
  Recall:
    五次结果: ['80.65', '80.69', '79.82', '81.01', '78.50']
    均值 ± 标准差: 80.13 ± 1.01
  Accuracy:
    五次结果: ['89.84', '90.04', '89.77', '90.11', '89.15']
    均值 ± 标准差: 89.78 ± 0.38
  F1:
    五次结果: ['84.93', '84.99', '84.57', '85.34', '83.62']
    均值 ± 标准差: 84.69 ± 0.66
  F2:
    五次结果: ['82.31', '82.35', '81.65', '82.69', '80.47']
    均值 ± 标准差: 81.89 ± 0.88
  F0.5:
    五次结果: ['87.73', '87.79', '87.71', '88.17', '87.02']
    均值 ± 标准差: 87.68 ± 0.41

Random Forest:
  FPR:
    五次结果: ['4.49', '4.60', '5.18', '5.33', '4.93']
    均值 ± 标准差: 4.91 ± 0.36
  FNR:
    五次结果: ['17.97', '18.40', '17.46', '16.99', '19.76']
    均值 ± 标准差: 18.12 ± 1.06
  Precision:
    五次结果: ['90.96', '90.50', '89.61', '89.57', '89.87']
    均值 ± 标准差: 90.10 ± 0.61
  Recall:
    五次结果: ['82.03', '81.60', '82.54', '83.01', '80.24']
    均值 ± 标准差: 81.88 ± 1.06
  Accuracy:
    五次结果: ['90.72', '90.58', '90.50', '90.53', '89.84']
    均值 ± 标准差: 90.43 ± 0.34
  F1:
    五次结果: ['86.26', '85.82', '85.93', '86.16', '84.78']
    均值 ± 标准差: 85.79 ± 0.59
  F2:
    五次结果: ['83.67', '83.24', '83.87', '84.24', '81.99']
    均值 ± 标准差: 83.40 ± 0.87
  F0.5:
    五次结果: ['89.02', '88.57', '88.10', '88.17', '87.76']
    均值 ± 标准差: 88.33 ± 0.48

KNN:
  FPR:
    五次结果: ['4.64', '4.49', '4.96', '4.61', '4.47']
    均值 ± 标准差: 4.63 ± 0.19
  FNR:
    五次结果: ['17.76', '17.13', '18.78', '17.47', '20.18']
    均值 ± 标准差: 18.27 ± 1.23
  Precision:
    五次结果: ['90.70', '90.84', '89.88', '90.81', '90.67']
    均值 ± 标准差: 90.58 ± 0.40
  Recall:
    五次结果: ['82.24', '82.87', '81.22', '82.53', '79.82']
    均值 ± 标准差: 81.73 ± 1.23
  Accuracy:
    五次结果: ['90.70', '91.09', '90.18', '90.82', '89.99']
    均值 ± 标准差: 90.56 ± 0.46
  F1:
    五次结果: ['86.26', '86.67', '85.33', '86.47', '84.90']
    均值 ± 标准差: 85.93 ± 0.77
  F2:
    五次结果: ['83.80', '84.35', '82.81', '84.06', '81.78']
    均值 ± 标准差: 83.36 ± 1.06
  F0.5:
    五次结果: ['88.87', '89.12', '88.00', '89.02', '88.27']
    均值 ± 标准差: 88.66 ± 0.49

Logistic Regression:
  FPR:
    五次结果: ['7.23', '6.34', '8.13', '7.88', '7.96']
    均值 ± 标准差: 7.51 ± 0.74
  FNR:
    五次结果: ['25.36', '27.04', '26.12', '25.76', '29.30']
    均值 ± 标准差: 26.71 ± 1.57
  Precision:
    五次结果: ['85.04', '86.08', '83.11', '83.85', '82.87']
    均值 ± 标准差: 84.19 ± 1.35
  Recall:
    五次结果: ['74.64', '72.96', '73.88', '74.24', '70.70']
    均值 ± 标准差: 73.29 ± 1.57
  Accuracy:
    五次结果: ['86.33', '86.43', '85.55', '85.77', '84.52']
    均值 ± 标准差: 85.72 ± 0.77
  F1:
    五次结果: ['79.50', '78.98', '78.23', '78.75', '76.30']
    均值 ± 标准差: 78.35 ± 1.23
  F2:
    五次结果: ['76.51', '75.26', '75.56', '75.98', '72.84']
    均值 ± 标准差: 75.23 ± 1.42
  F0.5:
    五次结果: ['82.73', '83.09', '81.09', '81.74', '80.11']
    均值 ± 标准差: 81.75 ± 1.21

Naive Bayes:
  FPR:
    五次结果: ['99.96', '99.92', '99.85', '98.59', '99.92']
    均值 ± 标准差: 99.65 ± 0.59
  FNR:
    五次结果: ['0.97', '1.19', '1.05', '1.04', '1.32']
    均值 ± 标准差: 1.11 ± 0.14
  Precision:
    五次结果: ['35.30', '34.69', '34.94', '35.62', '34.98']
    均值 ± 标准差: 35.10 ± 0.36
  Recall:
    五次结果: ['99.03', '98.81', '98.95', '98.96', '98.68']
    均值 ± 标准差: 98.89 ± 0.14
  Accuracy:
    五次结果: ['35.19', '34.58', '34.87', '36.07', '34.85']
    均值 ± 标准差: 35.11 ± 0.58
  F1:
    五次结果: ['52.04', '51.35', '51.64', '52.39', '51.65']
    均值 ± 标准差: 51.81 ± 0.40
  F2:
    五次结果: ['72.76', '72.14', '72.41', '73.00', '72.33']
    均值 ± 标准差: 72.53 ± 0.35
  F0.5:
    五次结果: ['40.51', '39.86', '40.13', '40.85', '40.16']
    均值 ± 标准差: 40.30 ± 0.38

Gradient Boosting:
  FPR:
    五次结果: ['2.89', '2.68', '3.48', '3.50', '3.45']
    均值 ± 标准差: 3.20 ± 0.39
  FNR:
    五次结果: ['18.31', '19.03', '18.65', '17.68', '19.49']
    均值 ± 标准差: 18.63 ± 0.69
  Precision:
    五次结果: ['93.96', '94.20', '92.68', '92.83', '92.71']
    均值 ± 标准差: 93.28 ± 0.74
  Recall:
    五次结果: ['81.69', '80.97', '81.35', '82.32', '80.51']
    均值 ± 标准差: 81.37 ± 0.69
  Accuracy:
    五次结果: ['91.63', '91.61', '91.19', '91.46', '90.90']
    均值 ± 标准差: 91.36 ± 0.31
  F1:
    五次结果: ['87.39', '87.08', '86.65', '87.26', '86.18']
    均值 ± 标准差: 86.91 ± 0.50
  F2:
    五次结果: ['83.88', '83.31', '83.39', '84.23', '82.69']
    均值 ± 标准差: 83.50 ± 0.59
  F0.5:
    五次结果: ['91.22', '91.22', '90.17', '90.52', '89.98']
    均值 ± 标准差: 90.62 ± 0.58