2025-12-25 23:28:37,433 - INFO - ---------------------------数据集描述---------------------------
2025-12-25 23:28:37,433 - INFO - 训练数据集为LR-mix2
2025-12-25 23:28:37,433 - INFO - Loading data from yaml/16-6400_multi_electricoven-refrigerator_m3.yaml
2025-12-25 23:28:37,433 - INFO - Loading data from yaml/17-6400_multi_kettle02-airpurifier_m3.yaml
2025-12-25 23:28:37,433 - INFO - ---------------------------数据读取---------------------------
2025-12-25 23:28:38,435 - INFO - 数据读取完成，总共用时1.00 秒
2025-12-25 23:28:38,436 - INFO - ---------------------------数据预处理---------------------------
2025-12-25 23:34:18,317 - INFO - 预处理完成，特征维度: (6288, 29)
2025-12-25 23:34:18,317 - INFO - ---------------------------开始训练传统机器学习模型---------------------------
开始进行 5 次训练和测试...

第 1/5 次运行中... 完成
第 2/5 次运行中... 完成
第 3/5 次运行中... 完成
第 4/5 次运行中... 完成
第 5/5 次运行中... 完成

====================================================================================================
五次测试结果汇总（均值 ± 标准差，百分比格式）
====================================================================================================

                     SVM Decision Tree Random Forest           KNN Logistic Regression   Naive Bayes Gradient Boosting    
FPR         3.23 ± 0.98   5.43 ± 0.83   3.58 ± 0.46   2.84 ± 0.33         3.85 ± 0.61   3.00 ± 0.20       2.10 ± 0.71     
FNR        17.76 ± 1.32  12.93 ± 0.74  13.26 ± 0.79  17.35 ± 1.67        26.15 ± 1.35  59.81 ± 4.36      14.72 ± 1.37     
Precision  92.02 ± 2.35  87.90 ± 1.74  91.64 ± 1.00  92.92 ± 1.08        89.64 ± 1.71  85.70 ± 1.91      94.85 ± 1.67     
Recall     82.24 ± 1.32  87.07 ± 0.74  86.74 ± 0.79  82.65 ± 1.67        73.85 ± 1.35  40.19 ± 4.36      85.28 ± 1.37     
Accuracy   92.24 ± 0.85  92.23 ± 0.60  93.40 ± 0.60  92.62 ± 0.48        89.19 ± 0.74  79.30 ± 1.60      93.96 ± 0.61     
F1         86.84 ± 1.43  87.47 ± 0.75  89.12 ± 0.84  87.47 ± 0.63        80.98 ± 1.08  54.65 ± 4.46      89.79 ± 0.90     
F2         84.02 ± 1.26  87.22 ± 0.53  87.68 ± 0.79  84.51 ± 1.25        76.54 ± 1.19  44.94 ± 4.48      87.02 ± 1.09     
F0.5       89.87 ± 1.91  87.72 ± 1.32  90.62 ± 0.92  90.66 ± 0.58        85.96 ± 1.31  69.77 ± 3.69      92.76 ± 1.22     

====================================================================================================
详细数据（五次测试的具体数值）
====================================================================================================

SVM:
  FPR:
    五次结果: ['2.47', '4.06', '1.90', '4.02', '3.69']
    均值 ± 标准差: 3.23 ± 0.98
  FNR:
    五次结果: ['17.93', '19.44', '16.99', '16.02', '18.41']
    均值 ± 标准差: 17.76 ± 1.32
  Precision:
    五次结果: ['93.21', '90.11', '95.59', '90.28', '90.88']
    均值 ± 标准差: 92.02 ± 2.35
  Recall:
    五次结果: ['82.07', '80.56', '83.01', '83.98', '81.59']
    均值 ± 标准差: 82.24 ± 1.32
  Accuracy:
    五次结果: ['93.00', '91.10', '93.08', '92.29', '91.73']
    均值 ± 标准差: 92.24 ± 0.85
  F1:
    五次结果: ['87.28', '85.07', '88.86', '87.01', '85.98']
    均值 ± 标准差: 86.84 ± 1.43
  F2:
    五次结果: ['84.08', '82.30', '85.26', '85.17', '83.29']
    均值 ± 标准差: 84.02 ± 1.26
  F0.5:
    五次结果: ['90.75', '88.02', '92.78', '88.94', '88.86']
    均值 ± 标准差: 89.87 ± 1.91

Decision Tree:
  FPR:
    五次结果: ['4.83', '5.92', '4.52', '5.28', '6.57']
    均值 ± 标准差: 5.43 ± 0.83
  FNR:
    五次结果: ['11.96', '13.38', '13.88', '12.92', '12.53']
    均值 ± 标准差: 12.93 ± 0.74
  Precision:
    五次结果: ['88.28', '87.06', '90.45', '87.99', '85.71']
    均值 ± 标准差: 87.90 ± 1.74
  Recall:
    五次结果: ['88.04', '86.62', '86.12', '87.08', '87.47']
    均值 ± 标准差: 87.07 ± 0.74
  Accuracy:
    五次结果: ['93.08', '91.73', '92.37', '92.37', '91.57']
    均值 ± 标准差: 92.23 ± 0.60
  F1:
    五次结果: ['88.16', '86.84', '88.24', '87.53', '86.58']
    均值 ± 标准差: 87.47 ± 0.75
  F2:
    五次结果: ['88.09', '86.70', '86.96', '87.26', '87.11']
    均值 ± 标准差: 87.22 ± 0.53
  F0.5:
    五次结果: ['88.24', '86.97', '89.55', '87.81', '86.06']
    均值 ± 标准差: 87.72 ± 1.32

Random Forest:
  FPR:
    五次结果: ['2.92', '4.06', '3.33', '3.67', '3.92']
    均值 ± 标准差: 3.58 ± 0.46
  FNR:
    五次结果: ['12.50', '14.14', '12.92', '12.66', '14.07']
    均值 ± 标准差: 13.26 ± 0.79
  Precision:
    五次结果: ['92.53', '90.67', '92.86', '91.35', '90.81']
    均值 ± 标准差: 91.64 ± 1.00
  Recall:
    五次结果: ['87.50', '85.86', '87.08', '87.34', '85.93']
    均值 ± 标准差: 86.74 ± 0.79
  Accuracy:
    五次结果: ['94.28', '92.77', '93.48', '93.56', '92.93']
    均值 ± 标准差: 93.40 ± 0.60
  F1:
    五次结果: ['89.94', '88.20', '89.88', '89.30', '88.30']
    均值 ± 标准差: 89.12 ± 0.84
  F2:
    五次结果: ['88.46', '86.78', '88.18', '88.11', '86.87']
    均值 ± 标准差: 87.68 ± 0.79
  F0.5:
    五次结果: ['91.48', '89.66', '91.64', '90.52', '89.79']
    均值 ± 标准差: 90.62 ± 0.92

KNN:
  FPR:
    五次结果: ['3.26', '2.67', '2.38', '2.99', '2.88']
    均值 ± 标准差: 2.84 ± 0.33
  FNR:
    五次结果: ['14.40', '18.43', '18.18', '17.83', '17.90']
    均值 ± 标准差: 17.35 ± 1.67
  Precision:
    五次结果: ['91.57', '93.35', '94.48', '92.44', '92.77']
    均值 ± 标准差: 92.92 ± 1.08
  Recall:
    五次结果: ['85.60', '81.57', '81.82', '82.17', '82.10']
    均值 ± 标准差: 82.65 ± 1.67
  Accuracy:
    五次结果: ['93.48', '92.37', '92.37', '92.45', '92.45']
    均值 ± 标准差: 92.62 ± 0.48
  F1:
    五次结果: ['88.48', '87.06', '87.69', '87.00', '87.11']
    均值 ± 标准差: 87.47 ± 0.63
  F2:
    五次结果: ['86.73', '83.68', '84.07', '84.04', '84.03']
    均值 ± 标准差: 84.51 ± 1.25
  F0.5:
    五次结果: ['90.31', '90.73', '91.64', '90.19', '90.42']
    均值 ± 标准差: 90.66 ± 0.58

Logistic Regression:
  FPR:
    五次结果: ['3.71', '3.60', '3.21', '3.90', '4.84']
    均值 ± 标准差: 3.85 ± 0.61
  FNR:
    五次结果: ['23.91', '27.53', '26.08', '26.61', '26.60']
    均值 ± 标准差: 26.15 ± 1.35
  Precision:
    五次结果: ['89.46', '90.25', '91.96', '89.31', '87.23']
    均值 ± 标准差: 89.64 ± 1.71
  Recall:
    五次结果: ['76.09', '72.47', '73.92', '73.39', '73.40']
    均值 ± 标准差: 73.85 ± 1.35
  Accuracy:
    五次结果: ['90.38', '88.87', '89.19', '89.11', '88.39']
    均值 ± 标准差: 89.19 ± 0.74
  F1:
    五次结果: ['82.23', '80.39', '81.96', '80.57', '79.72']
    均值 ± 标准差: 80.98 ± 1.08
  F2:
    五次结果: ['78.43', '75.45', '76.94', '76.10', '75.81']
    均值 ± 标准差: 76.54 ± 1.19
  F0.5:
    五次结果: ['86.42', '86.03', '87.68', '85.59', '84.07']
    均值 ± 标准差: 85.96 ± 1.31

Naive Bayes:
  FPR:
    五次结果: ['2.70', '3.25', '2.98', '2.99', '3.11']
    均值 ± 标准差: 3.00 ± 0.20
  FNR:
    五次结果: ['56.25', '62.88', '56.22', '65.89', '57.80']
    均值 ± 标准差: 59.81 ± 4.36
  Precision:
    五次结果: ['87.03', '84.00', '87.98', '83.54', '85.94']
    均值 ± 标准差: 85.70 ± 1.91
  Recall:
    五次结果: ['43.75', '37.12', '43.78', '34.11', '42.20']
    均值 ± 标准差: 40.19 ± 4.36
  Accuracy:
    五次结果: ['81.64', '77.98', '79.33', '77.66', '79.89']
    均值 ± 标准差: 79.30 ± 1.60
  F1:
    五次结果: ['58.23', '51.49', '58.47', '48.44', '56.60']
    均值 ± 标准差: 54.65 ± 4.46
  F2:
    五次结果: ['48.58', '41.79', '48.67', '38.69', '46.98']
    均值 ± 标准差: 44.94 ± 4.48
  F0.5:
    五次结果: ['72.65', '67.06', '73.20', '64.77', '71.18']
    均值 ± 标准差: 69.77 ± 3.69

Gradient Boosting:
  FPR:
    五次结果: ['1.57', '1.86', '1.43', '2.53', '3.11']
    均值 ± 标准差: 2.10 ± 0.71
  FNR:
    五次结果: ['14.13', '16.67', '15.07', '12.92', '14.83']
    均值 ± 标准差: 14.72 ± 1.37
  Precision:
    五次结果: ['95.76', '95.38', '96.73', '93.87', '92.50']
    均值 ± 标准差: 94.85 ± 1.67
  Recall:
    五次结果: ['85.87', '83.33', '84.93', '87.08', '85.17']
    均值 ± 标准差: 85.28 ± 1.37
  Accuracy:
    五次结果: ['94.75', '93.48', '94.04', '94.28', '93.24']
    均值 ± 标准差: 93.96 ± 0.61
  F1:
    五次结果: ['90.54', '88.95', '90.45', '90.35', '88.68']
    均值 ± 标准差: 89.79 ± 0.90
  F2:
    五次结果: ['87.68', '85.49', '87.05', '88.36', '86.54']
    均值 ± 标准差: 87.02 ± 1.09
  F0.5:
    五次结果: ['93.60', '92.70', '94.11', '92.43', '90.93']
    均值 ± 标准差: 92.76 ± 1.22