2025-12-25 23:40:49,058 - INFO - ---------------------------数据集描述---------------------------
2025-12-25 23:40:49,058 - INFO - 训练数据集为LR-single
2025-12-25 23:40:49,058 - INFO - Loading data from yaml/18-6400_single_inductioncooker_m1.yaml
2025-12-25 23:40:49,058 - INFO - Loading data from yaml/19-6400_single_refrigerator_m1.yaml
2025-12-25 23:40:49,058 - INFO - Loading data from yaml/20-6400_single_kettle02_m1.yaml
2025-12-25 23:40:49,058 - INFO - Loading data from yaml/21-6400_single_electricoven_m1.yaml
2025-12-25 23:40:49,058 - INFO - Loading data from yaml/22-6400_single_ricecooker_m1.yaml
2025-12-25 23:40:49,058 - INFO - Loading data from yaml/23-6400_single_kettle01_m1.yaml
2025-12-25 23:40:49,059 - INFO - Loading data from yaml/24-6400_single_microwaveoven_m1.yaml
2025-12-25 23:40:49,059 - INFO - ---------------------------数据读取---------------------------
2025-12-25 23:40:54,263 - INFO - 数据读取完成，总共用时5.20 秒
2025-12-25 23:40:54,264 - INFO - ---------------------------数据预处理---------------------------
2025-12-25 23:47:32,140 - INFO - 预处理完成，特征维度: (14084, 29)
2025-12-25 23:47:32,140 - INFO - ---------------------------开始训练传统机器学习模型---------------------------
开始进行 5 次训练和测试...

第 1/5 次运行中... 完成
D:\Python\anaconda3\envs\AFCI\lib\site-packages\sklearn\linear_model\_logistic.py:460: ConvergenceWarning: lbfgs failed to converge (status=1):
STOP: TOTAL NO. of ITERATIONS REACHED LIMIT.

Increase the number of iterations (max_iter) or scale the data as shown in:
    https://scikit-learn.org/stable/modules/preprocessing.html
Please also refer to the documentation for alternative solver options:
    https://scikit-learn.org/stable/modules/linear_model.html#logistic-regression
  n_iter_i = _check_optimize_result(
第 2/5 次运行中... 完成
D:\Python\anaconda3\envs\AFCI\lib\site-packages\sklearn\linear_model\_logistic.py:460: ConvergenceWarning: lbfgs failed to converge (status=1):
STOP: TOTAL NO. of ITERATIONS REACHED LIMIT.

Increase the number of iterations (max_iter) or scale the data as shown in:
    https://scikit-learn.org/stable/modules/preprocessing.html
Please also refer to the documentation for alternative solver options:
    https://scikit-learn.org/stable/modules/linear_model.html#logistic-regression
  n_iter_i = _check_optimize_result(
第 3/5 次运行中... 完成
第 4/5 次运行中... 完成
第 5/5 次运行中... 完成

====================================================================================================      
五次测试结果汇总（均值 ± 标准差，百分比格式）
====================================================================================================      

                     SVM Decision Tree Random Forest  ... Logistic Regression    Naive Bayes Gradient Boosting
FPR         3.60 ± 1.12   4.85 ± 0.72   4.96 ± 0.67  ...         8.31 ± 0.80  80.45 ± 43.47       3.12 ± 0.47
FNR        21.18 ± 1.47  19.81 ± 1.11  17.74 ± 0.89  ...        26.99 ± 0.98  16.55 ± 33.54      18.12 ± 0.87
Precision  92.85 ± 2.00  90.70 ± 1.26  90.72 ± 1.10  ...        83.81 ± 1.31  46.15 ± 20.86      93.92 ± 0.88
Recall     78.82 ± 1.47  80.19 ± 1.11  82.26 ± 0.89  ...        73.01 ± 0.98  83.45 ± 33.54      81.88 ± 0.87
Accuracy   89.88 ± 0.60  89.61 ± 0.34  90.30 ± 0.24  ...        84.76 ± 0.39  43.37 ± 15.03      91.32 ± 0.27
F1         85.24 ± 0.76  85.11 ± 0.55  86.27 ± 0.29  ...        78.03 ± 0.46   50.20 ± 7.60      87.48 ± 0.42
F2         81.26 ± 1.09  82.09 ± 0.83  83.82 ± 0.59  ...        74.93 ± 0.71  64.48 ± 20.74      84.03 ± 0.67
F0.5       89.64 ± 1.31  88.37 ± 0.84  88.89 ± 0.68  ...        81.39 ± 0.84   44.71 ± 5.87      91.23 ± 0.56

[8 rows x 7 columns]

====================================================================================================      
详细数据（五次测试的具体数值）
====================================================================================================      

SVM:
  FPR:
    五次结果: ['3.45', '3.00', '5.44', '2.46', '3.63']
    均值 ± 标准差: 3.60 ± 1.12
  FNR:
    五次结果: ['20.34', '22.79', '19.26', '21.03', '22.49']
    均值 ± 标准差: 21.18 ± 1.47
  Precision:
    五次结果: ['93.18', '93.88', '89.58', '94.88', '92.74']
    均值 ± 标准差: 92.85 ± 2.00
  Recall:
    五次结果: ['79.66', '77.21', '80.74', '78.97', '77.51']
    均值 ± 标准差: 78.82 ± 1.47
  Accuracy:
    五次结果: ['90.27', '89.60', '89.49', '90.73', '89.31']
    均值 ± 标准差: 89.88 ± 0.60
  F1:
    五次结果: ['85.89', '84.73', '84.93', '86.20', '84.44']
    均值 ± 标准差: 85.24 ± 0.76
  F2:
    五次结果: ['82.04', '80.05', '82.36', '81.71', '80.15']
    均值 ± 标准差: 81.26 ± 1.09
  F0.5:
    五次结果: ['90.12', '89.99', '87.66', '91.20', '89.23']
    均值 ± 标准差: 89.64 ± 1.31

Decision Tree:
  FPR:
    五次结果: ['4.75', '4.48', '6.11', '4.59', '4.31']
    均值 ± 标准差: 4.85 ± 0.72
  FNR:
    五次结果: ['18.62', '19.85', '18.78', '20.64', '21.16']
    均值 ± 标准差: 19.81 ± 1.11
  Precision:
    五次结果: ['91.03', '91.44', '88.50', '90.90', '91.62']
    均值 ± 标准差: 90.70 ± 1.26
  Recall:
    五次结果: ['81.38', '80.15', '81.22', '79.36', '78.84']
    均值 ± 标准差: 80.19 ± 1.11
  Accuracy:
    五次结果: ['90.10', '89.78', '89.24', '89.53', '89.39']
    均值 ± 标准差: 89.61 ± 0.34
  F1:
    五次结果: ['85.93', '85.43', '84.70', '84.74', '84.75']
    均值 ± 标准差: 85.11 ± 0.55
  F2:
    五次结果: ['83.14', '82.18', '82.58', '81.43', '81.10']
    均值 ± 标准差: 82.09 ± 0.83
  F0.5:
    五次结果: ['88.92', '88.94', '86.94', '88.33', '88.74']
    均值 ± 标准差: 88.37 ± 0.84

Random Forest:
  FPR:
    五次结果: ['5.54', '4.20', '5.72', '4.43', '4.93']
    均值 ± 标准差: 4.96 ± 0.67
  FNR:
    五次结果: ['17.19', '18.14', '16.46', '18.41', '18.50']
    均值 ± 标准差: 17.74 ± 0.89
  Precision:
    五次结果: ['89.84', '92.09', '89.43', '91.42', '90.80']
    均值 ± 标准差: 90.72 ± 1.10
  Recall:
    五次结果: ['82.81', '81.86', '83.54', '81.59', '81.50']
    均值 ± 标准差: 82.26 ± 0.89
  Accuracy:
    五次结果: ['90.13', '90.59', '90.34', '90.45', '89.99']
    均值 ± 标准差: 90.30 ± 0.24
  F1:
    五次结果: ['86.18', '86.68', '86.39', '86.23', '85.90']
    均值 ± 标准差: 86.27 ± 0.29
  F2:
    五次结果: ['84.13', '83.72', '84.66', '83.38', '83.20']
    均值 ± 标准差: 83.82 ± 0.59
  F0.5:
    五次结果: ['88.34', '89.85', '88.19', '89.27', '88.78']
    均值 ± 标准差: 88.89 ± 0.68

KNN:
  FPR:
    五次结果: ['4.97', '3.34', '4.88', '4.31', '4.65']
    均值 ± 标准差: 4.43 ± 0.66
  FNR:
    五次结果: ['16.81', '18.99', '17.13', '18.70', '17.84']
    均值 ± 标准差: 17.90 ± 0.95
  Precision:
    五次结果: ['90.82', '93.53', '90.77', '91.59', '91.35']
    均值 ± 标准差: 91.61 ± 1.13
  Recall:
    五次结果: ['83.19', '81.01', '82.87', '81.30', '82.16']
    均值 ± 标准差: 82.10 ± 0.95
  Accuracy:
    五次结果: ['90.63', '90.81', '90.63', '90.42', '90.42']
    均值 ± 标准差: 90.58 ± 0.17
  F1:
    五次结果: ['86.84', '86.82', '86.64', '86.14', '86.51']
    均值 ± 标准差: 86.59 ± 0.29
  F2:
    五次结果: ['84.61', '83.24', '84.33', '83.17', '83.85']
    均值 ± 标准差: 83.84 ± 0.64
  F0.5:
    五次结果: ['89.19', '90.73', '89.07', '89.33', '89.35']
    均值 ± 标准差: 89.53 ± 0.68

Logistic Regression:
  FPR:
    五次结果: ['8.53', '7.03', '9.14', '8.12', '8.74']
    均值 ± 标准差: 8.31 ± 0.80
  FNR:
    五次结果: ['26.07', '28.49', '26.62', '26.36', '27.42']
    均值 ± 标准差: 26.99 ± 0.98
  Precision:
    五次结果: ['83.68', '85.86', '82.30', '83.98', '83.24']
    均值 ± 标准差: 83.81 ± 1.31
  Recall:
    五次结果: ['73.93', '71.51', '73.38', '73.64', '72.58']
    均值 ± 标准差: 73.01 ± 0.98
  Accuracy:
    五次结果: ['84.95', '84.95', '84.45', '85.20', '84.27']
    均值 ± 标准差: 84.76 ± 0.39
  F1:
    五次结果: ['78.50', '78.03', '77.58', '78.47', '77.55']
    均值 ± 标准差: 78.03 ± 0.46
  F2:
    五次结果: ['75.69', '73.98', '75.00', '75.50', '74.49']
    均值 ± 标准差: 74.93 ± 0.71
  F0.5:
    五次结果: ['81.53', '82.55', '80.35', '81.69', '80.87']
    均值 ± 标准差: 81.39 ± 0.84

Naive Bayes:
  FPR:
    五次结果: ['100.00', '100.00', '100.00', '2.69', '99.55']
    均值 ± 标准差: 80.45 ± 43.47
  FNR:
    五次结果: ['1.81', '1.61', '1.55', '76.55', '1.23']
    均值 ± 标准差: 16.55 ± 33.54
  Precision:
    五次结果: ['36.74', '37.00', '36.31', '83.45', '37.23']
    均值 ± 标准差: 46.15 ± 20.86
  Recall:
    五次结果: ['98.19', '98.39', '98.45', '23.45', '98.77']
    均值 ± 标准差: 83.45 ± 33.54
  Accuracy:
    五次结果: ['36.49', '36.78', '36.10', '70.25', '37.24']
    均值 ± 标准差: 43.37 ± 15.03
  F1:
    五次结果: ['53.47', '53.78', '53.05', '36.61', '54.08']
    均值 ± 标准差: 50.20 ± 7.60
  F2:
    五次结果: ['73.58', '73.87', '73.34', '27.39', '74.23']
    均值 ± 标准差: 64.48 ± 20.74
  F0.5:
    五次结果: ['42.00', '42.28', '41.55', '55.20', '42.53']
    均值 ± 标准差: 44.71 ± 5.87

Gradient Boosting:
  FPR:
    五次结果: ['3.22', '2.38', '3.64', '3.03', '3.35']
    均值 ± 标准差: 3.12 ± 0.47
  FNR:
    五次结果: ['16.91', '18.99', '17.52', '18.60', '18.60']
    均值 ± 标准差: 18.12 ± 0.87
  Precision:
    五次结果: ['93.85', '95.31', '92.91', '93.96', '93.57']
    均值 ± 标准差: 93.92 ± 0.88
  Recall:
    五次结果: ['83.09', '81.01', '82.48', '81.40', '81.40']
    均值 ± 标准差: 81.88 ± 0.87
  Accuracy:
    五次结果: ['91.69', '91.41', '91.27', '91.27', '90.95']
    均值 ± 标准差: 91.32 ± 0.27
  F1:
    五次结果: ['88.15', '87.58', '87.38', '87.23', '87.06']
    均值 ± 标准差: 87.48 ± 0.42
  F2:
    五次结果: ['85.04', '83.51', '84.37', '83.63', '83.58']
    均值 ± 标准差: 84.03 ± 0.67
  F0.5:
    五次结果: ['91.48', '92.06', '90.62', '91.15', '90.85']
    均值 ± 标准差: 91.23 ± 0.56