2025-06-09 22:53:29,457 - INFO - ---------------------------数据集描述---------------------------
2025-06-09 22:53:29,457 - INFO - 训练数据集为HR-all
2025-06-09 22:53:29,457 - INFO - Loading data from yaml/00-10000_multi_airconditioner02-refrigerator_m2.yaml
2025-06-09 22:53:29,457 - INFO - Loading data from yaml/01-10000_multi_kettle01-microwaveoven_m2.yaml
2025-06-09 22:53:29,457 - INFO - Loading data from yaml/02-10000_multi_refrigerator-airconditioner_m2.yaml
2025-06-09 22:53:29,457 - INFO - Loading data from yaml/03-10000_multi_ricecooker-electricoven_m2.yaml
2025-06-09 22:53:29,457 - INFO - Loading data from yaml/04-10000_multi_inductioncooker-airpurifier_m2.yaml
2025-06-09 22:53:29,457 - INFO - Loading data from yaml/05-10000_multi_airpurifier-airconditioner03_m2.yaml
2025-06-09 22:53:29,457 - INFO - Loading data from yaml/06-10000_multi_microwaveoven-waterheater_m2.yaml
2025-06-09 22:53:29,457 - INFO - Loading data from yaml/07-10000_multi_electricoven-washingmachine_m2.yaml
2025-06-09 22:53:29,457 - INFO - Loading data from yaml/08-10000_multi_airconditioner01-inductioncooker_m2.yaml
2025-06-09 22:53:29,457 - INFO - Loading data from yaml/09-10000_single_inductioncooker_m1.yaml
2025-06-09 22:53:29,457 - INFO - Loading data from yaml/10-10000_single_refrigerator_m1.yaml
2025-06-09 22:53:29,457 - INFO - Loading data from yaml/11-10000_single_electricoven_m1.yaml
2025-06-09 22:53:29,457 - INFO - Loading data from yaml/12-10000_single_ricecooker_m1.yaml
2025-06-09 22:53:29,457 - INFO - Loading data from yaml/13-10000_single_kettle01_m1.yaml
2025-06-09 22:53:29,457 - INFO - Loading data from yaml/14-10000_single_microwaveoven_m1.yaml
2025-06-09 22:53:35,383 - INFO - 数据读取完成，总共用时5.93 秒
2025-06-09 22:53:35,383 - INFO - 使用 cuda 训练模型
2025-06-09 22:53:35,887 - INFO - 使用 10000 的数据集, 窗口大小为 1000
2025-06-09 22:53:35,887 - INFO - ---------------------------超参数设置---------------------------
2025-06-09 22:53:35,887 - INFO - data_type: HR-all
2025-06-09 22:53:35,887 - INFO - data_path: /root/AFCI/Datasets/
2025-06-09 22:53:35,887 - INFO - model: AE
2025-06-09 22:53:35,887 - INFO - window_size: 1000
2025-06-09 22:53:35,887 - INFO - epochs: 100
2025-06-09 22:53:35,887 - INFO - batch_size: 128
2025-06-09 22:53:35,887 - INFO - lr: 0.0005
2025-06-09 22:53:35,887 - INFO - optimizer: Adam
2025-06-09 22:53:35,887 - INFO - momentum: 0.9
2025-06-09 22:53:35,887 - INFO - device: cuda
2025-06-09 22:53:35,887 - INFO - log_interval: 1
2025-06-09 22:53:35,887 - INFO - save_interval: 1
2025-06-09 22:53:35,887 - INFO - save_path: /root/AFCI/checkpoints
2025-06-09 22:53:35,887 - INFO - ---------------------------模型结构---------------------------
2025-06-09 22:53:35,887 - INFO - 模型参数量为：65674585
2025-06-09 22:53:35,887 - INFO - AE(
  (conv1): Conv1d(1, 8, kernel_size=(4,), stride=(1,))
  (fc1): Linear(in_features=7976, out_features=7976, bias=True)
  (fc2): Linear(in_features=7976, out_features=128, bias=True)
  (fc3): Linear(in_features=128, out_features=7976, bias=True)
  (pad): ConstantPad1d(padding=(3, 2), value=0)
  (conv2): Conv1d(8, 1, kernel_size=(4,), stride=(1,))
  (relu): ReLU()
)
2025-06-09 22:53:37,300 - INFO - ---------------------------开始模型训练---------------------------
2025-06-09 22:53:39,916 - INFO - Epoch [1/100], Loss: 0.8827, F1: 0.0117, Accuracy: 0.7521, Recall: 0.0059, Precision: 1.0000, FPR: 0.0000, FNR: 0.9941
2025-06-09 22:53:42,133 - INFO - Epoch [2/100], Loss: 0.5559, F1: 0.3375, Accuracy: 0.7023, Recall: 0.3040, Precision: 0.3792, FPR: 0.1654, FNR: 0.6960
2025-06-09 22:53:44,359 - INFO - Epoch [3/100], Loss: 0.5422, F1: 0.1536, Accuracy: 0.7631, Recall: 0.0862, Precision: 0.7053, FPR: 0.0120, FNR: 0.9138
2025-06-09 22:53:46,589 - INFO - Epoch [4/100], Loss: 0.5196, F1: 0.2885, Accuracy: 0.7407, Recall: 0.2107, Precision: 0.4571, FPR: 0.0832, FNR: 0.7893
2025-06-09 22:53:48,820 - INFO - Epoch [5/100], Loss: 0.5056, F1: 0.2618, Accuracy: 0.7725, Recall: 0.1617, Precision: 0.6867, FPR: 0.0245, FNR: 0.8383
2025-06-09 22:53:51,045 - INFO - Epoch [6/100], Loss: 0.4833, F1: 0.3767, Accuracy: 0.7808, Recall: 0.2656, Precision: 0.6475, FPR: 0.0481, FNR: 0.7344
2025-06-09 22:53:53,284 - INFO - Epoch [7/100], Loss: 0.4720, F1: 0.4240, Accuracy: 0.7784, Recall: 0.3270, Precision: 0.6028, FPR: 0.0716, FNR: 0.6730
2025-06-09 22:53:55,519 - INFO - Epoch [8/100], Loss: 0.4490, F1: 0.4519, Accuracy: 0.8004, Recall: 0.3300, Precision: 0.7167, FPR: 0.0434, FNR: 0.6700
2025-06-09 22:53:57,749 - INFO - Epoch [9/100], Loss: 0.4275, F1: 0.4655, Accuracy: 0.8052, Recall: 0.3400, Precision: 0.7375, FPR: 0.0402, FNR: 0.6600
2025-06-09 22:53:59,979 - INFO - Epoch [10/100], Loss: 0.4187, F1: 0.5256, Accuracy: 0.8174, Recall: 0.4055, Precision: 0.7467, FPR: 0.0457, FNR: 0.5945
2025-06-09 22:54:02,221 - INFO - Epoch [11/100], Loss: 0.4021, F1: 0.5748, Accuracy: 0.8079, Recall: 0.5207, Precision: 0.6415, FPR: 0.0967, FNR: 0.4793
2025-06-09 22:54:04,455 - INFO - Epoch [12/100], Loss: 0.3893, F1: 0.5735, Accuracy: 0.8292, Recall: 0.4604, Precision: 0.7602, FPR: 0.0483, FNR: 0.5396
2025-06-09 22:54:06,684 - INFO - Epoch [13/100], Loss: 0.3765, F1: 0.4925, Accuracy: 0.8158, Recall: 0.3583, Precision: 0.7873, FPR: 0.0322, FNR: 0.6417
2025-06-09 22:54:08,918 - INFO - Epoch [14/100], Loss: 0.3694, F1: 0.5264, Accuracy: 0.8294, Recall: 0.3802, Precision: 0.8552, FPR: 0.0214, FNR: 0.6198
2025-06-09 22:54:11,152 - INFO - Epoch [15/100], Loss: 0.3576, F1: 0.6040, Accuracy: 0.8102, Recall: 0.5803, Precision: 0.6297, FPR: 0.1134, FNR: 0.4197
2025-06-09 22:54:13,381 - INFO - Epoch [16/100], Loss: 0.3541, F1: 0.5499, Accuracy: 0.8339, Recall: 0.4067, Precision: 0.8485, FPR: 0.0241, FNR: 0.5933
2025-06-09 22:54:15,614 - INFO - Epoch [17/100], Loss: 0.3403, F1: 0.6253, Accuracy: 0.8470, Recall: 0.5118, Precision: 0.8035, FPR: 0.0416, FNR: 0.4882
2025-06-09 22:54:17,869 - INFO - Epoch [18/100], Loss: 0.3247, F1: 0.5968, Accuracy: 0.8414, Recall: 0.4705, Precision: 0.8158, FPR: 0.0353, FNR: 0.5295
2025-06-09 22:54:20,101 - INFO - Epoch [19/100], Loss: 0.3210, F1: 0.6744, Accuracy: 0.8598, Recall: 0.5821, Precision: 0.8016, FPR: 0.0479, FNR: 0.4179
2025-06-09 22:54:22,331 - INFO - Epoch [20/100], Loss: 0.3081, F1: 0.5830, Accuracy: 0.8494, Recall: 0.4221, Precision: 0.9420, FPR: 0.0086, FNR: 0.5779
2025-06-09 22:54:24,556 - INFO - Epoch [21/100], Loss: 0.2938, F1: 0.7018, Accuracy: 0.8666, Recall: 0.6293, Precision: 0.7932, FPR: 0.0545, FNR: 0.3707
2025-06-09 22:54:26,783 - INFO - Epoch [22/100], Loss: 0.2861, F1: 0.5517, Accuracy: 0.8354, Recall: 0.4061, Precision: 0.8600, FPR: 0.0220, FNR: 0.5939
2025-06-09 22:54:29,026 - INFO - Epoch [23/100], Loss: 0.2872, F1: 0.7093, Accuracy: 0.8768, Recall: 0.6027, Precision: 0.8616, FPR: 0.0322, FNR: 0.3973
2025-06-09 22:54:31,280 - INFO - Epoch [24/100], Loss: 0.2685, F1: 0.6880, Accuracy: 0.8623, Recall: 0.6086, Precision: 0.7913, FPR: 0.0534, FNR: 0.3914
2025-06-09 22:54:33,520 - INFO - Epoch [25/100], Loss: 0.2577, F1: 0.7287, Accuracy: 0.8793, Recall: 0.6499, Precision: 0.8291, FPR: 0.0445, FNR: 0.3501
2025-06-09 22:54:35,766 - INFO - Epoch [26/100], Loss: 0.2509, F1: 0.7336, Accuracy: 0.8781, Recall: 0.6730, Precision: 0.8062, FPR: 0.0537, FNR: 0.3270
2025-06-09 22:54:38,013 - INFO - Epoch [27/100], Loss: 0.2435, F1: 0.7647, Accuracy: 0.8925, Recall: 0.7001, Precision: 0.8423, FPR: 0.0435, FNR: 0.2999
2025-06-09 22:54:40,253 - INFO - Epoch [28/100], Loss: 0.2332, F1: 0.7684, Accuracy: 0.8959, Recall: 0.6924, Precision: 0.8631, FPR: 0.0365, FNR: 0.3076
2025-06-09 22:54:42,489 - INFO - Epoch [29/100], Loss: 0.2204, F1: 0.7462, Accuracy: 0.8834, Recall: 0.6871, Precision: 0.8163, FPR: 0.0514, FNR: 0.3129
2025-06-09 22:54:44,725 - INFO - Epoch [30/100], Loss: 0.2094, F1: 0.7591, Accuracy: 0.8966, Recall: 0.6529, Precision: 0.9066, FPR: 0.0224, FNR: 0.3471
2025-06-09 22:54:46,987 - INFO - Epoch [31/100], Loss: 0.2059, F1: 0.7849, Accuracy: 0.9011, Recall: 0.7237, Precision: 0.8573, FPR: 0.0400, FNR: 0.2763
2025-06-09 22:54:49,236 - INFO - Epoch [32/100], Loss: 0.1927, F1: 0.7689, Accuracy: 0.8990, Recall: 0.6736, Precision: 0.8956, FPR: 0.0261, FNR: 0.3264
2025-06-09 22:54:51,476 - INFO - Epoch [33/100], Loss: 0.1872, F1: 0.7968, Accuracy: 0.9030, Recall: 0.7627, Precision: 0.8341, FPR: 0.0504, FNR: 0.2373
2025-06-09 22:54:53,717 - INFO - Epoch [34/100], Loss: 0.1714, F1: 0.8063, Accuracy: 0.9080, Recall: 0.7680, Precision: 0.8487, FPR: 0.0455, FNR: 0.2320
2025-06-09 22:54:55,958 - INFO - Epoch [35/100], Loss: 0.1643, F1: 0.8108, Accuracy: 0.9081, Recall: 0.7893, Precision: 0.8335, FPR: 0.0524, FNR: 0.2107
2025-06-09 22:54:58,198 - INFO - Epoch [36/100], Loss: 0.1520, F1: 0.8136, Accuracy: 0.9089, Recall: 0.7975, Precision: 0.8304, FPR: 0.0541, FNR: 0.2025
2025-06-09 22:55:00,450 - INFO - Epoch [37/100], Loss: 0.1557, F1: 0.7960, Accuracy: 0.9058, Recall: 0.7373, Precision: 0.8650, FPR: 0.0383, FNR: 0.2627
2025-06-09 22:55:02,695 - INFO - Epoch [38/100], Loss: 0.1496, F1: 0.8146, Accuracy: 0.9142, Recall: 0.7562, Precision: 0.8828, FPR: 0.0333, FNR: 0.2438
2025-06-09 22:55:04,949 - INFO - Epoch [39/100], Loss: 0.1319, F1: 0.8047, Accuracy: 0.9149, Recall: 0.7031, Precision: 0.9408, FPR: 0.0147, FNR: 0.2969
2025-06-09 22:55:07,203 - INFO - Epoch [40/100], Loss: 0.1332, F1: 0.8058, Accuracy: 0.9099, Recall: 0.7497, Precision: 0.8711, FPR: 0.0369, FNR: 0.2503
2025-06-09 22:55:09,455 - INFO - Epoch [41/100], Loss: 0.1318, F1: 0.8220, Accuracy: 0.9152, Recall: 0.7851, Precision: 0.8625, FPR: 0.0416, FNR: 0.2149
2025-06-09 22:55:11,694 - INFO - Epoch [42/100], Loss: 0.1157, F1: 0.8385, Accuracy: 0.9217, Recall: 0.8152, Precision: 0.8631, FPR: 0.0430, FNR: 0.1848
2025-06-09 22:55:13,932 - INFO - Epoch [43/100], Loss: 0.1183, F1: 0.8326, Accuracy: 0.9230, Recall: 0.7680, Precision: 0.9092, FPR: 0.0255, FNR: 0.2320
2025-06-09 22:55:16,168 - INFO - Epoch [44/100], Loss: 0.1104, F1: 0.8355, Accuracy: 0.9236, Recall: 0.7780, Precision: 0.9021, FPR: 0.0281, FNR: 0.2220
2025-06-09 22:55:18,401 - INFO - Epoch [45/100], Loss: 0.0997, F1: 0.8103, Accuracy: 0.9176, Recall: 0.7060, Precision: 0.9507, FPR: 0.0122, FNR: 0.2940
2025-06-09 22:55:20,640 - INFO - Epoch [46/100], Loss: 0.1031, F1: 0.8344, Accuracy: 0.9211, Recall: 0.7969, Precision: 0.8755, FPR: 0.0377, FNR: 0.2031
2025-06-09 22:55:22,885 - INFO - Epoch [47/100], Loss: 0.1006, F1: 0.8310, Accuracy: 0.9206, Recall: 0.7822, Precision: 0.8863, FPR: 0.0333, FNR: 0.2178
2025-06-09 22:55:25,144 - INFO - Epoch [48/100], Loss: 0.0995, F1: 0.8321, Accuracy: 0.9202, Recall: 0.7928, Precision: 0.8755, FPR: 0.0375, FNR: 0.2072
2025-06-09 22:55:27,393 - INFO - Epoch [49/100], Loss: 0.0906, F1: 0.8545, Accuracy: 0.9323, Recall: 0.7975, Precision: 0.9203, FPR: 0.0230, FNR: 0.2025
2025-06-09 22:55:29,653 - INFO - Epoch [50/100], Loss: 0.0805, F1: 0.8289, Accuracy: 0.9226, Recall: 0.7521, Precision: 0.9232, FPR: 0.0208, FNR: 0.2479
2025-06-09 22:55:31,909 - INFO - Epoch [51/100], Loss: 0.0857, F1: 0.8478, Accuracy: 0.9284, Recall: 0.7993, Precision: 0.9027, FPR: 0.0286, FNR: 0.2007
2025-06-09 22:55:34,152 - INFO - Epoch [52/100], Loss: 0.0831, F1: 0.8399, Accuracy: 0.9256, Recall: 0.7822, Precision: 0.9069, FPR: 0.0267, FNR: 0.2178
2025-06-09 22:55:36,411 - INFO - Epoch [53/100], Loss: 0.0838, F1: 0.8179, Accuracy: 0.9092, Recall: 0.8182, Precision: 0.8177, FPR: 0.0606, FNR: 0.1818
2025-06-09 22:55:38,666 - INFO - Epoch [54/100], Loss: 0.0769, F1: 0.8317, Accuracy: 0.9231, Recall: 0.7615, Precision: 0.9162, FPR: 0.0231, FNR: 0.2385
2025-06-09 22:55:40,920 - INFO - Epoch [55/100], Loss: 0.0741, F1: 0.8423, Accuracy: 0.9273, Recall: 0.7786, Precision: 0.9172, FPR: 0.0233, FNR: 0.2214
2025-06-09 22:55:43,170 - INFO - Epoch [56/100], Loss: 0.0637, F1: 0.8401, Accuracy: 0.9239, Recall: 0.8017, Precision: 0.8824, FPR: 0.0355, FNR: 0.1983
2025-06-09 22:55:45,420 - INFO - Epoch [57/100], Loss: 0.0699, F1: 0.8321, Accuracy: 0.9251, Recall: 0.7444, Precision: 0.9432, FPR: 0.0149, FNR: 0.2556
2025-06-09 22:55:47,675 - INFO - Epoch [58/100], Loss: 0.0700, F1: 0.8382, Accuracy: 0.9258, Recall: 0.7704, Precision: 0.9190, FPR: 0.0226, FNR: 0.2296
2025-06-09 22:55:49,922 - INFO - Epoch [59/100], Loss: 0.0644, F1: 0.8289, Accuracy: 0.9209, Recall: 0.7680, Precision: 0.9003, FPR: 0.0282, FNR: 0.2320
2025-06-09 22:55:52,176 - INFO - Epoch [60/100], Loss: 0.0707, F1: 0.8270, Accuracy: 0.9167, Recall: 0.7987, Precision: 0.8574, FPR: 0.0441, FNR: 0.2013
2025-06-09 22:55:54,433 - INFO - Epoch [61/100], Loss: 0.0652, F1: 0.8364, Accuracy: 0.9231, Recall: 0.7875, Precision: 0.8917, FPR: 0.0318, FNR: 0.2125
2025-06-09 22:55:56,684 - INFO - Epoch [62/100], Loss: 0.0548, F1: 0.8434, Accuracy: 0.9279, Recall: 0.7786, Precision: 0.9198, FPR: 0.0226, FNR: 0.2214
2025-06-09 22:55:58,938 - INFO - Epoch [63/100], Loss: 0.0532, F1: 0.8513, Accuracy: 0.9308, Recall: 0.7940, Precision: 0.9175, FPR: 0.0237, FNR: 0.2060
2025-06-09 22:56:01,196 - INFO - Epoch [64/100], Loss: 0.0490, F1: 0.8529, Accuracy: 0.9309, Recall: 0.8028, Precision: 0.9097, FPR: 0.0265, FNR: 0.1972
2025-06-09 22:56:03,449 - INFO - Epoch [65/100], Loss: 0.0466, F1: 0.8298, Accuracy: 0.9209, Recall: 0.7727, Precision: 0.8960, FPR: 0.0298, FNR: 0.2273
2025-06-09 22:56:05,695 - INFO - Epoch [66/100], Loss: 0.0474, F1: 0.8481, Accuracy: 0.9289, Recall: 0.7957, Precision: 0.9077, FPR: 0.0269, FNR: 0.2043
2025-06-09 22:56:07,944 - INFO - Epoch [67/100], Loss: 0.0569, F1: 0.8475, Accuracy: 0.9283, Recall: 0.7987, Precision: 0.9026, FPR: 0.0286, FNR: 0.2013
2025-06-09 22:56:10,190 - INFO - Epoch [68/100], Loss: 0.0373, F1: 0.8488, Accuracy: 0.9268, Recall: 0.8235, Precision: 0.8757, FPR: 0.0388, FNR: 0.1765
2025-06-09 22:56:12,446 - INFO - Epoch [69/100], Loss: 0.0499, F1: 0.8282, Accuracy: 0.9184, Recall: 0.7881, Precision: 0.8725, FPR: 0.0383, FNR: 0.2119
2025-06-09 22:56:14,713 - INFO - Epoch [70/100], Loss: 0.0414, F1: 0.8494, Accuracy: 0.9298, Recall: 0.7940, Precision: 0.9131, FPR: 0.0251, FNR: 0.2060
2025-06-09 22:56:16,966 - INFO - Epoch [71/100], Loss: 0.0301, F1: 0.8458, Accuracy: 0.9268, Recall: 0.8046, Precision: 0.8914, FPR: 0.0326, FNR: 0.1954
2025-06-09 22:56:19,216 - INFO - Epoch [72/100], Loss: 0.0650, F1: 0.8287, Accuracy: 0.9187, Recall: 0.7881, Precision: 0.8737, FPR: 0.0379, FNR: 0.2119
2025-06-09 22:56:21,474 - INFO - Epoch [73/100], Loss: 0.0494, F1: 0.8361, Accuracy: 0.9224, Recall: 0.7934, Precision: 0.8836, FPR: 0.0347, FNR: 0.2066
2025-06-09 22:56:23,744 - INFO - Epoch [74/100], Loss: 0.0272, F1: 0.8434, Accuracy: 0.9289, Recall: 0.7680, Precision: 0.9353, FPR: 0.0177, FNR: 0.2320
2025-06-09 22:56:26,000 - INFO - Epoch [75/100], Loss: 0.0292, F1: 0.8278, Accuracy: 0.9233, Recall: 0.7391, Precision: 0.9406, FPR: 0.0155, FNR: 0.2609
2025-06-09 22:56:28,319 - INFO - Epoch [76/100], Loss: 0.0387, F1: 0.8505, Accuracy: 0.9292, Recall: 0.8076, Precision: 0.8982, FPR: 0.0304, FNR: 0.1924
2025-06-09 22:56:30,710 - INFO - Epoch [77/100], Loss: 0.0369, F1: 0.8366, Accuracy: 0.9221, Recall: 0.7993, Precision: 0.8775, FPR: 0.0371, FNR: 0.2007
2025-06-09 22:56:33,071 - INFO - Epoch [78/100], Loss: 0.0289, F1: 0.8514, Accuracy: 0.9295, Recall: 0.8099, Precision: 0.8973, FPR: 0.0308, FNR: 0.1901
2025-06-09 22:56:35,435 - INFO - Epoch [79/100], Loss: 0.0561, F1: 0.8482, Accuracy: 0.9292, Recall: 0.7934, Precision: 0.9112, FPR: 0.0257, FNR: 0.2066
2025-06-09 22:56:37,761 - INFO - Epoch [80/100], Loss: 0.0304, F1: 0.8541, Accuracy: 0.9301, Recall: 0.8205, Precision: 0.8905, FPR: 0.0335, FNR: 0.1795
2025-06-09 22:56:40,073 - INFO - Epoch [81/100], Loss: 0.0200, F1: 0.8424, Accuracy: 0.9280, Recall: 0.7715, Precision: 0.9276, FPR: 0.0200, FNR: 0.2285
2025-06-09 22:56:42,421 - INFO - Epoch [82/100], Loss: 0.0174, F1: 0.8089, Accuracy: 0.9167, Recall: 0.7072, Precision: 0.9448, FPR: 0.0137, FNR: 0.2928
2025-06-09 22:56:44,731 - INFO - Epoch [83/100], Loss: 0.0331, F1: 0.8513, Accuracy: 0.9305, Recall: 0.7975, Precision: 0.9128, FPR: 0.0253, FNR: 0.2025
2025-06-09 22:56:47,055 - INFO - Epoch [84/100], Loss: 0.0454, F1: 0.8418, Accuracy: 0.9251, Recall: 0.7993, Precision: 0.8890, FPR: 0.0332, FNR: 0.2007
2025-06-09 22:56:49,378 - INFO - Epoch [85/100], Loss: 0.0306, F1: 0.8548, Accuracy: 0.9324, Recall: 0.7975, Precision: 0.9209, FPR: 0.0228, FNR: 0.2025
2025-06-09 22:56:51,698 - INFO - Epoch [86/100], Loss: 0.0325, F1: 0.8330, Accuracy: 0.9245, Recall: 0.7550, Precision: 0.9288, FPR: 0.0192, FNR: 0.2450
2025-06-09 22:56:54,001 - INFO - Epoch [87/100], Loss: 0.0175, F1: 0.8570, Accuracy: 0.9333, Recall: 0.8011, Precision: 0.9212, FPR: 0.0228, FNR: 0.1989
2025-06-09 22:56:56,360 - INFO - Epoch [88/100], Loss: 0.0121, F1: 0.8480, Accuracy: 0.9298, Recall: 0.7857, Precision: 0.9211, FPR: 0.0224, FNR: 0.2143
2025-06-09 22:56:58,660 - INFO - Epoch [89/100], Loss: 0.0146, F1: 0.8555, Accuracy: 0.9318, Recall: 0.8093, Precision: 0.9073, FPR: 0.0275, FNR: 0.1907
2025-06-09 22:57:00,959 - INFO - Epoch [90/100], Loss: 0.0381, F1: 0.8124, Accuracy: 0.9161, Recall: 0.7285, Precision: 0.9182, FPR: 0.0216, FNR: 0.2715
2025-06-09 22:57:03,259 - INFO - Epoch [91/100], Loss: 0.0461, F1: 0.8338, Accuracy: 0.9215, Recall: 0.7893, Precision: 0.8837, FPR: 0.0345, FNR: 0.2107
2025-06-09 22:57:05,555 - INFO - Epoch [92/100], Loss: 0.0173, F1: 0.8363, Accuracy: 0.9248, Recall: 0.7704, Precision: 0.9145, FPR: 0.0239, FNR: 0.2296
2025-06-09 22:57:07,808 - INFO - Epoch [93/100], Loss: 0.0241, F1: 0.8384, Accuracy: 0.9261, Recall: 0.7686, Precision: 0.9221, FPR: 0.0216, FNR: 0.2314
2025-06-09 22:57:10,053 - INFO - Epoch [94/100], Loss: 0.0169, F1: 0.8284, Accuracy: 0.9201, Recall: 0.7739, Precision: 0.8912, FPR: 0.0314, FNR: 0.2261
2025-06-09 22:57:12,322 - INFO - Epoch [95/100], Loss: 0.0195, F1: 0.8313, Accuracy: 0.9211, Recall: 0.7798, Precision: 0.8902, FPR: 0.0320, FNR: 0.2202
2025-06-09 22:57:14,684 - INFO - Epoch [96/100], Loss: 0.0197, F1: 0.8640, Accuracy: 0.9357, Recall: 0.8194, Precision: 0.9138, FPR: 0.0257, FNR: 0.1806
2025-06-09 22:57:17,089 - INFO - Epoch [97/100], Loss: 0.0123, F1: 0.8528, Accuracy: 0.9315, Recall: 0.7952, Precision: 0.9195, FPR: 0.0231, FNR: 0.2048
2025-06-09 22:57:19,507 - INFO - Epoch [98/100], Loss: 0.0214, F1: 0.8297, Accuracy: 0.9162, Recall: 0.8182, Precision: 0.8415, FPR: 0.0512, FNR: 0.1818
2025-06-09 22:57:21,855 - INFO - Epoch [99/100], Loss: 0.0476, F1: 0.8347, Accuracy: 0.9259, Recall: 0.7497, Precision: 0.9414, FPR: 0.0155, FNR: 0.2503
2025-06-09 22:57:24,165 - INFO - Epoch [100/100], Loss: 0.0093, F1: 0.8447, Accuracy: 0.9276, Recall: 0.7898, Precision: 0.9077, FPR: 0.0267, FNR: 0.2102
2025-06-09 22:57:24,165 - INFO - ---------------------------结束模型训练---------------------------
2025-06-09 22:57:24,165 - INFO - 总共用时0:03:46.864777，平均用时 0:00:02.268648 /epoch
2025-06-09 22:57:24,303 - INFO - 测试结果为：
2025-06-09 22:57:24,303 - INFO - {'F1': 0.8447, 'Accuracy': 0.9276, 'Recall': 0.7898, 'Precision': 0.9077, 'FPR': np.float64(0.0267), 'FNR': np.float64(0.2102)}
