2025-06-09 23:33:11,724 - INFO - ---------------------------数据集描述---------------------------
2025-06-09 23:33:11,724 - INFO - 训练数据集为LR-all
2025-06-09 23:33:11,724 - INFO - Loading data from yaml/15-6400_multi_microwaveoven-refrigerator_m3.yaml
2025-06-09 23:33:11,724 - INFO - Loading data from yaml/16-6400_multi_electricoven-refrigerator_m3.yaml
2025-06-09 23:33:11,724 - INFO - Loading data from yaml/17-6400_multi_kettle02-airpurifier_m3.yaml
2025-06-09 23:33:11,724 - INFO - Loading data from yaml/18-6400_single_inductioncooker_m1.yaml
2025-06-09 23:33:11,724 - INFO - Loading data from yaml/19-6400_single_refrigerator_m1.yaml
2025-06-09 23:33:11,724 - INFO - Loading data from yaml/20-6400_single_kettle02_m1.yaml
2025-06-09 23:33:11,724 - INFO - Loading data from yaml/21-6400_single_electricoven_m1.yaml
2025-06-09 23:33:11,724 - INFO - Loading data from yaml/22-6400_single_ricecooker_m1.yaml
2025-06-09 23:33:11,724 - INFO - Loading data from yaml/23-6400_single_kettle01_m1.yaml
2025-06-09 23:33:11,724 - INFO - Loading data from yaml/24-6400_single_microwaveoven_m1.yaml
2025-06-09 23:33:15,712 - INFO - 数据读取完成，总共用时3.99 秒
2025-06-09 23:33:15,712 - INFO - 使用 cuda 训练模型
2025-06-09 23:33:16,249 - INFO - 使用 6400 的数据集, 窗口大小为 1000
2025-06-09 23:33:16,249 - INFO - ---------------------------超参数设置---------------------------
2025-06-09 23:33:16,249 - INFO - data_type: LR-all
2025-06-09 23:33:16,249 - INFO - data_path: /root/AFCI/Datasets/
2025-06-09 23:33:16,249 - INFO - model: AE
2025-06-09 23:33:16,249 - INFO - window_size: 1024
2025-06-09 23:33:16,249 - INFO - epochs: 100
2025-06-09 23:33:16,249 - INFO - batch_size: 128
2025-06-09 23:33:16,249 - INFO - lr: 0.0005
2025-06-09 23:33:16,249 - INFO - optimizer: Adam
2025-06-09 23:33:16,249 - INFO - momentum: 0.9
2025-06-09 23:33:16,249 - INFO - device: cuda
2025-06-09 23:33:16,249 - INFO - log_interval: 1
2025-06-09 23:33:16,249 - INFO - save_interval: 1
2025-06-09 23:33:16,249 - INFO - save_path: /root/AFCI/checkpoints
2025-06-09 23:33:16,249 - INFO - ---------------------------模型结构---------------------------
2025-06-09 23:33:16,249 - INFO - 模型参数量为：68823769
2025-06-09 23:33:16,249 - INFO - AE(
  (conv1): Conv1d(1, 8, kernel_size=(4,), stride=(1,))
  (fc1): Linear(in_features=8168, out_features=8168, bias=True)
  (fc2): Linear(in_features=8168, out_features=128, bias=True)
  (fc3): Linear(in_features=128, out_features=8168, bias=True)
  (pad): ConstantPad1d(padding=(3, 2), value=0)
  (conv2): Conv1d(8, 1, kernel_size=(4,), stride=(1,))
  (relu): ReLU()
)
2025-06-09 23:33:17,501 - INFO - ---------------------------开始模型训练---------------------------
2025-06-09 23:33:19,230 - INFO - Epoch [1/100], Loss: 1.1205, F1: 0.3919, Accuracy: 0.5644, Recall: 0.4045, Precision: 0.3801, FPR: 0.3506, FNR: 0.5955
2025-06-09 23:33:20,633 - INFO - Epoch [2/100], Loss: 0.6420, F1: 0.4570, Accuracy: 0.6250, Recall: 0.4547, Precision: 0.4593, FPR: 0.2845, FNR: 0.5453
2025-06-09 23:33:22,019 - INFO - Epoch [3/100], Loss: 0.6097, F1: 0.4587, Accuracy: 0.6704, Recall: 0.4024, Precision: 0.5333, FPR: 0.1871, FNR: 0.5976
2025-06-09 23:33:23,414 - INFO - Epoch [4/100], Loss: 0.5737, F1: 0.4543, Accuracy: 0.6940, Recall: 0.3670, Precision: 0.5959, FPR: 0.1323, FNR: 0.6330
2025-06-09 23:33:24,805 - INFO - Epoch [5/100], Loss: 0.5397, F1: 0.5485, Accuracy: 0.7418, Recall: 0.4519, Precision: 0.6976, FPR: 0.1041, FNR: 0.5481
2025-06-09 23:33:26,193 - INFO - Epoch [6/100], Loss: 0.5277, F1: 0.5838, Accuracy: 0.6861, Recall: 0.6344, Precision: 0.5407, FPR: 0.2864, FNR: 0.3656
2025-06-09 23:33:27,592 - INFO - Epoch [7/100], Loss: 0.5020, F1: 0.5437, Accuracy: 0.7377, Recall: 0.4505, Precision: 0.6857, FPR: 0.1097, FNR: 0.5495
2025-06-09 23:33:28,991 - INFO - Epoch [8/100], Loss: 0.4638, F1: 0.6790, Accuracy: 0.8079, Recall: 0.5856, Precision: 0.8078, FPR: 0.0740, FNR: 0.4144
2025-06-09 23:33:30,391 - INFO - Epoch [9/100], Loss: 0.4515, F1: 0.7294, Accuracy: 0.8329, Recall: 0.6492, Precision: 0.8323, FPR: 0.0695, FNR: 0.3508
2025-06-09 23:33:31,797 - INFO - Epoch [10/100], Loss: 0.4420, F1: 0.6418, Accuracy: 0.7809, Recall: 0.5658, Precision: 0.7414, FPR: 0.1048, FNR: 0.4342
2025-06-09 23:33:33,204 - INFO - Epoch [11/100], Loss: 0.4401, F1: 0.7084, Accuracy: 0.8287, Recall: 0.5997, Precision: 0.8653, FPR: 0.0496, FNR: 0.4003
2025-06-09 23:33:34,593 - INFO - Epoch [12/100], Loss: 0.4079, F1: 0.7110, Accuracy: 0.8177, Recall: 0.6464, Precision: 0.7900, FPR: 0.0913, FNR: 0.3536
2025-06-09 23:33:35,975 - INFO - Epoch [13/100], Loss: 0.4021, F1: 0.7816, Accuracy: 0.8545, Recall: 0.7504, Precision: 0.8155, FPR: 0.0902, FNR: 0.2496
2025-06-09 23:33:37,356 - INFO - Epoch [14/100], Loss: 0.3873, F1: 0.7094, Accuracy: 0.8187, Recall: 0.6379, Precision: 0.7989, FPR: 0.0853, FNR: 0.3621
2025-06-09 23:33:38,754 - INFO - Epoch [15/100], Loss: 0.3728, F1: 0.7726, Accuracy: 0.8510, Recall: 0.7291, Precision: 0.8215, FPR: 0.0842, FNR: 0.2709
2025-06-09 23:33:40,159 - INFO - Epoch [16/100], Loss: 0.3696, F1: 0.7741, Accuracy: 0.8545, Recall: 0.7185, Precision: 0.8390, FPR: 0.0733, FNR: 0.2815
2025-06-09 23:33:41,574 - INFO - Epoch [17/100], Loss: 0.3435, F1: 0.6998, Accuracy: 0.8250, Recall: 0.5877, Precision: 0.8647, FPR: 0.0489, FNR: 0.4123
2025-06-09 23:33:42,981 - INFO - Epoch [18/100], Loss: 0.3250, F1: 0.7934, Accuracy: 0.8648, Recall: 0.7482, Precision: 0.8444, FPR: 0.0733, FNR: 0.2518
2025-06-09 23:33:44,377 - INFO - Epoch [19/100], Loss: 0.3135, F1: 0.7734, Accuracy: 0.8618, Recall: 0.6796, Precision: 0.8973, FPR: 0.0413, FNR: 0.3204
2025-06-09 23:33:45,774 - INFO - Epoch [20/100], Loss: 0.3019, F1: 0.7983, Accuracy: 0.8717, Recall: 0.7320, Precision: 0.8779, FPR: 0.0541, FNR: 0.2680
2025-06-09 23:33:47,163 - INFO - Epoch [21/100], Loss: 0.2869, F1: 0.7801, Accuracy: 0.8503, Recall: 0.7652, Precision: 0.7956, FPR: 0.1045, FNR: 0.2348
2025-06-09 23:33:48,556 - INFO - Epoch [22/100], Loss: 0.2813, F1: 0.7910, Accuracy: 0.8587, Recall: 0.7709, Precision: 0.8122, FPR: 0.0947, FNR: 0.2291
2025-06-09 23:33:49,946 - INFO - Epoch [23/100], Loss: 0.2676, F1: 0.7596, Accuracy: 0.8366, Recall: 0.7440, Precision: 0.7758, FPR: 0.1142, FNR: 0.2560
2025-06-09 23:33:51,351 - INFO - Epoch [24/100], Loss: 0.2550, F1: 0.7931, Accuracy: 0.8731, Recall: 0.7008, Precision: 0.9134, FPR: 0.0353, FNR: 0.2992
2025-06-09 23:33:52,761 - INFO - Epoch [25/100], Loss: 0.2250, F1: 0.8016, Accuracy: 0.8670, Recall: 0.7744, Precision: 0.8308, FPR: 0.0838, FNR: 0.2256
2025-06-09 23:33:54,164 - INFO - Epoch [26/100], Loss: 0.2199, F1: 0.8008, Accuracy: 0.8704, Recall: 0.7504, Precision: 0.8584, FPR: 0.0658, FNR: 0.2496
2025-06-09 23:33:55,566 - INFO - Epoch [27/100], Loss: 0.2103, F1: 0.8068, Accuracy: 0.8778, Recall: 0.7355, Precision: 0.8935, FPR: 0.0466, FNR: 0.2645
2025-06-09 23:33:56,978 - INFO - Epoch [28/100], Loss: 0.1899, F1: 0.7938, Accuracy: 0.8604, Recall: 0.7744, Precision: 0.8141, FPR: 0.0939, FNR: 0.2256
2025-06-09 23:33:58,376 - INFO - Epoch [29/100], Loss: 0.1764, F1: 0.7970, Accuracy: 0.8690, Recall: 0.7412, Precision: 0.8618, FPR: 0.0631, FNR: 0.2588
2025-06-09 23:33:59,766 - INFO - Epoch [30/100], Loss: 0.1803, F1: 0.7974, Accuracy: 0.8690, Recall: 0.7433, Precision: 0.8601, FPR: 0.0643, FNR: 0.2567
2025-06-09 23:34:01,156 - INFO - Epoch [31/100], Loss: 0.1633, F1: 0.8051, Accuracy: 0.8724, Recall: 0.7595, Precision: 0.8565, FPR: 0.0676, FNR: 0.2405
2025-06-09 23:34:02,556 - INFO - Epoch [32/100], Loss: 0.1413, F1: 0.8022, Accuracy: 0.8699, Recall: 0.7603, Precision: 0.8491, FPR: 0.0718, FNR: 0.2397
2025-06-09 23:34:03,951 - INFO - Epoch [33/100], Loss: 0.1419, F1: 0.8070, Accuracy: 0.8736, Recall: 0.7617, Precision: 0.8582, FPR: 0.0669, FNR: 0.2383
2025-06-09 23:34:05,353 - INFO - Epoch [34/100], Loss: 0.1189, F1: 0.7991, Accuracy: 0.8731, Recall: 0.7270, Precision: 0.8870, FPR: 0.0492, FNR: 0.2730
2025-06-09 23:34:06,753 - INFO - Epoch [35/100], Loss: 0.1159, F1: 0.7776, Accuracy: 0.8643, Recall: 0.6839, Precision: 0.9012, FPR: 0.0398, FNR: 0.3161
2025-06-09 23:34:08,156 - INFO - Epoch [36/100], Loss: 0.1211, F1: 0.7700, Accuracy: 0.8525, Recall: 0.7115, Precision: 0.8390, FPR: 0.0725, FNR: 0.2885
2025-06-09 23:34:09,578 - INFO - Epoch [37/100], Loss: 0.0950, F1: 0.7803, Accuracy: 0.8486, Recall: 0.7751, Precision: 0.7857, FPR: 0.1124, FNR: 0.2249
2025-06-09 23:34:10,987 - INFO - Epoch [38/100], Loss: 0.0877, F1: 0.7933, Accuracy: 0.8584, Recall: 0.7829, Precision: 0.8039, FPR: 0.1015, FNR: 0.2171
2025-06-09 23:34:12,384 - INFO - Epoch [39/100], Loss: 0.0777, F1: 0.7872, Accuracy: 0.8628, Recall: 0.7313, Precision: 0.8524, FPR: 0.0673, FNR: 0.2687
2025-06-09 23:34:13,784 - INFO - Epoch [40/100], Loss: 0.0713, F1: 0.7699, Accuracy: 0.8415, Recall: 0.7645, Precision: 0.7755, FPR: 0.1176, FNR: 0.2355
2025-06-09 23:34:15,190 - INFO - Epoch [41/100], Loss: 0.0435, F1: 0.7973, Accuracy: 0.8655, Recall: 0.7624, Precision: 0.8357, FPR: 0.0797, FNR: 0.2376
2025-06-09 23:34:16,592 - INFO - Epoch [42/100], Loss: 0.0511, F1: 0.7889, Accuracy: 0.8579, Recall: 0.7652, Precision: 0.8141, FPR: 0.0928, FNR: 0.2348
2025-06-09 23:34:17,998 - INFO - Epoch [43/100], Loss: 0.0773, F1: 0.7789, Accuracy: 0.8579, Recall: 0.7214, Precision: 0.8465, FPR: 0.0695, FNR: 0.2786
2025-06-09 23:34:19,402 - INFO - Epoch [44/100], Loss: 0.0731, F1: 0.7625, Accuracy: 0.8508, Recall: 0.6902, Precision: 0.8517, FPR: 0.0639, FNR: 0.3098
2025-06-09 23:34:20,820 - INFO - Epoch [45/100], Loss: 0.0575, F1: 0.7931, Accuracy: 0.8643, Recall: 0.7496, Precision: 0.8419, FPR: 0.0748, FNR: 0.2504
2025-06-09 23:34:22,226 - INFO - Epoch [46/100], Loss: 0.0333, F1: 0.7853, Accuracy: 0.8520, Recall: 0.7801, Precision: 0.7907, FPR: 0.1097, FNR: 0.2199
2025-06-09 23:34:23,621 - INFO - Epoch [47/100], Loss: 0.0472, F1: 0.7837, Accuracy: 0.8591, Recall: 0.7355, Precision: 0.8387, FPR: 0.0752, FNR: 0.2645
2025-06-09 23:34:25,026 - INFO - Epoch [48/100], Loss: 0.0220, F1: 0.7891, Accuracy: 0.8650, Recall: 0.7277, Precision: 0.8618, FPR: 0.0620, FNR: 0.2723
2025-06-09 23:34:26,440 - INFO - Epoch [49/100], Loss: 0.0265, F1: 0.7761, Accuracy: 0.8604, Recall: 0.6973, Precision: 0.8749, FPR: 0.0530, FNR: 0.3027
2025-06-09 23:34:27,860 - INFO - Epoch [50/100], Loss: 0.0394, F1: 0.7739, Accuracy: 0.8425, Recall: 0.7772, Precision: 0.7707, FPR: 0.1229, FNR: 0.2228
2025-06-09 23:34:29,272 - INFO - Epoch [51/100], Loss: 0.0632, F1: 0.7785, Accuracy: 0.8594, Recall: 0.7122, Precision: 0.8585, FPR: 0.0624, FNR: 0.2878
2025-06-09 23:34:30,672 - INFO - Epoch [52/100], Loss: 0.0334, F1: 0.7844, Accuracy: 0.8564, Recall: 0.7525, Precision: 0.8191, FPR: 0.0883, FNR: 0.2475
2025-06-09 23:34:32,089 - INFO - Epoch [53/100], Loss: 0.0181, F1: 0.7864, Accuracy: 0.8569, Recall: 0.7588, Precision: 0.8160, FPR: 0.0909, FNR: 0.2412
2025-06-09 23:34:33,513 - INFO - Epoch [54/100], Loss: 0.0216, F1: 0.7869, Accuracy: 0.8562, Recall: 0.7652, Precision: 0.8099, FPR: 0.0955, FNR: 0.2348
2025-06-09 23:34:34,916 - INFO - Epoch [55/100], Loss: 0.0044, F1: 0.7949, Accuracy: 0.8665, Recall: 0.7454, Precision: 0.8514, FPR: 0.0691, FNR: 0.2546
2025-06-09 23:34:36,315 - INFO - Epoch [56/100], Loss: 0.0014, F1: 0.7970, Accuracy: 0.8650, Recall: 0.7638, Precision: 0.8333, FPR: 0.0812, FNR: 0.2362
2025-06-09 23:34:37,722 - INFO - Epoch [57/100], Loss: 0.0009, F1: 0.7944, Accuracy: 0.8633, Recall: 0.7610, Precision: 0.8309, FPR: 0.0823, FNR: 0.2390
2025-06-09 23:34:39,139 - INFO - Epoch [58/100], Loss: 0.0047, F1: 0.7867, Accuracy: 0.8601, Recall: 0.7433, Precision: 0.8355, FPR: 0.0778, FNR: 0.2567
2025-06-09 23:34:40,546 - INFO - Epoch [59/100], Loss: 0.0310, F1: 0.7685, Accuracy: 0.8371, Recall: 0.7793, Precision: 0.7579, FPR: 0.1323, FNR: 0.2207
2025-06-09 23:34:41,943 - INFO - Epoch [60/100], Loss: 0.0715, F1: 0.7804, Accuracy: 0.8569, Recall: 0.7327, Precision: 0.8348, FPR: 0.0770, FNR: 0.2673
2025-06-09 23:34:43,341 - INFO - Epoch [61/100], Loss: 0.0435, F1: 0.7707, Accuracy: 0.8479, Recall: 0.7369, Precision: 0.8078, FPR: 0.0932, FNR: 0.2631
2025-06-09 23:34:44,755 - INFO - Epoch [62/100], Loss: 0.0148, F1: 0.7896, Accuracy: 0.8564, Recall: 0.7765, Precision: 0.8032, FPR: 0.1011, FNR: 0.2235
2025-06-09 23:34:46,169 - INFO - Epoch [63/100], Loss: 0.0035, F1: 0.7908, Accuracy: 0.8599, Recall: 0.7631, Precision: 0.8205, FPR: 0.0887, FNR: 0.2369
2025-06-09 23:34:47,569 - INFO - Epoch [64/100], Loss: 0.0010, F1: 0.7891, Accuracy: 0.8611, Recall: 0.7489, Precision: 0.8339, FPR: 0.0793, FNR: 0.2511
2025-06-09 23:34:48,968 - INFO - Epoch [65/100], Loss: 0.0007, F1: 0.7951, Accuracy: 0.8648, Recall: 0.7560, Precision: 0.8384, FPR: 0.0774, FNR: 0.2440
2025-06-09 23:34:50,369 - INFO - Epoch [66/100], Loss: 0.0004, F1: 0.7945, Accuracy: 0.8653, Recall: 0.7504, Precision: 0.8441, FPR: 0.0737, FNR: 0.2496
2025-06-09 23:34:51,772 - INFO - Epoch [67/100], Loss: 0.0003, F1: 0.7933, Accuracy: 0.8628, Recall: 0.7588, Precision: 0.8311, FPR: 0.0819, FNR: 0.2412
2025-06-09 23:34:53,176 - INFO - Epoch [68/100], Loss: 0.0002, F1: 0.7963, Accuracy: 0.8648, Recall: 0.7617, Precision: 0.8342, FPR: 0.0804, FNR: 0.2383
2025-06-09 23:34:54,581 - INFO - Epoch [69/100], Loss: 0.0001, F1: 0.7969, Accuracy: 0.8655, Recall: 0.7603, Precision: 0.8372, FPR: 0.0785, FNR: 0.2397
2025-06-09 23:34:55,985 - INFO - Epoch [70/100], Loss: 0.0001, F1: 0.7963, Accuracy: 0.8645, Recall: 0.7631, Precision: 0.8326, FPR: 0.0815, FNR: 0.2369
2025-06-09 23:34:57,407 - INFO - Epoch [71/100], Loss: 0.0001, F1: 0.7947, Accuracy: 0.8628, Recall: 0.7652, Precision: 0.8266, FPR: 0.0853, FNR: 0.2348
2025-06-09 23:34:58,803 - INFO - Epoch [72/100], Loss: 0.0001, F1: 0.7978, Accuracy: 0.8660, Recall: 0.7617, Precision: 0.8375, FPR: 0.0785, FNR: 0.2383
2025-06-09 23:35:00,198 - INFO - Epoch [73/100], Loss: 0.0001, F1: 0.7978, Accuracy: 0.8658, Recall: 0.7631, Precision: 0.8358, FPR: 0.0797, FNR: 0.2369
2025-06-09 23:35:01,600 - INFO - Epoch [74/100], Loss: 0.0001, F1: 0.7984, Accuracy: 0.8665, Recall: 0.7617, Precision: 0.8388, FPR: 0.0778, FNR: 0.2383
2025-06-09 23:35:03,012 - INFO - Epoch [75/100], Loss: 0.0000, F1: 0.7962, Accuracy: 0.8648, Recall: 0.7610, Precision: 0.8348, FPR: 0.0800, FNR: 0.2390
2025-06-09 23:35:04,412 - INFO - Epoch [76/100], Loss: 0.0000, F1: 0.7972, Accuracy: 0.8658, Recall: 0.7603, Precision: 0.8379, FPR: 0.0782, FNR: 0.2397
2025-06-09 23:35:05,830 - INFO - Epoch [77/100], Loss: 0.0000, F1: 0.7982, Accuracy: 0.8663, Recall: 0.7624, Precision: 0.8376, FPR: 0.0785, FNR: 0.2376
2025-06-09 23:35:07,234 - INFO - Epoch [78/100], Loss: 0.0000, F1: 0.7957, Accuracy: 0.8640, Recall: 0.7631, Precision: 0.8313, FPR: 0.0823, FNR: 0.2369
2025-06-09 23:35:08,635 - INFO - Epoch [79/100], Loss: 0.0000, F1: 0.7962, Accuracy: 0.8645, Recall: 0.7624, Precision: 0.8331, FPR: 0.0812, FNR: 0.2376
2025-06-09 23:35:10,036 - INFO - Epoch [80/100], Loss: 0.0000, F1: 0.7975, Accuracy: 0.8655, Recall: 0.7631, Precision: 0.8351, FPR: 0.0800, FNR: 0.2369
2025-06-09 23:35:11,437 - INFO - Epoch [81/100], Loss: 0.0000, F1: 0.7962, Accuracy: 0.8645, Recall: 0.7624, Precision: 0.8331, FPR: 0.0812, FNR: 0.2376
2025-06-09 23:35:12,835 - INFO - Epoch [82/100], Loss: 0.0000, F1: 0.7981, Accuracy: 0.8660, Recall: 0.7631, Precision: 0.8364, FPR: 0.0793, FNR: 0.2369
2025-06-09 23:35:14,238 - INFO - Epoch [83/100], Loss: 0.0000, F1: 0.7976, Accuracy: 0.8658, Recall: 0.7624, Precision: 0.8363, FPR: 0.0793, FNR: 0.2376
2025-06-09 23:35:15,641 - INFO - Epoch [84/100], Loss: 0.0000, F1: 0.7962, Accuracy: 0.8645, Recall: 0.7624, Precision: 0.8331, FPR: 0.0812, FNR: 0.2376
2025-06-09 23:35:17,047 - INFO - Epoch [85/100], Loss: 0.0000, F1: 0.7984, Accuracy: 0.8663, Recall: 0.7631, Precision: 0.8371, FPR: 0.0789, FNR: 0.2369
2025-06-09 23:35:18,453 - INFO - Epoch [86/100], Loss: 0.0000, F1: 0.7965, Accuracy: 0.8648, Recall: 0.7624, Precision: 0.8337, FPR: 0.0808, FNR: 0.2376
2025-06-09 23:35:19,857 - INFO - Epoch [87/100], Loss: 0.0000, F1: 0.7970, Accuracy: 0.8653, Recall: 0.7624, Precision: 0.8350, FPR: 0.0800, FNR: 0.2376
2025-06-09 23:35:21,265 - INFO - Epoch [88/100], Loss: 0.0000, F1: 0.7969, Accuracy: 0.8653, Recall: 0.7617, Precision: 0.8355, FPR: 0.0797, FNR: 0.2383
2025-06-09 23:35:22,674 - INFO - Epoch [89/100], Loss: 0.0000, F1: 0.7951, Accuracy: 0.8636, Recall: 0.7631, Precision: 0.8300, FPR: 0.0831, FNR: 0.2369
2025-06-09 23:35:24,086 - INFO - Epoch [90/100], Loss: 0.0000, F1: 0.7959, Accuracy: 0.8643, Recall: 0.7624, Precision: 0.8324, FPR: 0.0815, FNR: 0.2376
2025-06-09 23:35:25,491 - INFO - Epoch [91/100], Loss: 0.0000, F1: 0.7976, Accuracy: 0.8658, Recall: 0.7624, Precision: 0.8363, FPR: 0.0793, FNR: 0.2376
2025-06-09 23:35:26,895 - INFO - Epoch [92/100], Loss: 0.0000, F1: 0.7973, Accuracy: 0.8655, Recall: 0.7624, Precision: 0.8357, FPR: 0.0797, FNR: 0.2376
2025-06-09 23:35:28,301 - INFO - Epoch [93/100], Loss: 0.0000, F1: 0.7967, Accuracy: 0.8650, Recall: 0.7624, Precision: 0.8344, FPR: 0.0804, FNR: 0.2376
2025-06-09 23:35:29,707 - INFO - Epoch [94/100], Loss: 0.0000, F1: 0.7960, Accuracy: 0.8643, Recall: 0.7631, Precision: 0.8319, FPR: 0.0819, FNR: 0.2369
2025-06-09 23:35:31,137 - INFO - Epoch [95/100], Loss: 0.0000, F1: 0.7962, Accuracy: 0.8645, Recall: 0.7624, Precision: 0.8331, FPR: 0.0812, FNR: 0.2376
2025-06-09 23:35:32,546 - INFO - Epoch [96/100], Loss: 0.0000, F1: 0.7969, Accuracy: 0.8650, Recall: 0.7631, Precision: 0.8338, FPR: 0.0808, FNR: 0.2369
2025-06-09 23:35:33,961 - INFO - Epoch [97/100], Loss: 0.0000, F1: 0.7966, Accuracy: 0.8648, Recall: 0.7631, Precision: 0.8332, FPR: 0.0812, FNR: 0.2369
2025-06-09 23:35:35,371 - INFO - Epoch [98/100], Loss: 0.0000, F1: 0.7954, Accuracy: 0.8640, Recall: 0.7617, Precision: 0.8323, FPR: 0.0815, FNR: 0.2383
2025-06-09 23:35:36,782 - INFO - Epoch [99/100], Loss: 0.0000, F1: 0.7954, Accuracy: 0.8640, Recall: 0.7617, Precision: 0.8323, FPR: 0.0815, FNR: 0.2383
2025-06-09 23:35:38,225 - INFO - Epoch [100/100], Loss: 0.0000, F1: 0.7957, Accuracy: 0.8643, Recall: 0.7617, Precision: 0.8329, FPR: 0.0812, FNR: 0.2383
2025-06-09 23:35:38,225 - INFO - ---------------------------结束模型训练---------------------------
2025-06-09 23:35:38,225 - INFO - 总共用时0:02:20.724002，平均用时 0:00:01.407240 /epoch
2025-06-09 23:35:38,318 - INFO - 测试结果为：
2025-06-09 23:35:38,318 - INFO - {'F1': 0.7957, 'Accuracy': 0.8643, 'Recall': 0.7617, 'Precision': 0.8329, 'FPR': np.float64(0.0812), 'FNR': np.float64(0.2383)}
