2025-06-09 22:43:08,603 - INFO - ---------------------------数据集描述---------------------------
2025-06-09 22:43:08,603 - INFO - 训练数据集为LR-mix2
2025-06-09 22:43:08,603 - INFO - Loading data from yaml/15-6400_multi_microwaveoven-refrigerator_m3.yaml
2025-06-09 22:43:08,603 - INFO - Loading data from yaml/16-6400_multi_electricoven-refrigerator_m3.yaml
2025-06-09 22:43:08,603 - INFO - Loading data from yaml/17-6400_multi_kettle02-airpurifier_m3.yaml
2025-06-09 22:43:09,992 - INFO - 数据读取完成，总共用时1.39 秒
2025-06-09 22:43:09,992 - INFO - 使用 cuda 训练模型
2025-06-09 22:43:10,522 - INFO - 使用 6400 的数据集, 窗口大小为 1000
2025-06-09 22:43:10,522 - INFO - ---------------------------超参数设置---------------------------
2025-06-09 22:43:10,522 - INFO - data_type: LR-mix2
2025-06-09 22:43:10,522 - INFO - data_path: /root/AFCI/Datasets/
2025-06-09 22:43:10,522 - INFO - model: AE
2025-06-09 22:43:10,522 - INFO - window_size: 1024
2025-06-09 22:43:10,522 - INFO - epochs: 100
2025-06-09 22:43:10,522 - INFO - batch_size: 128
2025-06-09 22:43:10,522 - INFO - lr: 0.0005
2025-06-09 22:43:10,522 - INFO - optimizer: Adam
2025-06-09 22:43:10,522 - INFO - momentum: 0.9
2025-06-09 22:43:10,522 - INFO - device: cuda
2025-06-09 22:43:10,522 - INFO - log_interval: 1
2025-06-09 22:43:10,522 - INFO - save_interval: 1
2025-06-09 22:43:10,522 - INFO - save_path: /root/AFCI/checkpoints
2025-06-09 22:43:10,522 - INFO - ---------------------------模型结构---------------------------
2025-06-09 22:43:10,522 - INFO - 模型参数量为：68823769
2025-06-09 22:43:10,522 - INFO - AE(
  (conv1): Conv1d(1, 8, kernel_size=(4,), stride=(1,))
  (fc1): Linear(in_features=8168, out_features=8168, bias=True)
  (fc2): Linear(in_features=8168, out_features=128, bias=True)
  (fc3): Linear(in_features=128, out_features=8168, bias=True)
  (pad): ConstantPad1d(padding=(3, 2), value=0)
  (conv2): Conv1d(8, 1, kernel_size=(4,), stride=(1,))
  (relu): ReLU()
)
2025-06-09 22:43:11,573 - INFO - ---------------------------开始模型训练---------------------------
2025-06-09 22:43:12,368 - INFO - Epoch [1/100], Loss: 1.4104, F1: 0.3543, Accuracy: 0.5191, Recall: 0.4357, Precision: 0.2986, FPR: 0.4447, FNR: 0.5643
2025-06-09 22:43:12,813 - INFO - Epoch [2/100], Loss: 0.7156, F1: 0.3827, Accuracy: 0.5461, Recall: 0.4646, Precision: 0.3254, FPR: 0.4185, FNR: 0.5354
2025-06-09 22:43:13,257 - INFO - Epoch [3/100], Loss: 0.6781, F1: 0.2680, Accuracy: 0.7091, Recall: 0.1759, Precision: 0.5630, FPR: 0.0593, FNR: 0.8241
2025-06-09 22:43:13,707 - INFO - Epoch [4/100], Loss: 0.6288, F1: 0.4181, Accuracy: 0.6836, Recall: 0.3753, Precision: 0.4719, FPR: 0.1824, FNR: 0.6247
2025-06-09 22:43:14,158 - INFO - Epoch [5/100], Loss: 0.6133, F1: 0.4281, Accuracy: 0.7218, Recall: 0.3438, Precision: 0.5671, FPR: 0.1140, FNR: 0.6562
2025-06-09 22:43:14,610 - INFO - Epoch [6/100], Loss: 0.5874, F1: 0.3473, Accuracy: 0.6534, Recall: 0.3045, Precision: 0.4042, FPR: 0.1950, FNR: 0.6955
2025-06-09 22:43:15,061 - INFO - Epoch [7/100], Loss: 0.5924, F1: 0.3995, Accuracy: 0.6248, Recall: 0.4121, Precision: 0.3877, FPR: 0.2828, FNR: 0.5879
2025-06-09 22:43:15,511 - INFO - Epoch [8/100], Loss: 0.5790, F1: 0.3580, Accuracy: 0.7377, Recall: 0.2415, Precision: 0.6917, FPR: 0.0468, FNR: 0.7585
2025-06-09 22:43:15,962 - INFO - Epoch [9/100], Loss: 0.5640, F1: 0.4286, Accuracy: 0.6884, Recall: 0.3858, Precision: 0.4820, FPR: 0.1802, FNR: 0.6142
2025-06-09 22:43:16,415 - INFO - Epoch [10/100], Loss: 0.5610, F1: 0.2402, Accuracy: 0.7234, Recall: 0.1444, Precision: 0.7143, FPR: 0.0251, FNR: 0.8556
2025-06-09 22:43:16,869 - INFO - Epoch [11/100], Loss: 0.5586, F1: 0.4600, Accuracy: 0.7424, Recall: 0.3622, Precision: 0.6301, FPR: 0.0924, FNR: 0.6378
2025-06-09 22:43:17,326 - INFO - Epoch [12/100], Loss: 0.5471, F1: 0.5098, Accuracy: 0.7615, Recall: 0.4094, Precision: 0.6753, FPR: 0.0855, FNR: 0.5906
2025-06-09 22:43:17,799 - INFO - Epoch [13/100], Loss: 0.5393, F1: 0.5836, Accuracy: 0.7981, Recall: 0.4672, Precision: 0.7773, FPR: 0.0582, FNR: 0.5328
2025-06-09 22:43:18,253 - INFO - Epoch [14/100], Loss: 0.5148, F1: 0.5216, Accuracy: 0.7886, Recall: 0.3806, Precision: 0.8286, FPR: 0.0342, FNR: 0.6194
2025-06-09 22:43:18,712 - INFO - Epoch [15/100], Loss: 0.5109, F1: 0.4102, Accuracy: 0.7599, Recall: 0.2756, Precision: 0.8015, FPR: 0.0296, FNR: 0.7244
2025-06-09 22:43:19,165 - INFO - Epoch [16/100], Loss: 0.5158, F1: 0.5997, Accuracy: 0.7560, Recall: 0.6037, Precision: 0.5959, FPR: 0.1779, FNR: 0.3963
2025-06-09 22:43:19,621 - INFO - Epoch [17/100], Loss: 0.4774, F1: 0.5554, Accuracy: 0.7862, Recall: 0.4409, Precision: 0.7500, FPR: 0.0639, FNR: 0.5591
2025-06-09 22:43:20,076 - INFO - Epoch [18/100], Loss: 0.4759, F1: 0.5386, Accuracy: 0.7480, Recall: 0.4856, Precision: 0.6046, FPR: 0.1380, FNR: 0.5144
2025-06-09 22:43:20,525 - INFO - Epoch [19/100], Loss: 0.4767, F1: 0.5552, Accuracy: 0.7949, Recall: 0.4226, Precision: 0.8090, FPR: 0.0433, FNR: 0.5774
2025-06-09 22:43:20,976 - INFO - Epoch [20/100], Loss: 0.4643, F1: 0.5281, Accuracy: 0.7329, Recall: 0.4934, Precision: 0.5680, FPR: 0.1631, FNR: 0.5066
2025-06-09 22:43:21,426 - INFO - Epoch [21/100], Loss: 0.4616, F1: 0.4791, Accuracy: 0.7822, Recall: 0.3307, Precision: 0.8690, FPR: 0.0217, FNR: 0.6693
2025-06-09 22:43:21,873 - INFO - Epoch [22/100], Loss: 0.4697, F1: 0.4319, Accuracy: 0.7679, Recall: 0.2913, Precision: 0.8346, FPR: 0.0251, FNR: 0.7087
2025-06-09 22:43:22,320 - INFO - Epoch [23/100], Loss: 0.4539, F1: 0.6494, Accuracy: 0.8068, Recall: 0.5906, Precision: 0.7212, FPR: 0.0992, FNR: 0.4094
2025-06-09 22:43:22,764 - INFO - Epoch [24/100], Loss: 0.4327, F1: 0.5629, Accuracy: 0.7432, Recall: 0.5459, Precision: 0.5810, FPR: 0.1710, FNR: 0.4541
2025-06-09 22:43:23,216 - INFO - Epoch [25/100], Loss: 0.4217, F1: 0.6173, Accuracy: 0.7536, Recall: 0.6562, Precision: 0.5828, FPR: 0.2041, FNR: 0.3438
2025-06-09 22:43:23,670 - INFO - Epoch [26/100], Loss: 0.4041, F1: 0.6826, Accuracy: 0.8307, Recall: 0.6010, Precision: 0.7897, FPR: 0.0696, FNR: 0.3990
2025-06-09 22:43:24,120 - INFO - Epoch [27/100], Loss: 0.3990, F1: 0.6561, Accuracy: 0.7758, Recall: 0.7060, Precision: 0.6128, FPR: 0.1938, FNR: 0.2940
2025-06-09 22:43:24,586 - INFO - Epoch [28/100], Loss: 0.4059, F1: 0.7030, Accuracy: 0.8355, Recall: 0.6430, Precision: 0.7753, FPR: 0.0810, FNR: 0.3570
2025-06-09 22:43:25,038 - INFO - Epoch [29/100], Loss: 0.3629, F1: 0.6730, Accuracy: 0.7806, Recall: 0.7454, Precision: 0.6134, FPR: 0.2041, FNR: 0.2546
2025-06-09 22:43:25,496 - INFO - Epoch [30/100], Loss: 0.3577, F1: 0.5972, Accuracy: 0.8156, Recall: 0.4514, Precision: 0.8821, FPR: 0.0262, FNR: 0.5486
2025-06-09 22:43:25,950 - INFO - Epoch [31/100], Loss: 0.3461, F1: 0.6897, Accuracy: 0.7711, Recall: 0.8399, Precision: 0.5850, FPR: 0.2588, FNR: 0.1601
2025-06-09 22:43:26,405 - INFO - Epoch [32/100], Loss: 0.3645, F1: 0.6880, Accuracy: 0.8450, Recall: 0.5643, Precision: 0.8811, FPR: 0.0331, FNR: 0.4357
2025-06-09 22:43:26,863 - INFO - Epoch [33/100], Loss: 0.3315, F1: 0.7188, Accuracy: 0.8569, Recall: 0.6037, Precision: 0.8880, FPR: 0.0331, FNR: 0.3963
2025-06-09 22:43:27,319 - INFO - Epoch [34/100], Loss: 0.3531, F1: 0.6710, Accuracy: 0.8394, Recall: 0.5407, Precision: 0.8841, FPR: 0.0308, FNR: 0.4593
2025-06-09 22:43:27,769 - INFO - Epoch [35/100], Loss: 0.2956, F1: 0.7740, Accuracy: 0.8617, Recall: 0.7822, Precision: 0.7661, FPR: 0.1038, FNR: 0.2178
2025-06-09 22:43:28,226 - INFO - Epoch [36/100], Loss: 0.2766, F1: 0.6980, Accuracy: 0.8164, Recall: 0.7008, Precision: 0.6953, FPR: 0.1334, FNR: 0.2992
2025-06-09 22:43:28,672 - INFO - Epoch [37/100], Loss: 0.3175, F1: 0.7155, Accuracy: 0.8426, Recall: 0.6535, Precision: 0.7905, FPR: 0.0753, FNR: 0.3465
2025-06-09 22:43:29,125 - INFO - Epoch [38/100], Loss: 0.2782, F1: 0.7669, Accuracy: 0.8657, Recall: 0.7297, Precision: 0.8081, FPR: 0.0753, FNR: 0.2703
2025-06-09 22:43:29,580 - INFO - Epoch [39/100], Loss: 0.2736, F1: 0.7789, Accuracy: 0.8736, Recall: 0.7349, Precision: 0.8284, FPR: 0.0661, FNR: 0.2651
2025-06-09 22:43:30,030 - INFO - Epoch [40/100], Loss: 0.2518, F1: 0.8143, Accuracy: 0.8927, Recall: 0.7769, Precision: 0.8555, FPR: 0.0570, FNR: 0.2231
2025-06-09 22:43:30,480 - INFO - Epoch [41/100], Loss: 0.2131, F1: 0.6997, Accuracy: 0.8506, Recall: 0.5748, Precision: 0.8939, FPR: 0.0296, FNR: 0.4252
2025-06-09 22:43:30,934 - INFO - Epoch [42/100], Loss: 0.2285, F1: 0.7515, Accuracy: 0.8649, Recall: 0.6745, Precision: 0.8482, FPR: 0.0525, FNR: 0.3255
2025-06-09 22:43:31,381 - INFO - Epoch [43/100], Loss: 0.2463, F1: 0.7773, Accuracy: 0.8752, Recall: 0.7192, Precision: 0.8457, FPR: 0.0570, FNR: 0.2808
2025-06-09 22:43:31,827 - INFO - Epoch [44/100], Loss: 0.2134, F1: 0.7947, Accuracy: 0.8776, Recall: 0.7822, Precision: 0.8076, FPR: 0.0810, FNR: 0.2178
2025-06-09 22:43:32,276 - INFO - Epoch [45/100], Loss: 0.2179, F1: 0.7294, Accuracy: 0.8124, Recall: 0.8346, Precision: 0.6477, FPR: 0.1973, FNR: 0.1654
2025-06-09 22:43:32,723 - INFO - Epoch [46/100], Loss: 0.2192, F1: 0.7487, Accuracy: 0.8410, Recall: 0.7822, Precision: 0.7181, FPR: 0.1334, FNR: 0.2178
2025-06-09 22:43:33,174 - INFO - Epoch [47/100], Loss: 0.1832, F1: 0.8077, Accuracy: 0.8808, Recall: 0.8268, Precision: 0.7895, FPR: 0.0958, FNR: 0.1732
2025-06-09 22:43:33,625 - INFO - Epoch [48/100], Loss: 0.1742, F1: 0.8049, Accuracy: 0.8871, Recall: 0.7690, Precision: 0.8444, FPR: 0.0616, FNR: 0.2310
2025-06-09 22:43:34,077 - INFO - Epoch [49/100], Loss: 0.1591, F1: 0.7544, Accuracy: 0.8545, Recall: 0.7375, Precision: 0.7720, FPR: 0.0946, FNR: 0.2625
2025-06-09 22:43:34,529 - INFO - Epoch [50/100], Loss: 0.1639, F1: 0.8108, Accuracy: 0.8943, Recall: 0.7480, Precision: 0.8851, FPR: 0.0422, FNR: 0.2520
2025-06-09 22:43:34,979 - INFO - Epoch [51/100], Loss: 0.1444, F1: 0.7667, Accuracy: 0.8641, Recall: 0.7375, Precision: 0.7983, FPR: 0.0810, FNR: 0.2625
2025-06-09 22:43:35,429 - INFO - Epoch [52/100], Loss: 0.1308, F1: 0.7795, Accuracy: 0.8768, Recall: 0.7192, Precision: 0.8509, FPR: 0.0547, FNR: 0.2808
2025-06-09 22:43:35,881 - INFO - Epoch [53/100], Loss: 0.1574, F1: 0.8112, Accuracy: 0.8871, Recall: 0.8005, Precision: 0.8221, FPR: 0.0753, FNR: 0.1995
2025-06-09 22:43:36,329 - INFO - Epoch [54/100], Loss: 0.1369, F1: 0.7428, Accuracy: 0.8514, Recall: 0.7087, Precision: 0.7803, FPR: 0.0867, FNR: 0.2913
2025-06-09 22:43:36,784 - INFO - Epoch [55/100], Loss: 0.1341, F1: 0.7014, Accuracy: 0.8498, Recall: 0.5827, Precision: 0.8810, FPR: 0.0342, FNR: 0.4173
2025-06-09 22:43:37,229 - INFO - Epoch [56/100], Loss: 0.1262, F1: 0.7915, Accuracy: 0.8672, Recall: 0.8320, Precision: 0.7548, FPR: 0.1174, FNR: 0.1680
2025-06-09 22:43:37,681 - INFO - Epoch [57/100], Loss: 0.0994, F1: 0.7854, Accuracy: 0.8784, Recall: 0.7349, Precision: 0.8434, FPR: 0.0593, FNR: 0.2651
2025-06-09 22:43:38,133 - INFO - Epoch [58/100], Loss: 0.0877, F1: 0.8110, Accuracy: 0.8903, Recall: 0.7769, Precision: 0.8481, FPR: 0.0604, FNR: 0.2231
2025-06-09 22:43:38,577 - INFO - Epoch [59/100], Loss: 0.0832, F1: 0.8081, Accuracy: 0.8871, Recall: 0.7848, Precision: 0.8329, FPR: 0.0684, FNR: 0.2152
2025-06-09 22:43:39,029 - INFO - Epoch [60/100], Loss: 0.0872, F1: 0.8274, Accuracy: 0.8998, Recall: 0.7927, Precision: 0.8653, FPR: 0.0536, FNR: 0.2073
2025-06-09 22:43:39,476 - INFO - Epoch [61/100], Loss: 0.0747, F1: 0.8267, Accuracy: 0.8967, Recall: 0.8136, Precision: 0.8401, FPR: 0.0673, FNR: 0.1864
2025-06-09 22:43:39,926 - INFO - Epoch [62/100], Loss: 0.0619, F1: 0.8259, Accuracy: 0.9038, Recall: 0.7533, Precision: 0.9140, FPR: 0.0308, FNR: 0.2467
2025-06-09 22:43:40,382 - INFO - Epoch [63/100], Loss: 0.0701, F1: 0.8221, Accuracy: 0.8951, Recall: 0.8005, Precision: 0.8449, FPR: 0.0639, FNR: 0.1995
2025-06-09 22:43:40,832 - INFO - Epoch [64/100], Loss: 0.0985, F1: 0.7579, Accuracy: 0.8426, Recall: 0.8136, Precision: 0.7094, FPR: 0.1448, FNR: 0.1864
2025-06-09 22:43:41,285 - INFO - Epoch [65/100], Loss: 0.0736, F1: 0.8242, Accuracy: 0.8983, Recall: 0.7874, Precision: 0.8646, FPR: 0.0536, FNR: 0.2126
2025-06-09 22:43:41,737 - INFO - Epoch [66/100], Loss: 0.0489, F1: 0.7752, Accuracy: 0.8760, Recall: 0.7060, Precision: 0.8594, FPR: 0.0502, FNR: 0.2940
2025-06-09 22:43:42,183 - INFO - Epoch [67/100], Loss: 0.0603, F1: 0.7964, Accuracy: 0.8736, Recall: 0.8163, Precision: 0.7775, FPR: 0.1015, FNR: 0.1837
2025-06-09 22:43:42,636 - INFO - Epoch [68/100], Loss: 0.0490, F1: 0.8193, Accuracy: 0.8927, Recall: 0.8031, Precision: 0.8361, FPR: 0.0684, FNR: 0.1969
2025-06-09 22:43:43,084 - INFO - Epoch [69/100], Loss: 0.0425, F1: 0.8345, Accuracy: 0.9022, Recall: 0.8136, Precision: 0.8564, FPR: 0.0593, FNR: 0.1864
2025-06-09 22:43:43,537 - INFO - Epoch [70/100], Loss: 0.0501, F1: 0.7565, Accuracy: 0.8362, Recall: 0.8399, Precision: 0.6882, FPR: 0.1653, FNR: 0.1601
2025-06-09 22:43:43,990 - INFO - Epoch [71/100], Loss: 0.0842, F1: 0.7928, Accuracy: 0.8720, Recall: 0.8084, Precision: 0.7778, FPR: 0.1003, FNR: 0.1916
2025-06-09 22:43:44,456 - INFO - Epoch [72/100], Loss: 0.0452, F1: 0.8373, Accuracy: 0.9070, Recall: 0.7900, Precision: 0.8905, FPR: 0.0422, FNR: 0.2100
2025-06-09 22:43:44,902 - INFO - Epoch [73/100], Loss: 0.0239, F1: 0.8239, Accuracy: 0.8990, Recall: 0.7795, Precision: 0.8735, FPR: 0.0490, FNR: 0.2205
2025-06-09 22:43:45,351 - INFO - Epoch [74/100], Loss: 0.0237, F1: 0.8411, Accuracy: 0.9078, Recall: 0.8058, Precision: 0.8797, FPR: 0.0479, FNR: 0.1942
2025-06-09 22:43:45,805 - INFO - Epoch [75/100], Loss: 0.0217, F1: 0.8079, Accuracy: 0.8847, Recall: 0.8005, Precision: 0.8155, FPR: 0.0787, FNR: 0.1995
2025-06-09 22:43:46,260 - INFO - Epoch [76/100], Loss: 0.0239, F1: 0.7758, Accuracy: 0.8792, Recall: 0.6903, Precision: 0.8855, FPR: 0.0388, FNR: 0.3097
2025-06-09 22:43:46,716 - INFO - Epoch [77/100], Loss: 0.0228, F1: 0.8146, Accuracy: 0.8911, Recall: 0.7900, Precision: 0.8408, FPR: 0.0650, FNR: 0.2100
2025-06-09 22:43:47,169 - INFO - Epoch [78/100], Loss: 0.0204, F1: 0.8194, Accuracy: 0.8967, Recall: 0.7743, Precision: 0.8702, FPR: 0.0502, FNR: 0.2257
2025-06-09 22:43:47,630 - INFO - Epoch [79/100], Loss: 0.0164, F1: 0.8338, Accuracy: 0.8983, Recall: 0.8425, Precision: 0.8252, FPR: 0.0775, FNR: 0.1575
2025-06-09 22:43:48,092 - INFO - Epoch [80/100], Loss: 0.0142, F1: 0.8297, Accuracy: 0.9014, Recall: 0.7927, Precision: 0.8703, FPR: 0.0513, FNR: 0.2073
2025-06-09 22:43:48,542 - INFO - Epoch [81/100], Loss: 0.0120, F1: 0.8021, Accuracy: 0.8816, Recall: 0.7927, Precision: 0.8118, FPR: 0.0798, FNR: 0.2073
2025-06-09 22:43:48,997 - INFO - Epoch [82/100], Loss: 0.0180, F1: 0.8371, Accuracy: 0.9022, Recall: 0.8294, Precision: 0.8449, FPR: 0.0661, FNR: 0.1706
2025-06-09 22:43:49,452 - INFO - Epoch [83/100], Loss: 0.0355, F1: 0.7989, Accuracy: 0.8824, Recall: 0.7717, Precision: 0.8282, FPR: 0.0696, FNR: 0.2283
2025-06-09 22:43:49,903 - INFO - Epoch [84/100], Loss: 0.0308, F1: 0.8279, Accuracy: 0.9038, Recall: 0.7638, Precision: 0.9037, FPR: 0.0353, FNR: 0.2362
2025-06-09 22:43:50,356 - INFO - Epoch [85/100], Loss: 0.0122, F1: 0.8130, Accuracy: 0.8951, Recall: 0.7533, Precision: 0.8831, FPR: 0.0433, FNR: 0.2467
2025-06-09 22:43:50,811 - INFO - Epoch [86/100], Loss: 0.0108, F1: 0.8304, Accuracy: 0.9006, Recall: 0.8031, Precision: 0.8596, FPR: 0.0570, FNR: 0.1969
2025-06-09 22:43:51,266 - INFO - Epoch [87/100], Loss: 0.0174, F1: 0.8117, Accuracy: 0.8975, Recall: 0.7297, Precision: 0.9145, FPR: 0.0296, FNR: 0.2703
2025-06-09 22:43:51,721 - INFO - Epoch [88/100], Loss: 0.0247, F1: 0.8047, Accuracy: 0.8935, Recall: 0.7244, Precision: 0.9049, FPR: 0.0331, FNR: 0.2756
2025-06-09 22:43:52,172 - INFO - Epoch [89/100], Loss: 0.0175, F1: 0.8178, Accuracy: 0.8895, Recall: 0.8189, Precision: 0.8168, FPR: 0.0798, FNR: 0.1811
2025-06-09 22:43:52,621 - INFO - Epoch [90/100], Loss: 0.0083, F1: 0.8254, Accuracy: 0.8951, Recall: 0.8189, Precision: 0.8320, FPR: 0.0718, FNR: 0.1811
2025-06-09 22:43:53,061 - INFO - Epoch [91/100], Loss: 0.0187, F1: 0.8308, Accuracy: 0.9022, Recall: 0.7927, Precision: 0.8728, FPR: 0.0502, FNR: 0.2073
2025-06-09 22:43:53,502 - INFO - Epoch [92/100], Loss: 0.0277, F1: 0.7771, Accuracy: 0.8824, Recall: 0.6772, Precision: 0.9117, FPR: 0.0285, FNR: 0.3228
2025-06-09 22:43:53,943 - INFO - Epoch [93/100], Loss: 0.0606, F1: 0.7823, Accuracy: 0.8712, Recall: 0.7638, Precision: 0.8017, FPR: 0.0821, FNR: 0.2362
2025-06-09 22:43:54,381 - INFO - Epoch [94/100], Loss: 0.0215, F1: 0.8345, Accuracy: 0.9070, Recall: 0.7743, Precision: 0.9049, FPR: 0.0353, FNR: 0.2257
2025-06-09 22:43:54,824 - INFO - Epoch [95/100], Loss: 0.0037, F1: 0.8303, Accuracy: 0.9022, Recall: 0.7900, Precision: 0.8750, FPR: 0.0490, FNR: 0.2100
2025-06-09 22:43:55,264 - INFO - Epoch [96/100], Loss: 0.0021, F1: 0.8258, Accuracy: 0.9014, Recall: 0.7717, Precision: 0.8882, FPR: 0.0422, FNR: 0.2283
2025-06-09 22:43:55,702 - INFO - Epoch [97/100], Loss: 0.0017, F1: 0.8375, Accuracy: 0.9078, Recall: 0.7848, Precision: 0.8979, FPR: 0.0388, FNR: 0.2152
2025-06-09 22:43:56,148 - INFO - Epoch [98/100], Loss: 0.0014, F1: 0.8329, Accuracy: 0.9046, Recall: 0.7848, Precision: 0.8872, FPR: 0.0433, FNR: 0.2152
2025-06-09 22:43:56,589 - INFO - Epoch [99/100], Loss: 0.0013, F1: 0.8317, Accuracy: 0.9038, Recall: 0.7848, Precision: 0.8846, FPR: 0.0445, FNR: 0.2152
2025-06-09 22:43:57,031 - INFO - Epoch [100/100], Loss: 0.0012, F1: 0.8354, Accuracy: 0.9054, Recall: 0.7927, Precision: 0.8830, FPR: 0.0456, FNR: 0.2073
2025-06-09 22:43:57,031 - INFO - ---------------------------结束模型训练---------------------------
2025-06-09 22:43:57,031 - INFO - 总共用时0:00:45.457775，平均用时 0:00:00.454578 /epoch
2025-06-09 22:43:57,062 - INFO - 测试结果为：
2025-06-09 22:43:57,062 - INFO - {'F1': 0.8354, 'Accuracy': 0.9054, 'Recall': 0.7927, 'Precision': 0.883, 'FPR': np.float64(0.0456), 'FNR': np.float64(0.2073)}
