2025-06-09 22:38:26,822 - INFO - ---------------------------数据集描述---------------------------
2025-06-09 22:38:26,822 - INFO - 训练数据集为HR-single
2025-06-09 22:38:26,822 - INFO - Loading data from yaml/09-10000_single_inductioncooker_m1.yaml
2025-06-09 22:38:26,822 - INFO - Loading data from yaml/10-10000_single_refrigerator_m1.yaml
2025-06-09 22:38:26,822 - INFO - Loading data from yaml/11-10000_single_electricoven_m1.yaml
2025-06-09 22:38:26,822 - INFO - Loading data from yaml/12-10000_single_ricecooker_m1.yaml
2025-06-09 22:38:26,822 - INFO - Loading data from yaml/13-10000_single_kettle01_m1.yaml
2025-06-09 22:38:26,822 - INFO - Loading data from yaml/14-10000_single_microwaveoven_m1.yaml
2025-06-09 22:38:28,434 - INFO - 数据读取完成，总共用时1.61 秒
2025-06-09 22:38:28,435 - INFO - 使用 cuda 训练模型
2025-06-09 22:38:28,945 - INFO - 使用 10000 的数据集, 窗口大小为 1000
2025-06-09 22:38:28,945 - INFO - ---------------------------超参数设置---------------------------
2025-06-09 22:38:28,945 - INFO - data_type: HR-single
2025-06-09 22:38:28,945 - INFO - data_path: /root/AFCI/Datasets/
2025-06-09 22:38:28,945 - INFO - model: AE
2025-06-09 22:38:28,945 - INFO - window_size: 1000
2025-06-09 22:38:28,945 - INFO - epochs: 100
2025-06-09 22:38:28,945 - INFO - batch_size: 128
2025-06-09 22:38:28,945 - INFO - lr: 0.0005
2025-06-09 22:38:28,945 - INFO - optimizer: Adam
2025-06-09 22:38:28,945 - INFO - momentum: 0.9
2025-06-09 22:38:28,945 - INFO - device: cuda
2025-06-09 22:38:28,945 - INFO - log_interval: 1
2025-06-09 22:38:28,945 - INFO - save_interval: 1
2025-06-09 22:38:28,945 - INFO - save_path: /root/AFCI/checkpoints
2025-06-09 22:38:28,945 - INFO - ---------------------------模型结构---------------------------
2025-06-09 22:38:28,946 - INFO - 模型参数量为：65674585
2025-06-09 22:38:28,946 - INFO - AE(
  (conv1): Conv1d(1, 8, kernel_size=(4,), stride=(1,))
  (fc1): Linear(in_features=7976, out_features=7976, bias=True)
  (fc2): Linear(in_features=7976, out_features=128, bias=True)
  (fc3): Linear(in_features=128, out_features=7976, bias=True)
  (pad): ConstantPad1d(padding=(3, 2), value=0)
  (conv2): Conv1d(8, 1, kernel_size=(4,), stride=(1,))
  (relu): ReLU()
)
2025-06-09 22:38:30,136 - INFO - ---------------------------开始模型训练---------------------------
2025-06-09 22:38:31,265 - INFO - Epoch [1/100], Loss: 0.8746, F1: 0.4724, Accuracy: 0.6804, Recall: 0.4918, Precision: 0.4545, FPR: 0.2422, FNR: 0.5082
2025-06-09 22:38:32,025 - INFO - Epoch [2/100], Loss: 0.6098, F1: 0.4987, Accuracy: 0.5126, Recall: 0.8331, Precision: 0.3558, FPR: 0.6190, FNR: 0.1669
2025-06-09 22:38:32,799 - INFO - Epoch [3/100], Loss: 0.5780, F1: 0.2960, Accuracy: 0.7381, Recall: 0.1893, Precision: 0.6791, FPR: 0.0367, FNR: 0.8107
2025-06-09 22:38:33,562 - INFO - Epoch [4/100], Loss: 0.5521, F1: 0.3834, Accuracy: 0.7489, Recall: 0.2683, Precision: 0.6716, FPR: 0.0538, FNR: 0.7317
2025-06-09 22:38:34,325 - INFO - Epoch [5/100], Loss: 0.5097, F1: 0.4918, Accuracy: 0.7706, Recall: 0.3815, Precision: 0.6919, FPR: 0.0697, FNR: 0.6185
2025-06-09 22:38:35,089 - INFO - Epoch [6/100], Loss: 0.5052, F1: 0.3388, Accuracy: 0.7563, Recall: 0.2146, Precision: 0.8045, FPR: 0.0214, FNR: 0.7854
2025-06-09 22:38:35,862 - INFO - Epoch [7/100], Loss: 0.4810, F1: 0.5895, Accuracy: 0.7971, Recall: 0.5007, Precision: 0.7164, FPR: 0.0813, FNR: 0.4993
2025-06-09 22:38:36,628 - INFO - Epoch [8/100], Loss: 0.4842, F1: 0.5011, Accuracy: 0.7944, Recall: 0.3547, Precision: 0.8530, FPR: 0.0251, FNR: 0.6453
2025-06-09 22:38:37,390 - INFO - Epoch [9/100], Loss: 0.4684, F1: 0.5708, Accuracy: 0.7320, Recall: 0.6125, Precision: 0.5345, FPR: 0.2190, FNR: 0.3875
2025-06-09 22:38:38,151 - INFO - Epoch [10/100], Loss: 0.4753, F1: 0.6485, Accuracy: 0.8040, Recall: 0.6215, Precision: 0.6780, FPR: 0.1211, FNR: 0.3785
2025-06-09 22:38:38,911 - INFO - Epoch [11/100], Loss: 0.4495, F1: 0.5744, Accuracy: 0.7879, Recall: 0.4918, Precision: 0.6904, FPR: 0.0905, FNR: 0.5082
2025-06-09 22:38:39,669 - INFO - Epoch [12/100], Loss: 0.4565, F1: 0.6211, Accuracy: 0.7979, Recall: 0.5693, Precision: 0.6834, FPR: 0.1083, FNR: 0.4307
2025-06-09 22:38:40,430 - INFO - Epoch [13/100], Loss: 0.4205, F1: 0.6094, Accuracy: 0.8226, Recall: 0.4754, Precision: 0.8484, FPR: 0.0349, FNR: 0.5246
2025-06-09 22:38:41,194 - INFO - Epoch [14/100], Loss: 0.4050, F1: 0.6122, Accuracy: 0.7593, Recall: 0.6528, Precision: 0.5763, FPR: 0.1969, FNR: 0.3472
2025-06-09 22:38:41,957 - INFO - Epoch [15/100], Loss: 0.4747, F1: 0.5655, Accuracy: 0.6448, Recall: 0.7943, Precision: 0.4390, FPR: 0.4165, FNR: 0.2057
2025-06-09 22:38:42,716 - INFO - Epoch [16/100], Loss: 0.5271, F1: 0.5779, Accuracy: 0.8075, Recall: 0.4531, Precision: 0.7979, FPR: 0.0471, FNR: 0.5469
2025-06-09 22:38:43,473 - INFO - Epoch [17/100], Loss: 0.4289, F1: 0.6329, Accuracy: 0.8209, Recall: 0.5306, Precision: 0.7841, FPR: 0.0599, FNR: 0.4694
2025-06-09 22:38:44,235 - INFO - Epoch [18/100], Loss: 0.4040, F1: 0.6205, Accuracy: 0.8122, Recall: 0.5276, Precision: 0.7532, FPR: 0.0709, FNR: 0.4724
2025-06-09 22:38:44,995 - INFO - Epoch [19/100], Loss: 0.3968, F1: 0.6958, Accuracy: 0.8192, Recall: 0.7109, Precision: 0.6814, FPR: 0.1364, FNR: 0.2891
2025-06-09 22:38:45,761 - INFO - Epoch [20/100], Loss: 0.3631, F1: 0.6953, Accuracy: 0.8495, Recall: 0.5902, Precision: 0.8462, FPR: 0.0440, FNR: 0.4098
2025-06-09 22:38:46,524 - INFO - Epoch [21/100], Loss: 0.3546, F1: 0.7074, Accuracy: 0.8526, Recall: 0.6125, Precision: 0.8371, FPR: 0.0489, FNR: 0.3875
2025-06-09 22:38:47,287 - INFO - Epoch [22/100], Loss: 0.3430, F1: 0.7164, Accuracy: 0.8135, Recall: 0.8092, Precision: 0.6426, FPR: 0.1847, FNR: 0.1908
2025-06-09 22:38:48,057 - INFO - Epoch [23/100], Loss: 0.3303, F1: 0.7111, Accuracy: 0.8534, Recall: 0.6200, Precision: 0.8337, FPR: 0.0508, FNR: 0.3800
2025-06-09 22:38:48,821 - INFO - Epoch [24/100], Loss: 0.3770, F1: 0.6685, Accuracy: 0.7927, Recall: 0.7183, Precision: 0.6252, FPR: 0.1768, FNR: 0.2817
2025-06-09 22:38:49,580 - INFO - Epoch [25/100], Loss: 0.3624, F1: 0.6840, Accuracy: 0.7940, Recall: 0.7660, Precision: 0.6178, FPR: 0.1945, FNR: 0.2340
2025-06-09 22:38:50,342 - INFO - Epoch [26/100], Loss: 0.3266, F1: 0.6822, Accuracy: 0.8231, Recall: 0.6528, Precision: 0.7145, FPR: 0.1070, FNR: 0.3472
2025-06-09 22:38:51,104 - INFO - Epoch [27/100], Loss: 0.3298, F1: 0.7449, Accuracy: 0.8690, Recall: 0.6572, Precision: 0.8596, FPR: 0.0440, FNR: 0.3428
2025-06-09 22:38:51,867 - INFO - Epoch [28/100], Loss: 0.3001, F1: 0.7419, Accuracy: 0.8521, Recall: 0.7303, Precision: 0.7538, FPR: 0.0979, FNR: 0.2697
2025-06-09 22:38:52,627 - INFO - Epoch [29/100], Loss: 0.3230, F1: 0.7539, Accuracy: 0.8573, Recall: 0.7511, Precision: 0.7568, FPR: 0.0991, FNR: 0.2489
2025-06-09 22:38:53,392 - INFO - Epoch [30/100], Loss: 0.2767, F1: 0.7763, Accuracy: 0.8721, Recall: 0.7630, Precision: 0.7901, FPR: 0.0832, FNR: 0.2370
2025-06-09 22:38:54,164 - INFO - Epoch [31/100], Loss: 0.2439, F1: 0.7649, Accuracy: 0.8781, Recall: 0.6811, Precision: 0.8721, FPR: 0.0410, FNR: 0.3189
2025-06-09 22:38:54,932 - INFO - Epoch [32/100], Loss: 0.2308, F1: 0.7100, Accuracy: 0.8608, Recall: 0.5857, Precision: 0.9014, FPR: 0.0263, FNR: 0.4143
2025-06-09 22:38:55,702 - INFO - Epoch [33/100], Loss: 0.2477, F1: 0.7882, Accuracy: 0.8881, Recall: 0.7154, Precision: 0.8775, FPR: 0.0410, FNR: 0.2846
2025-06-09 22:38:56,470 - INFO - Epoch [34/100], Loss: 0.2127, F1: 0.7582, Accuracy: 0.8586, Recall: 0.7615, Precision: 0.7548, FPR: 0.1015, FNR: 0.2385
2025-06-09 22:38:57,246 - INFO - Epoch [35/100], Loss: 0.2218, F1: 0.8060, Accuracy: 0.8985, Recall: 0.7243, Precision: 0.9084, FPR: 0.0300, FNR: 0.2757
2025-06-09 22:38:58,032 - INFO - Epoch [36/100], Loss: 0.1851, F1: 0.8233, Accuracy: 0.8907, Recall: 0.8748, Precision: 0.7775, FPR: 0.1028, FNR: 0.1252
2025-06-09 22:38:58,818 - INFO - Epoch [37/100], Loss: 0.1858, F1: 0.8357, Accuracy: 0.9081, Recall: 0.8033, Precision: 0.8708, FPR: 0.0489, FNR: 0.1967
2025-06-09 22:38:59,600 - INFO - Epoch [38/100], Loss: 0.1660, F1: 0.7498, Accuracy: 0.8773, Recall: 0.6319, Precision: 0.9217, FPR: 0.0220, FNR: 0.3681
2025-06-09 22:39:00,368 - INFO - Epoch [39/100], Loss: 0.1857, F1: 0.8138, Accuracy: 0.8994, Recall: 0.7556, Precision: 0.8817, FPR: 0.0416, FNR: 0.2444
2025-06-09 22:39:01,144 - INFO - Epoch [40/100], Loss: 0.1801, F1: 0.8483, Accuracy: 0.9085, Recall: 0.8793, Precision: 0.8194, FPR: 0.0795, FNR: 0.1207
2025-06-09 22:39:01,919 - INFO - Epoch [41/100], Loss: 0.1479, F1: 0.8522, Accuracy: 0.9150, Recall: 0.8420, Precision: 0.8626, FPR: 0.0550, FNR: 0.1580
2025-06-09 22:39:02,702 - INFO - Epoch [42/100], Loss: 0.1502, F1: 0.8349, Accuracy: 0.9007, Recall: 0.8629, Precision: 0.8087, FPR: 0.0838, FNR: 0.1371
2025-06-09 22:39:03,483 - INFO - Epoch [43/100], Loss: 0.1578, F1: 0.8240, Accuracy: 0.9059, Recall: 0.7571, Precision: 0.9039, FPR: 0.0330, FNR: 0.2429
2025-06-09 22:39:04,273 - INFO - Epoch [44/100], Loss: 0.1365, F1: 0.8544, Accuracy: 0.9141, Recall: 0.8659, Precision: 0.8433, FPR: 0.0661, FNR: 0.1341
2025-06-09 22:39:05,059 - INFO - Epoch [45/100], Loss: 0.1251, F1: 0.8250, Accuracy: 0.9029, Recall: 0.7869, Precision: 0.8670, FPR: 0.0495, FNR: 0.2131
2025-06-09 22:39:05,831 - INFO - Epoch [46/100], Loss: 0.1026, F1: 0.8669, Accuracy: 0.9206, Recall: 0.8882, Precision: 0.8466, FPR: 0.0661, FNR: 0.1118
2025-06-09 22:39:06,604 - INFO - Epoch [47/100], Loss: 0.1068, F1: 0.8343, Accuracy: 0.9137, Recall: 0.7466, Precision: 0.9453, FPR: 0.0177, FNR: 0.2534
2025-06-09 22:39:07,377 - INFO - Epoch [48/100], Loss: 0.1285, F1: 0.8492, Accuracy: 0.9085, Recall: 0.8852, Precision: 0.8159, FPR: 0.0820, FNR: 0.1148
2025-06-09 22:39:08,149 - INFO - Epoch [49/100], Loss: 0.1113, F1: 0.8554, Accuracy: 0.9176, Recall: 0.8376, Precision: 0.8740, FPR: 0.0495, FNR: 0.1624
2025-06-09 22:39:08,919 - INFO - Epoch [50/100], Loss: 0.0947, F1: 0.7975, Accuracy: 0.9003, Recall: 0.6751, Precision: 0.9742, FPR: 0.0073, FNR: 0.3249
2025-06-09 22:39:09,688 - INFO - Epoch [51/100], Loss: 0.0900, F1: 0.8578, Accuracy: 0.9245, Recall: 0.7824, Precision: 0.9494, FPR: 0.0171, FNR: 0.2176
2025-06-09 22:39:10,460 - INFO - Epoch [52/100], Loss: 0.0832, F1: 0.8647, Accuracy: 0.9245, Recall: 0.8286, Precision: 0.9041, FPR: 0.0361, FNR: 0.1714
2025-06-09 22:39:11,238 - INFO - Epoch [53/100], Loss: 0.0977, F1: 0.8697, Accuracy: 0.9293, Recall: 0.8107, Precision: 0.9379, FPR: 0.0220, FNR: 0.1893
2025-06-09 22:39:12,017 - INFO - Epoch [54/100], Loss: 0.0922, F1: 0.8689, Accuracy: 0.9228, Recall: 0.8793, Precision: 0.8588, FPR: 0.0593, FNR: 0.1207
2025-06-09 22:39:12,797 - INFO - Epoch [55/100], Loss: 0.0748, F1: 0.8457, Accuracy: 0.9167, Recall: 0.7839, Precision: 0.9180, FPR: 0.0287, FNR: 0.2161
2025-06-09 22:39:13,567 - INFO - Epoch [56/100], Loss: 0.0737, F1: 0.8108, Accuracy: 0.9024, Recall: 0.7183, Precision: 0.9305, FPR: 0.0220, FNR: 0.2817
2025-06-09 22:39:14,339 - INFO - Epoch [57/100], Loss: 0.0849, F1: 0.8698, Accuracy: 0.9258, Recall: 0.8510, Precision: 0.8894, FPR: 0.0434, FNR: 0.1490
2025-06-09 22:39:15,124 - INFO - Epoch [58/100], Loss: 0.0673, F1: 0.8708, Accuracy: 0.9306, Recall: 0.8033, Precision: 0.9506, FPR: 0.0171, FNR: 0.1967
2025-06-09 22:39:15,906 - INFO - Epoch [59/100], Loss: 0.0657, F1: 0.8595, Accuracy: 0.9245, Recall: 0.7928, Precision: 0.9383, FPR: 0.0214, FNR: 0.2072
2025-06-09 22:39:16,677 - INFO - Epoch [60/100], Loss: 0.0666, F1: 0.8675, Accuracy: 0.9267, Recall: 0.8241, Precision: 0.9156, FPR: 0.0312, FNR: 0.1759
2025-06-09 22:39:17,458 - INFO - Epoch [61/100], Loss: 0.0625, F1: 0.8620, Accuracy: 0.9258, Recall: 0.7958, Precision: 0.9401, FPR: 0.0208, FNR: 0.2042
2025-06-09 22:39:18,232 - INFO - Epoch [62/100], Loss: 0.0641, F1: 0.8830, Accuracy: 0.9354, Recall: 0.8376, Precision: 0.9336, FPR: 0.0245, FNR: 0.1624
2025-06-09 22:39:19,011 - INFO - Epoch [63/100], Loss: 0.0609, F1: 0.8601, Accuracy: 0.9237, Recall: 0.8063, Precision: 0.9216, FPR: 0.0281, FNR: 0.1937
2025-06-09 22:39:19,785 - INFO - Epoch [64/100], Loss: 0.0531, F1: 0.8677, Accuracy: 0.9258, Recall: 0.8361, Precision: 0.9019, FPR: 0.0373, FNR: 0.1639
2025-06-09 22:39:20,565 - INFO - Epoch [65/100], Loss: 0.0537, F1: 0.8751, Accuracy: 0.9310, Recall: 0.8301, Precision: 0.9252, FPR: 0.0275, FNR: 0.1699
2025-06-09 22:39:21,341 - INFO - Epoch [66/100], Loss: 0.0355, F1: 0.8715, Accuracy: 0.9289, Recall: 0.8286, Precision: 0.9190, FPR: 0.0300, FNR: 0.1714
2025-06-09 22:39:22,108 - INFO - Epoch [67/100], Loss: 0.0478, F1: 0.8650, Accuracy: 0.9271, Recall: 0.8018, Precision: 0.9389, FPR: 0.0214, FNR: 0.1982
2025-06-09 22:39:22,877 - INFO - Epoch [68/100], Loss: 0.0486, F1: 0.8560, Accuracy: 0.9211, Recall: 0.8063, Precision: 0.9123, FPR: 0.0318, FNR: 0.1937
2025-06-09 22:39:23,656 - INFO - Epoch [69/100], Loss: 0.0427, F1: 0.8951, Accuracy: 0.9415, Recall: 0.8584, Precision: 0.9351, FPR: 0.0245, FNR: 0.1416
2025-06-09 22:39:24,434 - INFO - Epoch [70/100], Loss: 0.0274, F1: 0.8732, Accuracy: 0.9324, Recall: 0.8003, Precision: 0.9606, FPR: 0.0135, FNR: 0.1997
2025-06-09 22:39:25,210 - INFO - Epoch [71/100], Loss: 0.0322, F1: 0.8812, Accuracy: 0.9341, Recall: 0.8405, Precision: 0.9261, FPR: 0.0275, FNR: 0.1595
2025-06-09 22:39:25,985 - INFO - Epoch [72/100], Loss: 0.0317, F1: 0.8712, Accuracy: 0.9297, Recall: 0.8167, Precision: 0.9336, FPR: 0.0239, FNR: 0.1833
2025-06-09 22:39:26,757 - INFO - Epoch [73/100], Loss: 0.0646, F1: 0.8452, Accuracy: 0.9167, Recall: 0.7809, Precision: 0.9209, FPR: 0.0275, FNR: 0.2191
2025-06-09 22:39:27,550 - INFO - Epoch [74/100], Loss: 0.0397, F1: 0.8785, Accuracy: 0.9332, Recall: 0.8301, Precision: 0.9330, FPR: 0.0245, FNR: 0.1699
2025-06-09 22:39:28,338 - INFO - Epoch [75/100], Loss: 0.0295, F1: 0.8625, Accuracy: 0.9180, Recall: 0.8838, Precision: 0.8423, FPR: 0.0679, FNR: 0.1162
2025-06-09 22:39:29,110 - INFO - Epoch [76/100], Loss: 0.0579, F1: 0.8526, Accuracy: 0.9228, Recall: 0.7675, Precision: 0.9590, FPR: 0.0135, FNR: 0.2325
2025-06-09 22:39:29,879 - INFO - Epoch [77/100], Loss: 0.0431, F1: 0.8832, Accuracy: 0.9332, Recall: 0.8674, Precision: 0.8995, FPR: 0.0398, FNR: 0.1326
2025-06-09 22:39:30,658 - INFO - Epoch [78/100], Loss: 0.0382, F1: 0.8530, Accuracy: 0.9211, Recall: 0.7869, Precision: 0.9312, FPR: 0.0239, FNR: 0.2131
2025-06-09 22:39:31,448 - INFO - Epoch [79/100], Loss: 0.0564, F1: 0.8622, Accuracy: 0.9258, Recall: 0.7973, Precision: 0.9386, FPR: 0.0214, FNR: 0.2027
2025-06-09 22:39:32,225 - INFO - Epoch [80/100], Loss: 0.0258, F1: 0.8957, Accuracy: 0.9423, Recall: 0.8510, Precision: 0.9454, FPR: 0.0202, FNR: 0.1490
2025-06-09 22:39:33,006 - INFO - Epoch [81/100], Loss: 0.0143, F1: 0.8936, Accuracy: 0.9410, Recall: 0.8510, Precision: 0.9407, FPR: 0.0220, FNR: 0.1490
2025-06-09 22:39:33,784 - INFO - Epoch [82/100], Loss: 0.0478, F1: 0.8399, Accuracy: 0.9055, Recall: 0.8525, Precision: 0.8278, FPR: 0.0728, FNR: 0.1475
2025-06-09 22:39:34,553 - INFO - Epoch [83/100], Loss: 0.1605, F1: 0.8656, Accuracy: 0.9250, Recall: 0.8301, Precision: 0.9042, FPR: 0.0361, FNR: 0.1699
2025-06-09 22:39:35,344 - INFO - Epoch [84/100], Loss: 0.0987, F1: 0.8656, Accuracy: 0.9267, Recall: 0.8107, Precision: 0.9283, FPR: 0.0257, FNR: 0.1893
2025-06-09 22:39:36,124 - INFO - Epoch [85/100], Loss: 0.0373, F1: 0.8370, Accuracy: 0.9159, Recall: 0.7422, Precision: 0.9595, FPR: 0.0128, FNR: 0.2578
2025-06-09 22:39:36,902 - INFO - Epoch [86/100], Loss: 0.0354, F1: 0.8904, Accuracy: 0.9380, Recall: 0.8659, Precision: 0.9164, FPR: 0.0324, FNR: 0.1341
2025-06-09 22:39:37,671 - INFO - Epoch [87/100], Loss: 0.0251, F1: 0.8742, Accuracy: 0.9315, Recall: 0.8182, Precision: 0.9385, FPR: 0.0220, FNR: 0.1818
2025-06-09 22:39:38,440 - INFO - Epoch [88/100], Loss: 0.0203, F1: 0.8361, Accuracy: 0.9150, Recall: 0.7452, Precision: 0.9524, FPR: 0.0153, FNR: 0.2548
2025-06-09 22:39:39,215 - INFO - Epoch [89/100], Loss: 0.0543, F1: 0.8781, Accuracy: 0.9337, Recall: 0.8212, Precision: 0.9435, FPR: 0.0202, FNR: 0.1788
2025-06-09 22:39:39,994 - INFO - Epoch [90/100], Loss: 0.0305, F1: 0.8395, Accuracy: 0.9167, Recall: 0.7481, Precision: 0.9562, FPR: 0.0141, FNR: 0.2519
2025-06-09 22:39:40,769 - INFO - Epoch [91/100], Loss: 0.0224, F1: 0.8574, Accuracy: 0.9241, Recall: 0.7839, Precision: 0.9460, FPR: 0.0183, FNR: 0.2161
2025-06-09 22:39:41,542 - INFO - Epoch [92/100], Loss: 0.0349, F1: 0.8816, Accuracy: 0.9328, Recall: 0.8599, Precision: 0.9044, FPR: 0.0373, FNR: 0.1401
2025-06-09 22:39:42,309 - INFO - Epoch [93/100], Loss: 0.0231, F1: 0.8739, Accuracy: 0.9302, Recall: 0.8316, Precision: 0.9208, FPR: 0.0294, FNR: 0.1684
2025-06-09 22:39:43,077 - INFO - Epoch [94/100], Loss: 0.0127, F1: 0.8877, Accuracy: 0.9367, Recall: 0.8599, Precision: 0.9173, FPR: 0.0318, FNR: 0.1401
2025-06-09 22:39:43,848 - INFO - Epoch [95/100], Loss: 0.0154, F1: 0.8898, Accuracy: 0.9402, Recall: 0.8301, Precision: 0.9587, FPR: 0.0147, FNR: 0.1699
2025-06-09 22:39:44,618 - INFO - Epoch [96/100], Loss: 0.0144, F1: 0.8770, Accuracy: 0.9341, Recall: 0.8077, Precision: 0.9593, FPR: 0.0141, FNR: 0.1923
2025-06-09 22:39:45,387 - INFO - Epoch [97/100], Loss: 0.0304, F1: 0.8672, Accuracy: 0.9297, Recall: 0.7884, Precision: 0.9636, FPR: 0.0122, FNR: 0.2116
2025-06-09 22:39:46,153 - INFO - Epoch [98/100], Loss: 0.0099, F1: 0.8896, Accuracy: 0.9371, Recall: 0.8703, Precision: 0.9097, FPR: 0.0355, FNR: 0.1297
2025-06-09 22:39:46,926 - INFO - Epoch [99/100], Loss: 0.0143, F1: 0.8821, Accuracy: 0.9350, Recall: 0.8361, Precision: 0.9334, FPR: 0.0245, FNR: 0.1639
2025-06-09 22:39:47,705 - INFO - Epoch [100/100], Loss: 0.0228, F1: 0.8330, Accuracy: 0.9150, Recall: 0.7288, Precision: 0.9722, FPR: 0.0086, FNR: 0.2712
2025-06-09 22:39:47,705 - INFO - ---------------------------结束模型训练---------------------------
2025-06-09 22:39:47,705 - INFO - 总共用时0:01:17.569004，平均用时 0:00:00.775690 /epoch
2025-06-09 22:39:47,754 - INFO - 测试结果为：
2025-06-09 22:39:47,755 - INFO - {'F1': 0.833, 'Accuracy': 0.915, 'Recall': 0.7288, 'Precision': 0.9722, 'FPR': np.float64(0.0086), 'FNR': np.float64(0.2712)}
