2026-06-26 00:58:03,144 - INFO - ---------------------------数据集描述---------------------------
2026-06-26 00:58:03,144 - INFO - 训练数据集为HR-single
2026-06-26 00:58:03,144 - INFO - 配置文件: /root/Projects/ArcFaultDetection/yaml/config/Transformer.yaml
2026-06-26 00:58:03,144 - INFO - 训练流程: deep_learning
2026-06-26 00:58:03,144 - INFO - Loading data from yaml/data/09-10000_single_inductioncooker_m1.yaml
2026-06-26 00:58:03,144 - INFO - Loading data from yaml/data/10-10000_single_refrigerator_m1.yaml
2026-06-26 00:58:03,144 - INFO - Loading data from yaml/data/11-10000_single_electricoven_m1.yaml
2026-06-26 00:58:03,145 - INFO - Loading data from yaml/data/12-10000_single_ricecooker_m1.yaml
2026-06-26 00:58:03,145 - INFO - Loading data from yaml/data/13-10000_single_kettle01_m1.yaml
2026-06-26 00:58:03,145 - INFO - Loading data from yaml/data/14-10000_single_microwaveoven_m1.yaml
2026-06-26 00:58:05,567 - INFO - 数据读取完成，总共用时2.42 秒
2026-06-26 00:58:05,568 - INFO - 使用 cuda 训练模型
2026-06-26 00:58:07,070 - INFO - 使用 10000 的数据集, 窗口大小为 1000
2026-06-26 00:58:07,071 - INFO - ---------------------------超参数设置---------------------------
2026-06-26 00:58:07,071 - INFO - data_type: HR-single
2026-06-26 00:58:07,071 - INFO - data_path: /root/Projects/Datasets/
2026-06-26 00:58:07,071 - INFO - model: Transformer
2026-06-26 00:58:07,071 - INFO - window_size: 1000
2026-06-26 00:58:07,071 - INFO - epochs: 100
2026-06-26 00:58:07,071 - INFO - batch_size: 256
2026-06-26 00:58:07,071 - INFO - lr: 0.0005
2026-06-26 00:58:07,071 - INFO - optimizer: Adam
2026-06-26 00:58:07,071 - INFO - momentum: 0.9
2026-06-26 00:58:07,071 - INFO - d_model: 64
2026-06-26 00:58:07,071 - INFO - nhead: 4
2026-06-26 00:58:07,071 - INFO - num_layers: 2
2026-06-26 00:58:07,071 - INFO - dim_feedforward: 128
2026-06-26 00:58:07,071 - INFO - dropout: 0.1
2026-06-26 00:58:07,071 - INFO - n_runs: 20
2026-06-26 00:58:07,071 - INFO - checkpoint_mode: both
2026-06-26 00:58:07,071 - INFO - checkpoint_path: None
2026-06-26 00:58:07,071 - INFO - model_save_format: state_dict
2026-06-26 00:58:07,071 - INFO - device: cuda
2026-06-26 00:58:07,072 - INFO - log_interval: 1
2026-06-26 00:58:07,072 - INFO - save_interval: 20
2026-06-26 00:58:07,072 - INFO - save_path: /root/Projects/AFCI/checkpoints
2026-06-26 00:58:07,072 - INFO - config: /root/Projects/ArcFaultDetection/yaml/config/Transformer.yaml
2026-06-26 00:58:07,072 - INFO - pipeline: deep_learning
2026-06-26 00:58:07,072 - INFO - ---------------------------模型结构---------------------------
2026-06-26 00:58:07,072 - INFO - 模型参数量为：265306626
2026-06-26 00:58:07,072 - INFO - TransformerModel(
  (input_proj): Linear(in_features=1, out_features=256, bias=True)
  (pos_encoder): PositionalEncoding()
  (transformer_encoder): TransformerEncoder(
    (layers): ModuleList(
      (0-3): 4 x TransformerEncoderLayer(
        (self_attn): MultiheadAttention(
          (out_proj): NonDynamicallyQuantizableLinear(in_features=256, out_features=256, bias=True)
        )
        (linear1): Linear(in_features=256, out_features=1024, bias=True)
        (dropout): Dropout(p=0.1, inplace=False)
        (linear2): Linear(in_features=1024, out_features=256, bias=True)
        (norm1): LayerNorm((256,), eps=1e-05, elementwise_affine=True)
        (norm2): LayerNorm((256,), eps=1e-05, elementwise_affine=True)
        (dropout1): Dropout(p=0.1, inplace=False)
        (dropout2): Dropout(p=0.1, inplace=False)
      )
    )
  )
  (classifier): Sequential(
    (0): Linear(in_features=256000, out_features=1024, bias=True)
    (1): ReLU()
    (2): Linear(in_features=1024, out_features=2, bias=True)
  )
)
2026-06-26 00:58:07,073 - INFO - ---------------------------模型复杂度---------------------------
2026-06-26 00:58:07,073 - WARNING - 未安装 thop，无法计算 MACs/FLOPs；请先安装 thop 后重试。
2026-06-26 00:58:07,073 - INFO - 模型复杂度：Params: 265306626 (265.306626 M)
2026-06-26 00:58:08,791 - INFO - ---------------------------开始模型训练---------------------------
2026-06-26 00:58:26,536 - INFO - Epoch [1/100], Loss: 8.5545, Accuracy: 0.7051, Precision: 0.0000, Recall: 0.0000, F1: 0.0000, FalseAlarmRate: 0.0000, MissedDetectionRate: 1.0000, ROC-AUC: 0.6270, PR-AUC: 0.3641
2026-06-26 00:58:28,162 - INFO - Best model updated at epoch 1, Accuracy: 0.7051
2026-06-26 00:58:47,199 - INFO - Epoch [2/100], Loss: 0.6052, Accuracy: 0.7051, Precision: 0.0000, Recall: 0.0000, F1: 0.0000, FalseAlarmRate: 0.0000, MissedDetectionRate: 1.0000, ROC-AUC: 0.6505, PR-AUC: 0.3816
2026-06-26 00:59:06,990 - INFO - Epoch [3/100], Loss: 0.5788, Accuracy: 0.7051, Precision: 0.0000, Recall: 0.0000, F1: 0.0000, FalseAlarmRate: 0.0000, MissedDetectionRate: 1.0000, ROC-AUC: 0.6535, PR-AUC: 0.3838
2026-06-26 00:59:26,807 - INFO - Epoch [4/100], Loss: 0.5735, Accuracy: 0.7051, Precision: 0.0000, Recall: 0.0000, F1: 0.0000, FalseAlarmRate: 0.0000, MissedDetectionRate: 1.0000, ROC-AUC: 0.6440, PR-AUC: 0.3712
2026-06-26 00:59:46,649 - INFO - Epoch [5/100], Loss: 0.5837, Accuracy: 0.7051, Precision: 0.0000, Recall: 0.0000, F1: 0.0000, FalseAlarmRate: 0.0000, MissedDetectionRate: 1.0000, ROC-AUC: 0.6721, PR-AUC: 0.3973
2026-06-26 01:00:06,481 - INFO - Epoch [6/100], Loss: 0.5890, Accuracy: 0.7051, Precision: 0.0000, Recall: 0.0000, F1: 0.0000, FalseAlarmRate: 0.0000, MissedDetectionRate: 1.0000, ROC-AUC: 0.6747, PR-AUC: 0.3989
2026-06-26 01:00:26,319 - INFO - Epoch [7/100], Loss: 0.5807, Accuracy: 0.7051, Precision: 0.0000, Recall: 0.0000, F1: 0.0000, FalseAlarmRate: 0.0000, MissedDetectionRate: 1.0000, ROC-AUC: 0.6699, PR-AUC: 0.3937
