2026-06-26 01:00:49,331 - INFO - ---------------------------数据集描述---------------------------
2026-06-26 01:00:49,331 - INFO - 训练数据集为HR-single
2026-06-26 01:00:49,331 - INFO - 配置文件: /root/Projects/ArcFaultDetection/yaml/config/Transformer.yaml
2026-06-26 01:00:49,331 - INFO - 训练流程: deep_learning
2026-06-26 01:00:49,332 - INFO - Loading data from yaml/data/09-10000_single_inductioncooker_m1.yaml
2026-06-26 01:00:49,332 - INFO - Loading data from yaml/data/10-10000_single_refrigerator_m1.yaml
2026-06-26 01:00:49,332 - INFO - Loading data from yaml/data/11-10000_single_electricoven_m1.yaml
2026-06-26 01:00:49,332 - INFO - Loading data from yaml/data/12-10000_single_ricecooker_m1.yaml
2026-06-26 01:00:49,332 - INFO - Loading data from yaml/data/13-10000_single_kettle01_m1.yaml
2026-06-26 01:00:49,332 - INFO - Loading data from yaml/data/14-10000_single_microwaveoven_m1.yaml
2026-06-26 01:00:51,674 - INFO - 数据读取完成，总共用时2.34 秒
2026-06-26 01:00:51,675 - INFO - 使用 cuda 训练模型
2026-06-26 01:00:53,173 - INFO - 使用 10000 的数据集, 窗口大小为 1000
2026-06-26 01:00:53,173 - INFO - ---------------------------超参数设置---------------------------
2026-06-26 01:00:53,173 - INFO - data_type: HR-single
2026-06-26 01:00:53,173 - INFO - data_path: /root/Projects/Datasets/
2026-06-26 01:00:53,173 - INFO - model: Transformer
2026-06-26 01:00:53,173 - INFO - window_size: 1000
2026-06-26 01:00:53,173 - INFO - epochs: 100
2026-06-26 01:00:53,173 - INFO - batch_size: 256
2026-06-26 01:00:53,173 - INFO - lr: 0.0001
2026-06-26 01:00:53,173 - INFO - optimizer: Adam
2026-06-26 01:00:53,173 - INFO - momentum: 0.9
2026-06-26 01:00:53,174 - INFO - d_model: 64
2026-06-26 01:00:53,174 - INFO - nhead: 4
2026-06-26 01:00:53,174 - INFO - num_layers: 2
2026-06-26 01:00:53,174 - INFO - dim_feedforward: 128
2026-06-26 01:00:53,174 - INFO - dropout: 0.1
2026-06-26 01:00:53,174 - INFO - n_runs: 20
2026-06-26 01:00:53,174 - INFO - checkpoint_mode: both
2026-06-26 01:00:53,174 - INFO - checkpoint_path: None
2026-06-26 01:00:53,174 - INFO - model_save_format: state_dict
2026-06-26 01:00:53,174 - INFO - device: cuda
2026-06-26 01:00:53,174 - INFO - log_interval: 1
2026-06-26 01:00:53,174 - INFO - save_interval: 20
2026-06-26 01:00:53,174 - INFO - save_path: /root/Projects/AFCI/checkpoints
2026-06-26 01:00:53,174 - INFO - config: /root/Projects/ArcFaultDetection/yaml/config/Transformer.yaml
2026-06-26 01:00:53,174 - INFO - pipeline: deep_learning
2026-06-26 01:00:53,174 - INFO - ---------------------------模型结构---------------------------
2026-06-26 01:00:53,174 - INFO - 模型参数量为：265306626
2026-06-26 01:00:53,174 - INFO - TransformerModel(
  (input_proj): Linear(in_features=1, out_features=256, bias=True)
  (pos_encoder): PositionalEncoding()
  (transformer_encoder): TransformerEncoder(
    (layers): ModuleList(
      (0-3): 4 x TransformerEncoderLayer(
        (self_attn): MultiheadAttention(
          (out_proj): NonDynamicallyQuantizableLinear(in_features=256, out_features=256, bias=True)
        )
        (linear1): Linear(in_features=256, out_features=1024, bias=True)
        (dropout): Dropout(p=0.1, inplace=False)
        (linear2): Linear(in_features=1024, out_features=256, bias=True)
        (norm1): LayerNorm((256,), eps=1e-05, elementwise_affine=True)
        (norm2): LayerNorm((256,), eps=1e-05, elementwise_affine=True)
        (dropout1): Dropout(p=0.1, inplace=False)
        (dropout2): Dropout(p=0.1, inplace=False)
      )
    )
  )
  (classifier): Sequential(
    (0): Linear(in_features=256000, out_features=1024, bias=True)
    (1): ReLU()
    (2): Linear(in_features=1024, out_features=2, bias=True)
  )
)
2026-06-26 01:00:53,175 - INFO - ---------------------------模型复杂度---------------------------
2026-06-26 01:00:53,175 - WARNING - 未安装 thop，无法计算 MACs/FLOPs；请先安装 thop 后重试。
2026-06-26 01:00:53,175 - INFO - 模型复杂度：Params: 265306626 (265.306626 M)
2026-06-26 01:00:54,860 - INFO - ---------------------------开始模型训练---------------------------
2026-06-26 01:01:12,800 - INFO - Epoch [1/100], Loss: 2.6326, Accuracy: 0.7207, Precision: 0.5854, Recall: 0.1429, F1: 0.2297, FalseAlarmRate: 0.0416, MissedDetectionRate: 0.8571, ROC-AUC: 0.7204, PR-AUC: 0.5166
2026-06-26 01:01:15,131 - INFO - Best model updated at epoch 1, Accuracy: 0.7207
2026-06-26 01:01:35,084 - INFO - Epoch [2/100], Loss: 0.5403, Accuracy: 0.7190, Precision: 0.5351, Recall: 0.2723, F1: 0.3609, FalseAlarmRate: 0.0973, MissedDetectionRate: 0.7277, ROC-AUC: 0.7419, PR-AUC: 0.5427
2026-06-26 01:01:55,086 - INFO - Epoch [3/100], Loss: 0.5314, Accuracy: 0.7520, Precision: 0.6073, Recall: 0.4211, F1: 0.4974, FalseAlarmRate: 0.1120, MissedDetectionRate: 0.5789, ROC-AUC: 0.7498, PR-AUC: 0.5685
2026-06-26 01:01:57,393 - INFO - Best model updated at epoch 3, Accuracy: 0.7520
2026-06-26 01:02:17,364 - INFO - Epoch [4/100], Loss: 0.5332, Accuracy: 0.7749, Precision: 0.7492, Recall: 0.3423, F1: 0.4699, FalseAlarmRate: 0.0471, MissedDetectionRate: 0.6577, ROC-AUC: 0.7850, PR-AUC: 0.6260
2026-06-26 01:02:19,700 - INFO - Best model updated at epoch 4, Accuracy: 0.7749
2026-06-26 01:02:39,672 - INFO - Epoch [5/100], Loss: 0.4881, Accuracy: 0.7858, Precision: 0.9198, Recall: 0.2902, F1: 0.4412, FalseAlarmRate: 0.0104, MissedDetectionRate: 0.7098, ROC-AUC: 0.8313, PR-AUC: 0.7140
2026-06-26 01:02:42,007 - INFO - Best model updated at epoch 5, Accuracy: 0.7858
2026-06-26 01:03:01,957 - INFO - Epoch [6/100], Loss: 0.4719, Accuracy: 0.8044, Precision: 0.8508, Recall: 0.3988, F1: 0.5431, FalseAlarmRate: 0.0288, MissedDetectionRate: 0.6012, ROC-AUC: 0.8783, PR-AUC: 0.7513
2026-06-26 01:03:04,250 - INFO - Best model updated at epoch 6, Accuracy: 0.8044
2026-06-26 01:03:24,192 - INFO - Epoch [7/100], Loss: 0.3908, Accuracy: 0.8838, Precision: 0.9449, Recall: 0.6384, F1: 0.7620, FalseAlarmRate: 0.0153, MissedDetectionRate: 0.3616, ROC-AUC: 0.9419, PR-AUC: 0.8840
2026-06-26 01:03:26,485 - INFO - Best model updated at epoch 7, Accuracy: 0.8838
2026-06-26 01:03:46,434 - INFO - Epoch [8/100], Loss: 0.3467, Accuracy: 0.8673, Precision: 0.9668, Recall: 0.5640, F1: 0.7124, FalseAlarmRate: 0.0080, MissedDetectionRate: 0.4360, ROC-AUC: 0.9526, PR-AUC: 0.8952
2026-06-26 01:04:06,452 - INFO - Epoch [9/100], Loss: 0.3035, Accuracy: 0.9172, Precision: 0.8511, Recall: 0.8676, F1: 0.8592, FalseAlarmRate: 0.0624, MissedDetectionRate: 0.1324, ROC-AUC: 0.9625, PR-AUC: 0.9186
2026-06-26 01:04:08,752 - INFO - Best model updated at epoch 9, Accuracy: 0.9172
2026-06-26 01:04:28,708 - INFO - Epoch [10/100], Loss: 0.2153, Accuracy: 0.6635, Precision: 0.4634, Recall: 0.9807, F1: 0.6294, FalseAlarmRate: 0.4670, MissedDetectionRate: 0.0193, ROC-AUC: 0.9599, PR-AUC: 0.9120
2026-06-26 01:04:48,699 - INFO - Epoch [11/100], Loss: 0.2264, Accuracy: 0.8625, Precision: 0.9837, Recall: 0.5372, F1: 0.6949, FalseAlarmRate: 0.0037, MissedDetectionRate: 0.4628, ROC-AUC: 0.9610, PR-AUC: 0.9165
2026-06-26 01:05:08,703 - INFO - Epoch [12/100], Loss: 0.2405, Accuracy: 0.9154, Precision: 0.8236, Recall: 0.9033, F1: 0.8616, FalseAlarmRate: 0.0796, MissedDetectionRate: 0.0967, ROC-AUC: 0.9684, PR-AUC: 0.9398
2026-06-26 01:05:28,704 - INFO - Epoch [13/100], Loss: 0.1980, Accuracy: 0.9258, Precision: 0.9827, Recall: 0.7589, F1: 0.8564, FalseAlarmRate: 0.0055, MissedDetectionRate: 0.2411, ROC-AUC: 0.9687, PR-AUC: 0.9444
2026-06-26 01:05:30,998 - INFO - Best model updated at epoch 13, Accuracy: 0.9258
2026-06-26 01:05:50,966 - INFO - Epoch [14/100], Loss: 0.2680, Accuracy: 0.9068, Precision: 0.9851, Recall: 0.6905, F1: 0.8119, FalseAlarmRate: 0.0043, MissedDetectionRate: 0.3095, ROC-AUC: 0.9690, PR-AUC: 0.9477
2026-06-26 01:06:11,012 - INFO - Epoch [15/100], Loss: 0.1921, Accuracy: 0.9350, Precision: 0.8896, Recall: 0.8869, F1: 0.8882, FalseAlarmRate: 0.0453, MissedDetectionRate: 0.1131, ROC-AUC: 0.9733, PR-AUC: 0.9567
2026-06-26 01:06:13,339 - INFO - Best model updated at epoch 15, Accuracy: 0.9350
2026-06-26 01:06:33,328 - INFO - Epoch [16/100], Loss: 0.1640, Accuracy: 0.9193, Precision: 0.9880, Recall: 0.7321, F1: 0.8410, FalseAlarmRate: 0.0037, MissedDetectionRate: 0.2679, ROC-AUC: 0.9718, PR-AUC: 0.9538
2026-06-26 01:06:53,335 - INFO - Epoch [17/100], Loss: 0.2278, Accuracy: 0.9237, Precision: 0.8379, Recall: 0.9152, F1: 0.8748, FalseAlarmRate: 0.0728, MissedDetectionRate: 0.0848, ROC-AUC: 0.9748, PR-AUC: 0.9577
2026-06-26 01:07:13,354 - INFO - Epoch [18/100], Loss: 0.1607, Accuracy: 0.9402, Precision: 0.9668, Recall: 0.8229, F1: 0.8891, FalseAlarmRate: 0.0116, MissedDetectionRate: 0.1771, ROC-AUC: 0.9754, PR-AUC: 0.9589
2026-06-26 01:07:15,653 - INFO - Best model updated at epoch 18, Accuracy: 0.9402
2026-06-26 01:07:35,624 - INFO - Epoch [19/100], Loss: 0.1513, Accuracy: 0.9410, Precision: 0.9123, Recall: 0.8824, F1: 0.8971, FalseAlarmRate: 0.0349, MissedDetectionRate: 0.1176, ROC-AUC: 0.9755, PR-AUC: 0.9595
2026-06-26 01:07:37,929 - INFO - Best model updated at epoch 19, Accuracy: 0.9410
2026-06-26 01:07:57,893 - INFO - Epoch [20/100], Loss: 0.1465, Accuracy: 0.9315, Precision: 0.8550, Recall: 0.9211, F1: 0.8868, FalseAlarmRate: 0.0643, MissedDetectionRate: 0.0789, ROC-AUC: 0.9788, PR-AUC: 0.9630
2026-06-26 01:08:19,581 - INFO - Epoch [21/100], Loss: 0.1364, Accuracy: 0.9436, Precision: 0.9357, Recall: 0.8661, F1: 0.8995, FalseAlarmRate: 0.0245, MissedDetectionRate: 0.1339, ROC-AUC: 0.9794, PR-AUC: 0.9649
2026-06-26 01:08:21,920 - INFO - Best model updated at epoch 21, Accuracy: 0.9436
2026-06-26 01:08:41,881 - INFO - Epoch [22/100], Loss: 0.1572, Accuracy: 0.9250, Precision: 0.8331, Recall: 0.9286, F1: 0.8783, FalseAlarmRate: 0.0765, MissedDetectionRate: 0.0714, ROC-AUC: 0.9787, PR-AUC: 0.9619
2026-06-26 01:09:01,861 - INFO - Epoch [23/100], Loss: 0.1369, Accuracy: 0.9441, Precision: 0.9594, Recall: 0.8438, F1: 0.8979, FalseAlarmRate: 0.0147, MissedDetectionRate: 0.1562, ROC-AUC: 0.9823, PR-AUC: 0.9670
2026-06-26 01:09:04,172 - INFO - Best model updated at epoch 23, Accuracy: 0.9441
2026-06-26 01:09:24,173 - INFO - Epoch [24/100], Loss: 0.1771, Accuracy: 0.3491, Precision: 0.3092, Recall: 1.0000, F1: 0.4724, FalseAlarmRate: 0.9186, MissedDetectionRate: 0.0000, ROC-AUC: 0.8097, PR-AUC: 0.5875
2026-06-26 01:09:44,206 - INFO - Epoch [25/100], Loss: 0.3573, Accuracy: 0.9350, Precision: 0.9078, Recall: 0.8646, F1: 0.8857, FalseAlarmRate: 0.0361, MissedDetectionRate: 0.1354, ROC-AUC: 0.9726, PR-AUC: 0.9562
2026-06-26 01:10:04,265 - INFO - Epoch [26/100], Loss: 0.1456, Accuracy: 0.9363, Precision: 0.8855, Recall: 0.8973, F1: 0.8914, FalseAlarmRate: 0.0477, MissedDetectionRate: 0.1027, ROC-AUC: 0.9754, PR-AUC: 0.9574
2026-06-26 01:10:24,288 - INFO - Epoch [27/100], Loss: 0.1320, Accuracy: 0.8265, Precision: 0.6315, Recall: 0.9717, F1: 0.7655, FalseAlarmRate: 0.2332, MissedDetectionRate: 0.0283, ROC-AUC: 0.9802, PR-AUC: 0.9622
2026-06-26 01:10:44,322 - INFO - Epoch [28/100], Loss: 0.1457, Accuracy: 0.8734, Precision: 0.7102, Recall: 0.9554, F1: 0.8147, FalseAlarmRate: 0.1603, MissedDetectionRate: 0.0446, ROC-AUC: 0.9790, PR-AUC: 0.9612
2026-06-26 01:11:04,365 - INFO - Epoch [29/100], Loss: 0.1520, Accuracy: 0.4406, Precision: 0.3423, Recall: 0.9985, F1: 0.5099, FalseAlarmRate: 0.7889, MissedDetectionRate: 0.0015, ROC-AUC: 0.9192, PR-AUC: 0.8432
2026-06-26 01:11:24,405 - INFO - Epoch [30/100], Loss: 0.2733, Accuracy: 0.9402, Precision: 0.9588, Recall: 0.8304, F1: 0.8900, FalseAlarmRate: 0.0147, MissedDetectionRate: 0.1696, ROC-AUC: 0.9777, PR-AUC: 0.9620
2026-06-26 01:11:44,443 - INFO - Epoch [31/100], Loss: 0.1562, Accuracy: 0.9345, Precision: 0.8803, Recall: 0.8973, F1: 0.8887, FalseAlarmRate: 0.0502, MissedDetectionRate: 0.1027, ROC-AUC: 0.9769, PR-AUC: 0.9610
2026-06-26 01:12:04,504 - INFO - Epoch [32/100], Loss: 0.1354, Accuracy: 0.9493, Precision: 0.9617, Recall: 0.8601, F1: 0.9081, FalseAlarmRate: 0.0141, MissedDetectionRate: 0.1399, ROC-AUC: 0.9809, PR-AUC: 0.9682
2026-06-26 01:12:06,834 - INFO - Best model updated at epoch 32, Accuracy: 0.9493
2026-06-26 01:12:26,793 - INFO - Epoch [33/100], Loss: 0.1387, Accuracy: 0.9506, Precision: 0.9415, Recall: 0.8854, F1: 0.9126, FalseAlarmRate: 0.0226, MissedDetectionRate: 0.1146, ROC-AUC: 0.9829, PR-AUC: 0.9698
2026-06-26 01:12:29,094 - INFO - Best model updated at epoch 33, Accuracy: 0.9506
2026-06-26 01:12:49,052 - INFO - Epoch [34/100], Loss: 0.1260, Accuracy: 0.8643, Precision: 0.6912, Recall: 0.9658, F1: 0.8057, FalseAlarmRate: 0.1775, MissedDetectionRate: 0.0342, ROC-AUC: 0.9822, PR-AUC: 0.9687
2026-06-26 01:13:09,066 - INFO - Epoch [35/100], Loss: 0.1190, Accuracy: 0.9545, Precision: 0.9671, Recall: 0.8735, F1: 0.9179, FalseAlarmRate: 0.0122, MissedDetectionRate: 0.1265, ROC-AUC: 0.9837, PR-AUC: 0.9717
2026-06-26 01:13:11,369 - INFO - Best model updated at epoch 35, Accuracy: 0.9545
2026-06-26 01:13:31,322 - INFO - Epoch [36/100], Loss: 0.1312, Accuracy: 0.9454, Precision: 0.9038, Recall: 0.9092, F1: 0.9065, FalseAlarmRate: 0.0398, MissedDetectionRate: 0.0908, ROC-AUC: 0.9827, PR-AUC: 0.9699
2026-06-26 01:13:51,337 - INFO - Epoch [37/100], Loss: 0.1095, Accuracy: 0.9566, Precision: 0.9455, Recall: 0.9033, F1: 0.9239, FalseAlarmRate: 0.0214, MissedDetectionRate: 0.0967, ROC-AUC: 0.9854, PR-AUC: 0.9713
2026-06-26 01:13:53,643 - INFO - Best model updated at epoch 37, Accuracy: 0.9566
2026-06-26 01:14:13,610 - INFO - Epoch [38/100], Loss: 0.1495, Accuracy: 0.9467, Precision: 0.9243, Recall: 0.8899, F1: 0.9067, FalseAlarmRate: 0.0300, MissedDetectionRate: 0.1101, ROC-AUC: 0.9841, PR-AUC: 0.9720
2026-06-26 01:14:33,607 - INFO - Epoch [39/100], Loss: 0.1433, Accuracy: 0.5351, Precision: 0.3849, Recall: 0.9955, F1: 0.5552, FalseAlarmRate: 0.6542, MissedDetectionRate: 0.0045, ROC-AUC: 0.9415, PR-AUC: 0.8991
2026-06-26 01:14:53,620 - INFO - Epoch [40/100], Loss: 0.2504, Accuracy: 0.9514, Precision: 0.9620, Recall: 0.8676, F1: 0.9124, FalseAlarmRate: 0.0141, MissedDetectionRate: 0.1324, ROC-AUC: 0.9799, PR-AUC: 0.9679
2026-06-26 01:15:15,266 - INFO - Epoch [41/100], Loss: 0.1203, Accuracy: 0.9306, Precision: 0.8526, Recall: 0.9211, F1: 0.8856, FalseAlarmRate: 0.0655, MissedDetectionRate: 0.0789, ROC-AUC: 0.9841, PR-AUC: 0.9716
2026-06-26 01:15:35,311 - INFO - Epoch [42/100], Loss: 0.1099, Accuracy: 0.8912, Precision: 0.7411, Recall: 0.9628, F1: 0.8375, FalseAlarmRate: 0.1383, MissedDetectionRate: 0.0372, ROC-AUC: 0.9820, PR-AUC: 0.9689
2026-06-26 01:15:55,353 - INFO - Epoch [43/100], Loss: 0.1061, Accuracy: 0.9267, Precision: 0.8262, Recall: 0.9479, F1: 0.8829, FalseAlarmRate: 0.0820, MissedDetectionRate: 0.0521, ROC-AUC: 0.9849, PR-AUC: 0.9740
2026-06-26 01:16:15,496 - INFO - Epoch [44/100], Loss: 0.1018, Accuracy: 0.9107, Precision: 0.7807, Recall: 0.9643, F1: 0.8628, FalseAlarmRate: 0.1114, MissedDetectionRate: 0.0357, ROC-AUC: 0.9859, PR-AUC: 0.9749
2026-06-26 01:16:35,544 - INFO - Epoch [45/100], Loss: 0.1027, Accuracy: 0.4905, Precision: 0.3635, Recall: 0.9970, F1: 0.5328, FalseAlarmRate: 0.7179, MissedDetectionRate: 0.0030, ROC-AUC: 0.9489, PR-AUC: 0.8995
2026-06-26 01:16:55,582 - INFO - Epoch [46/100], Loss: 0.2525, Accuracy: 0.5017, Precision: 0.3690, Recall: 1.0000, F1: 0.5391, FalseAlarmRate: 0.7032, MissedDetectionRate: 0.0000, ROC-AUC: 0.9463, PR-AUC: 0.8741
2026-06-26 01:17:15,632 - INFO - Epoch [47/100], Loss: 0.2441, Accuracy: 0.9514, Precision: 0.9334, Recall: 0.8973, F1: 0.9150, FalseAlarmRate: 0.0263, MissedDetectionRate: 0.1027, ROC-AUC: 0.9828, PR-AUC: 0.9714
2026-06-26 01:17:35,676 - INFO - Epoch [48/100], Loss: 0.1105, Accuracy: 0.9523, Precision: 0.9084, Recall: 0.9301, F1: 0.9191, FalseAlarmRate: 0.0386, MissedDetectionRate: 0.0699, ROC-AUC: 0.9858, PR-AUC: 0.9757
2026-06-26 01:17:55,723 - INFO - Epoch [49/100], Loss: 0.1157, Accuracy: 0.9497, Precision: 0.9894, Recall: 0.8363, F1: 0.9065, FalseAlarmRate: 0.0037, MissedDetectionRate: 0.1637, ROC-AUC: 0.9860, PR-AUC: 0.9756
2026-06-26 01:18:15,762 - INFO - Epoch [50/100], Loss: 0.1436, Accuracy: 0.8166, Precision: 0.6162, Recall: 0.9821, F1: 0.7573, FalseAlarmRate: 0.2515, MissedDetectionRate: 0.0179, ROC-AUC: 0.9845, PR-AUC: 0.9718
2026-06-26 01:18:35,787 - INFO - Epoch [51/100], Loss: 0.1079, Accuracy: 0.9276, Precision: 0.8292, Recall: 0.9464, F1: 0.8839, FalseAlarmRate: 0.0802, MissedDetectionRate: 0.0536, ROC-AUC: 0.9834, PR-AUC: 0.9720
2026-06-26 01:18:55,833 - INFO - Epoch [52/100], Loss: 0.1079, Accuracy: 0.9462, Precision: 0.9946, Recall: 0.8199, F1: 0.8989, FalseAlarmRate: 0.0018, MissedDetectionRate: 0.1801, ROC-AUC: 0.9859, PR-AUC: 0.9753
2026-06-26 01:19:15,851 - INFO - Epoch [53/100], Loss: 0.2036, Accuracy: 0.5746, Precision: 0.4065, Recall: 1.0000, F1: 0.5781, FalseAlarmRate: 0.6004, MissedDetectionRate: 0.0000, ROC-AUC: 0.9726, PR-AUC: 0.9480
2026-06-26 01:19:35,900 - INFO - Epoch [54/100], Loss: 0.1772, Accuracy: 0.8855, Precision: 0.7323, Recall: 0.9568, F1: 0.8297, FalseAlarmRate: 0.1438, MissedDetectionRate: 0.0432, ROC-AUC: 0.9812, PR-AUC: 0.9697
2026-06-26 01:19:55,908 - INFO - Epoch [55/100], Loss: 0.1118, Accuracy: 0.9540, Precision: 0.9594, Recall: 0.8795, F1: 0.9177, FalseAlarmRate: 0.0153, MissedDetectionRate: 0.1205, ROC-AUC: 0.9832, PR-AUC: 0.9717
2026-06-26 01:20:15,933 - INFO - Epoch [56/100], Loss: 0.1085, Accuracy: 0.9588, Precision: 0.9572, Recall: 0.8988, F1: 0.9271, FalseAlarmRate: 0.0165, MissedDetectionRate: 0.1012, ROC-AUC: 0.9861, PR-AUC: 0.9754
2026-06-26 01:20:18,241 - INFO - Best model updated at epoch 56, Accuracy: 0.9588
2026-06-26 01:20:38,220 - INFO - Epoch [57/100], Loss: 0.1212, Accuracy: 0.6288, Precision: 0.4395, Recall: 0.9940, F1: 0.6095, FalseAlarmRate: 0.5214, MissedDetectionRate: 0.0060, ROC-AUC: 0.9694, PR-AUC: 0.9416
2026-06-26 01:20:58,212 - INFO - Epoch [58/100], Loss: 0.1755, Accuracy: 0.9037, Precision: 0.7757, Recall: 0.9420, F1: 0.8508, FalseAlarmRate: 0.1120, MissedDetectionRate: 0.0580, ROC-AUC: 0.9825, PR-AUC: 0.9693
2026-06-26 01:21:18,232 - INFO - Epoch [59/100], Loss: 0.0968, Accuracy: 0.9549, Precision: 0.9396, Recall: 0.9033, F1: 0.9211, FalseAlarmRate: 0.0239, MissedDetectionRate: 0.0967, ROC-AUC: 0.9852, PR-AUC: 0.9743
2026-06-26 01:21:38,201 - INFO - Epoch [60/100], Loss: 0.0953, Accuracy: 0.9445, Precision: 0.8919, Recall: 0.9211, F1: 0.9063, FalseAlarmRate: 0.0459, MissedDetectionRate: 0.0789, ROC-AUC: 0.9865, PR-AUC: 0.9756
2026-06-26 01:21:59,862 - INFO - Epoch [61/100], Loss: 0.0871, Accuracy: 0.9527, Precision: 0.9533, Recall: 0.8810, F1: 0.9157, FalseAlarmRate: 0.0177, MissedDetectionRate: 0.1190, ROC-AUC: 0.9860, PR-AUC: 0.9741
2026-06-26 01:22:19,911 - INFO - Epoch [62/100], Loss: 0.0967, Accuracy: 0.9601, Precision: 0.9662, Recall: 0.8943, F1: 0.9289, FalseAlarmRate: 0.0129, MissedDetectionRate: 0.1057, ROC-AUC: 0.9888, PR-AUC: 0.9789
2026-06-26 01:22:22,206 - INFO - Best model updated at epoch 62, Accuracy: 0.9601
2026-06-26 01:22:42,187 - INFO - Epoch [63/100], Loss: 0.1101, Accuracy: 0.8708, Precision: 0.6989, Recall: 0.9777, F1: 0.8151, FalseAlarmRate: 0.1732, MissedDetectionRate: 0.0223, ROC-AUC: 0.9853, PR-AUC: 0.9746
2026-06-26 01:23:02,187 - INFO - Epoch [64/100], Loss: 0.0830, Accuracy: 0.9146, Precision: 0.7872, Recall: 0.9688, F1: 0.8686, FalseAlarmRate: 0.1077, MissedDetectionRate: 0.0312, ROC-AUC: 0.9882, PR-AUC: 0.9778
2026-06-26 01:23:22,192 - INFO - Epoch [65/100], Loss: 0.0815, Accuracy: 0.9480, Precision: 0.8855, Recall: 0.9435, F1: 0.9135, FalseAlarmRate: 0.0502, MissedDetectionRate: 0.0565, ROC-AUC: 0.9885, PR-AUC: 0.9790
2026-06-26 01:23:42,213 - INFO - Epoch [66/100], Loss: 0.0816, Accuracy: 0.9480, Precision: 0.8898, Recall: 0.9375, F1: 0.9130, FalseAlarmRate: 0.0477, MissedDetectionRate: 0.0625, ROC-AUC: 0.9894, PR-AUC: 0.9798
2026-06-26 01:24:02,235 - INFO - Epoch [67/100], Loss: 0.0822, Accuracy: 0.9089, Precision: 0.7737, Recall: 0.9717, F1: 0.8615, FalseAlarmRate: 0.1169, MissedDetectionRate: 0.0283, ROC-AUC: 0.9896, PR-AUC: 0.9797
2026-06-26 01:24:22,238 - INFO - Epoch [68/100], Loss: 0.0732, Accuracy: 0.9462, Precision: 0.8816, Recall: 0.9420, F1: 0.9108, FalseAlarmRate: 0.0520, MissedDetectionRate: 0.0580, ROC-AUC: 0.9898, PR-AUC: 0.9805
2026-06-26 01:24:42,250 - INFO - Epoch [69/100], Loss: 0.0823, Accuracy: 0.5095, Precision: 0.3724, Recall: 0.9970, F1: 0.5423, FalseAlarmRate: 0.6909, MissedDetectionRate: 0.0030, ROC-AUC: 0.9126, PR-AUC: 0.8210
2026-06-26 01:25:02,264 - INFO - Epoch [70/100], Loss: 0.2367, Accuracy: 0.5776, Precision: 0.4080, Recall: 0.9970, F1: 0.5791, FalseAlarmRate: 0.5949, MissedDetectionRate: 0.0030, ROC-AUC: 0.9402, PR-AUC: 0.8878
2026-06-26 01:25:22,268 - INFO - Epoch [71/100], Loss: 0.1634, Accuracy: 0.9198, Precision: 0.8094, Recall: 0.9479, F1: 0.8732, FalseAlarmRate: 0.0918, MissedDetectionRate: 0.0521, ROC-AUC: 0.9864, PR-AUC: 0.9752
2026-06-26 01:25:42,267 - INFO - Epoch [72/100], Loss: 0.1079, Accuracy: 0.9324, Precision: 0.8395, Recall: 0.9494, F1: 0.8911, FalseAlarmRate: 0.0747, MissedDetectionRate: 0.0506, ROC-AUC: 0.9867, PR-AUC: 0.9774
2026-06-26 01:26:02,253 - INFO - Epoch [73/100], Loss: 0.0874, Accuracy: 0.9540, Precision: 0.9535, Recall: 0.8854, F1: 0.9182, FalseAlarmRate: 0.0177, MissedDetectionRate: 0.1146, ROC-AUC: 0.9880, PR-AUC: 0.9778
2026-06-26 01:26:22,258 - INFO - Epoch [74/100], Loss: 0.1119, Accuracy: 0.9532, Precision: 0.9490, Recall: 0.8869, F1: 0.9169, FalseAlarmRate: 0.0196, MissedDetectionRate: 0.1131, ROC-AUC: 0.9896, PR-AUC: 0.9799
2026-06-26 01:26:42,261 - INFO - Epoch [75/100], Loss: 0.0876, Accuracy: 0.9441, Precision: 0.8776, Recall: 0.9390, F1: 0.9073, FalseAlarmRate: 0.0539, MissedDetectionRate: 0.0610, ROC-AUC: 0.9885, PR-AUC: 0.9789
2026-06-26 01:27:02,273 - INFO - Epoch [76/100], Loss: 0.0870, Accuracy: 0.9445, Precision: 0.9331, Recall: 0.8720, F1: 0.9015, FalseAlarmRate: 0.0257, MissedDetectionRate: 0.1280, ROC-AUC: 0.9804, PR-AUC: 0.9665
2026-06-26 01:27:22,278 - INFO - Epoch [77/100], Loss: 0.1647, Accuracy: 0.9540, Precision: 0.9137, Recall: 0.9301, F1: 0.9218, FalseAlarmRate: 0.0361, MissedDetectionRate: 0.0699, ROC-AUC: 0.9883, PR-AUC: 0.9789
2026-06-26 01:27:42,286 - INFO - Epoch [78/100], Loss: 0.0985, Accuracy: 0.9579, Precision: 0.9600, Recall: 0.8929, F1: 0.9252, FalseAlarmRate: 0.0153, MissedDetectionRate: 0.1071, ROC-AUC: 0.9896, PR-AUC: 0.9805
2026-06-26 01:28:02,275 - INFO - Epoch [79/100], Loss: 0.0855, Accuracy: 0.9007, Precision: 0.7609, Recall: 0.9613, F1: 0.8494, FalseAlarmRate: 0.1242, MissedDetectionRate: 0.0387, ROC-AUC: 0.9870, PR-AUC: 0.9775
2026-06-26 01:28:22,287 - INFO - Epoch [80/100], Loss: 0.0745, Accuracy: 0.9562, Precision: 0.9280, Recall: 0.9211, F1: 0.9246, FalseAlarmRate: 0.0294, MissedDetectionRate: 0.0789, ROC-AUC: 0.9911, PR-AUC: 0.9826
2026-06-26 01:28:43,952 - INFO - Epoch [81/100], Loss: 0.0749, Accuracy: 0.9558, Precision: 0.9130, Recall: 0.9375, F1: 0.9251, FalseAlarmRate: 0.0367, MissedDetectionRate: 0.0625, ROC-AUC: 0.9908, PR-AUC: 0.9820
2026-06-26 01:29:03,993 - INFO - Epoch [82/100], Loss: 0.0893, Accuracy: 0.5065, Precision: 0.3713, Recall: 1.0000, F1: 0.5415, FalseAlarmRate: 0.6965, MissedDetectionRate: 0.0000, ROC-AUC: 0.9702, PR-AUC: 0.9468
2026-06-26 01:29:24,034 - INFO - Epoch [83/100], Loss: 0.2268, Accuracy: 0.9358, Precision: 0.8484, Recall: 0.9494, F1: 0.8961, FalseAlarmRate: 0.0698, MissedDetectionRate: 0.0506, ROC-AUC: 0.9862, PR-AUC: 0.9761
2026-06-26 01:29:44,071 - INFO - Epoch [84/100], Loss: 0.0934, Accuracy: 0.9601, Precision: 0.9407, Recall: 0.9211, F1: 0.9308, FalseAlarmRate: 0.0239, MissedDetectionRate: 0.0789, ROC-AUC: 0.9872, PR-AUC: 0.9781
2026-06-26 01:30:04,111 - INFO - Epoch [85/100], Loss: 0.1139, Accuracy: 0.6227, Precision: 0.4354, Recall: 0.9926, F1: 0.6053, FalseAlarmRate: 0.5294, MissedDetectionRate: 0.0074, ROC-AUC: 0.9619, PR-AUC: 0.9338
2026-06-26 01:30:24,154 - INFO - Epoch [86/100], Loss: 0.1584, Accuracy: 0.9592, Precision: 0.9573, Recall: 0.9003, F1: 0.9279, FalseAlarmRate: 0.0165, MissedDetectionRate: 0.0997, ROC-AUC: 0.9867, PR-AUC: 0.9772
2026-06-26 01:30:44,156 - INFO - Epoch [87/100], Loss: 0.0797, Accuracy: 0.9484, Precision: 0.8944, Recall: 0.9330, F1: 0.9133, FalseAlarmRate: 0.0453, MissedDetectionRate: 0.0670, ROC-AUC: 0.9885, PR-AUC: 0.9790
2026-06-26 01:31:04,155 - INFO - Epoch [88/100], Loss: 0.0715, Accuracy: 0.9605, Precision: 0.9408, Recall: 0.9226, F1: 0.9316, FalseAlarmRate: 0.0239, MissedDetectionRate: 0.0774, ROC-AUC: 0.9917, PR-AUC: 0.9837
2026-06-26 01:31:06,450 - INFO - Best model updated at epoch 88, Accuracy: 0.9605
2026-06-26 01:31:26,412 - INFO - Epoch [89/100], Loss: 0.0676, Accuracy: 0.9536, Precision: 0.9210, Recall: 0.9196, F1: 0.9203, FalseAlarmRate: 0.0324, MissedDetectionRate: 0.0804, ROC-AUC: 0.9899, PR-AUC: 0.9805
2026-06-26 01:31:46,445 - INFO - Epoch [90/100], Loss: 0.0752, Accuracy: 0.9610, Precision: 0.9422, Recall: 0.9226, F1: 0.9323, FalseAlarmRate: 0.0233, MissedDetectionRate: 0.0774, ROC-AUC: 0.9878, PR-AUC: 0.9795
2026-06-26 01:31:48,806 - INFO - Best model updated at epoch 90, Accuracy: 0.9610
2026-06-26 01:32:08,777 - INFO - Epoch [91/100], Loss: 0.0702, Accuracy: 0.9618, Precision: 0.9411, Recall: 0.9271, F1: 0.9340, FalseAlarmRate: 0.0239, MissedDetectionRate: 0.0729, ROC-AUC: 0.9904, PR-AUC: 0.9818
2026-06-26 01:32:11,074 - INFO - Best model updated at epoch 91, Accuracy: 0.9618
2026-06-26 01:32:31,064 - INFO - Epoch [92/100], Loss: 0.0981, Accuracy: 0.9189, Precision: 0.8005, Recall: 0.9613, F1: 0.8736, FalseAlarmRate: 0.0985, MissedDetectionRate: 0.0387, ROC-AUC: 0.9861, PR-AUC: 0.9753
2026-06-26 01:32:51,086 - INFO - Epoch [93/100], Loss: 0.0818, Accuracy: 0.9063, Precision: 0.7695, Recall: 0.9688, F1: 0.8577, FalseAlarmRate: 0.1193, MissedDetectionRate: 0.0312, ROC-AUC: 0.9904, PR-AUC: 0.9819
2026-06-26 01:33:11,113 - INFO - Epoch [94/100], Loss: 0.0721, Accuracy: 0.7572, Precision: 0.5459, Recall: 0.9911, F1: 0.7040, FalseAlarmRate: 0.3390, MissedDetectionRate: 0.0089, ROC-AUC: 0.9821, PR-AUC: 0.9681
2026-06-26 01:33:31,148 - INFO - Epoch [95/100], Loss: 0.0988, Accuracy: 0.9380, Precision: 0.8648, Recall: 0.9330, F1: 0.8976, FalseAlarmRate: 0.0600, MissedDetectionRate: 0.0670, ROC-AUC: 0.9866, PR-AUC: 0.9760
2026-06-26 01:33:51,182 - INFO - Epoch [96/100], Loss: 0.0638, Accuracy: 0.8903, Precision: 0.7357, Recall: 0.9732, F1: 0.8379, FalseAlarmRate: 0.1438, MissedDetectionRate: 0.0268, ROC-AUC: 0.9885, PR-AUC: 0.9784
2026-06-26 01:34:11,211 - INFO - Epoch [97/100], Loss: 0.0568, Accuracy: 0.9358, Precision: 0.8420, Recall: 0.9598, F1: 0.8971, FalseAlarmRate: 0.0741, MissedDetectionRate: 0.0402, ROC-AUC: 0.9911, PR-AUC: 0.9826
2026-06-26 01:34:31,253 - INFO - Epoch [98/100], Loss: 0.0661, Accuracy: 0.8833, Precision: 0.7202, Recall: 0.9807, F1: 0.8305, FalseAlarmRate: 0.1567, MissedDetectionRate: 0.0193, ROC-AUC: 0.9889, PR-AUC: 0.9783
2026-06-26 01:34:51,282 - INFO - Epoch [99/100], Loss: 0.0696, Accuracy: 0.9558, Precision: 0.9179, Recall: 0.9315, F1: 0.9247, FalseAlarmRate: 0.0343, MissedDetectionRate: 0.0685, ROC-AUC: 0.9907, PR-AUC: 0.9819
2026-06-26 01:35:11,314 - INFO - Epoch [100/100], Loss: 0.0971, Accuracy: 0.9415, Precision: 0.9873, Recall: 0.8095, F1: 0.8896, FalseAlarmRate: 0.0043, MissedDetectionRate: 0.1905, ROC-AUC: 0.9852, PR-AUC: 0.9713
2026-06-26 01:35:17,591 - INFO - ---------------------------结束模型训练---------------------------
2026-06-26 01:35:17,591 - INFO - 总共用时0:34:22.730346，平均用时 0:00:20.627303 /epoch
2026-06-26 01:35:18,542 - INFO - 模型推理总用时：0.9501 秒
2026-06-26 01:35:18,542 - INFO - 测试结果为：
2026-06-26 01:35:18,542 - INFO - Accuracy: 0.9415, Precision: 0.9873, Recall: 0.8095, F1: 0.8896, FalseAlarmRate: 0.0043, MissedDetectionRate: 0.1905, ROC-AUC: 0.9852, PR-AUC: 0.9713
2026-06-26 01:35:18,542 - INFO - 混淆矩阵: [[TN, FP], [FN, TP]] = [[1627, 7], [128, 544]]
