2026-06-25 23:41:15,323 - INFO - ---------------------------数据集描述---------------------------
2026-06-25 23:41:15,323 - INFO - 训练数据集为HR-mix1
2026-06-25 23:41:15,324 - INFO - 配置文件: /root/Projects/ArcFaultDetection/yaml/config/Transformer.yaml
2026-06-25 23:41:15,324 - INFO - 训练流程: deep_learning
2026-06-25 23:41:15,324 - INFO - Loading data from yaml/data/00-10000_multi_airconditioner02-refrigerator_m2.yaml
2026-06-25 23:41:15,324 - INFO - Loading data from yaml/data/01-10000_multi_kettle01-microwaveoven_m2.yaml
2026-06-25 23:41:15,324 - INFO - Loading data from yaml/data/02-10000_multi_refrigerator-airconditioner_m2.yaml
2026-06-25 23:41:15,324 - INFO - Loading data from yaml/data/03-10000_multi_ricecooker-electricoven_m2.yaml
2026-06-25 23:41:15,324 - INFO - Loading data from yaml/data/04-10000_multi_inductioncooker-airpurifier_m2.yaml
2026-06-25 23:41:15,324 - INFO - Loading data from yaml/data/05-10000_multi_airpurifier-airconditioner03_m2.yaml
2026-06-25 23:41:15,324 - INFO - Loading data from yaml/data/06-10000_multi_microwaveoven-waterheater_m2.yaml
2026-06-25 23:41:15,324 - INFO - Loading data from yaml/data/07-10000_multi_electricoven-washingmachine_m2.yaml
2026-06-25 23:41:15,324 - INFO - Loading data from yaml/data/08-10000_multi_airconditioner01-inductioncooker_m2.yaml
2026-06-25 23:41:20,282 - INFO - 数据读取完成，总共用时4.96 秒
2026-06-25 23:41:20,283 - INFO - 使用 cuda 训练模型
2026-06-25 23:41:21,781 - INFO - 使用 10000 的数据集, 窗口大小为 1000
2026-06-25 23:41:21,781 - INFO - ---------------------------超参数设置---------------------------
2026-06-25 23:41:21,781 - INFO - data_type: HR-mix1
2026-06-25 23:41:21,781 - INFO - data_path: /root/Projects/Datasets/
2026-06-25 23:41:21,781 - INFO - model: Transformer
2026-06-25 23:41:21,781 - INFO - window_size: 1000
2026-06-25 23:41:21,781 - INFO - epochs: 100
2026-06-25 23:41:21,781 - INFO - batch_size: 256
2026-06-25 23:41:21,781 - INFO - lr: 0.0005
2026-06-25 23:41:21,781 - INFO - optimizer: Adam
2026-06-25 23:41:21,781 - INFO - momentum: 0.9
2026-06-25 23:41:21,781 - INFO - d_model: 64
2026-06-25 23:41:21,781 - INFO - nhead: 4
2026-06-25 23:41:21,781 - INFO - num_layers: 2
2026-06-25 23:41:21,782 - INFO - dim_feedforward: 128
2026-06-25 23:41:21,782 - INFO - dropout: 0.1
2026-06-25 23:41:21,782 - INFO - n_runs: 20
2026-06-25 23:41:21,782 - INFO - checkpoint_mode: last
2026-06-25 23:41:21,782 - INFO - checkpoint_path: None
2026-06-25 23:41:21,782 - INFO - model_save_format: full_model
2026-06-25 23:41:21,782 - INFO - device: cuda
2026-06-25 23:41:21,782 - INFO - log_interval: 1
2026-06-25 23:41:21,782 - INFO - save_interval: 20
2026-06-25 23:41:21,782 - INFO - save_path: /dev/AFCI/checkponits
2026-06-25 23:41:21,782 - INFO - config: /root/Projects/ArcFaultDetection/yaml/config/Transformer.yaml
2026-06-25 23:41:21,782 - INFO - pipeline: deep_learning
2026-06-25 23:41:21,782 - INFO - ---------------------------模型结构---------------------------
2026-06-25 23:41:21,782 - INFO - 模型参数量为：265306626
2026-06-25 23:41:21,782 - INFO - TransformerModel(
  (input_proj): Linear(in_features=1, out_features=256, bias=True)
  (pos_encoder): PositionalEncoding()
  (transformer_encoder): TransformerEncoder(
    (layers): ModuleList(
      (0-3): 4 x TransformerEncoderLayer(
        (self_attn): MultiheadAttention(
          (out_proj): NonDynamicallyQuantizableLinear(in_features=256, out_features=256, bias=True)
        )
        (linear1): Linear(in_features=256, out_features=1024, bias=True)
        (dropout): Dropout(p=0.1, inplace=False)
        (linear2): Linear(in_features=1024, out_features=256, bias=True)
        (norm1): LayerNorm((256,), eps=1e-05, elementwise_affine=True)
        (norm2): LayerNorm((256,), eps=1e-05, elementwise_affine=True)
        (dropout1): Dropout(p=0.1, inplace=False)
        (dropout2): Dropout(p=0.1, inplace=False)
      )
    )
  )
  (classifier): Sequential(
    (0): Linear(in_features=256000, out_features=1024, bias=True)
    (1): ReLU()
    (2): Linear(in_features=1024, out_features=2, bias=True)
  )
)
2026-06-25 23:41:21,783 - INFO - ---------------------------模型复杂度---------------------------
2026-06-25 23:41:21,783 - WARNING - 未安装 thop，无法计算 MACs/FLOPs；请先安装 thop 后重试。
2026-06-25 23:41:21,783 - INFO - 模型复杂度：Params: 265306626 (265.306626 M)
2026-06-25 23:41:23,485 - INFO - ---------------------------开始模型训练---------------------------
2026-06-25 23:41:57,801 - INFO - Epoch [1/100], Loss: 4.6106, Accuracy: 0.7807, Precision: 0.0000, Recall: 0.0000, F1: 0.0000, FalseAlarmRate: 0.0000, MissedDetectionRate: 1.0000, ROC-AUC: 0.6895, PR-AUC: 0.3717
