2026-06-25 23:17:34,159 - INFO - ---------------------------数据集描述---------------------------
2026-06-25 23:17:34,160 - INFO - 训练数据集为HR-mix1
2026-06-25 23:17:34,160 - INFO - 配置文件: /root/Projects/ArcFaultDetection/yaml/config/Transformer.yaml
2026-06-25 23:17:34,160 - INFO - 训练流程: deep_learning
2026-06-25 23:17:34,160 - INFO - Loading data from yaml/data/00-10000_multi_airconditioner02-refrigerator_m2.yaml
2026-06-25 23:17:34,160 - INFO - Loading data from yaml/data/01-10000_multi_kettle01-microwaveoven_m2.yaml
2026-06-25 23:17:34,160 - INFO - Loading data from yaml/data/02-10000_multi_refrigerator-airconditioner_m2.yaml
2026-06-25 23:17:34,160 - INFO - Loading data from yaml/data/03-10000_multi_ricecooker-electricoven_m2.yaml
2026-06-25 23:17:34,160 - INFO - Loading data from yaml/data/04-10000_multi_inductioncooker-airpurifier_m2.yaml
2026-06-25 23:17:34,160 - INFO - Loading data from yaml/data/05-10000_multi_airpurifier-airconditioner03_m2.yaml
2026-06-25 23:17:34,160 - INFO - Loading data from yaml/data/06-10000_multi_microwaveoven-waterheater_m2.yaml
2026-06-25 23:17:34,160 - INFO - Loading data from yaml/data/07-10000_multi_electricoven-washingmachine_m2.yaml
2026-06-25 23:17:34,160 - INFO - Loading data from yaml/data/08-10000_multi_airconditioner01-inductioncooker_m2.yaml
2026-06-25 23:17:39,151 - INFO - 数据读取完成，总共用时4.99 秒
2026-06-25 23:17:39,152 - INFO - 使用 cuda 训练模型
2026-06-25 23:17:40,673 - INFO - 使用 10000 的数据集, 窗口大小为 1000
2026-06-25 23:17:40,674 - INFO - ---------------------------超参数设置---------------------------
2026-06-25 23:17:40,674 - INFO - data_type: HR-mix1
2026-06-25 23:17:40,674 - INFO - data_path: /root/Projects/Datasets/
2026-06-25 23:17:40,674 - INFO - model: Transformer
2026-06-25 23:17:40,674 - INFO - window_size: 1000
2026-06-25 23:17:40,674 - INFO - epochs: 100
2026-06-25 23:17:40,674 - INFO - batch_size: 256
2026-06-25 23:17:40,674 - INFO - lr: 0.0005
2026-06-25 23:17:40,674 - INFO - optimizer: Adam
2026-06-25 23:17:40,674 - INFO - momentum: 0.9
2026-06-25 23:17:40,674 - INFO - d_model: 64
2026-06-25 23:17:40,674 - INFO - nhead: 4
2026-06-25 23:17:40,674 - INFO - num_layers: 2
2026-06-25 23:17:40,674 - INFO - dim_feedforward: 128
2026-06-25 23:17:40,674 - INFO - dropout: 0.1
2026-06-25 23:17:40,674 - INFO - n_runs: 20
2026-06-25 23:17:40,674 - INFO - checkpoint_mode: last
2026-06-25 23:17:40,674 - INFO - checkpoint_path: None
2026-06-25 23:17:40,674 - INFO - model_save_format: full_model
2026-06-25 23:17:40,674 - INFO - device: cuda
2026-06-25 23:17:40,674 - INFO - log_interval: 1
2026-06-25 23:17:40,675 - INFO - save_interval: 1
2026-06-25 23:17:40,675 - INFO - save_path: /root/Projects/AFCI/checkpoints
2026-06-25 23:17:40,675 - INFO - config: /root/Projects/ArcFaultDetection/yaml/config/Transformer.yaml
2026-06-25 23:17:40,675 - INFO - pipeline: deep_learning
2026-06-25 23:17:40,675 - INFO - ---------------------------模型结构---------------------------
2026-06-25 23:17:40,675 - INFO - 模型参数量为：265306626
2026-06-25 23:17:40,675 - INFO - TransformerModel(
  (input_proj): Linear(in_features=1, out_features=256, bias=True)
  (pos_encoder): PositionalEncoding()
  (transformer_encoder): TransformerEncoder(
    (layers): ModuleList(
      (0-3): 4 x TransformerEncoderLayer(
        (self_attn): MultiheadAttention(
          (out_proj): NonDynamicallyQuantizableLinear(in_features=256, out_features=256, bias=True)
        )
        (linear1): Linear(in_features=256, out_features=1024, bias=True)
        (dropout): Dropout(p=0.1, inplace=False)
        (linear2): Linear(in_features=1024, out_features=256, bias=True)
        (norm1): LayerNorm((256,), eps=1e-05, elementwise_affine=True)
        (norm2): LayerNorm((256,), eps=1e-05, elementwise_affine=True)
        (dropout1): Dropout(p=0.1, inplace=False)
        (dropout2): Dropout(p=0.1, inplace=False)
      )
    )
  )
  (classifier): Sequential(
    (0): Linear(in_features=256000, out_features=1024, bias=True)
    (1): ReLU()
    (2): Linear(in_features=1024, out_features=2, bias=True)
  )
)
2026-06-25 23:17:40,676 - INFO - ---------------------------模型复杂度---------------------------
2026-06-25 23:17:40,676 - WARNING - 未安装 thop，无法计算 MACs/FLOPs；请先安装 thop 后重试。
2026-06-25 23:17:40,676 - INFO - 模型复杂度：Params: 265306626 (265.306626 M)
2026-06-25 23:17:42,256 - INFO - ---------------------------开始模型训练---------------------------
2026-06-25 23:18:16,590 - INFO - Epoch [1/100], Loss: 4.1885, Accuracy: 0.7769, Precision: 0.0000, Recall: 0.0000, F1: 0.0000, FalseAlarmRate: 0.0000, MissedDetectionRate: 1.0000, ROC-AUC: 0.5932, PR-AUC: 0.2926
2026-06-25 23:18:18,217 - INFO - Best model updated at epoch 1, Accuracy: 0.7769
2026-06-25 23:18:55,634 - INFO - Epoch [2/100], Loss: 0.5263, Accuracy: 0.7769, Precision: 0.0000, Recall: 0.0000, F1: 0.0000, FalseAlarmRate: 0.0000, MissedDetectionRate: 1.0000, ROC-AUC: 0.5972, PR-AUC: 0.2920
2026-06-25 23:19:33,982 - INFO - Epoch [3/100], Loss: 0.5190, Accuracy: 0.7769, Precision: 0.0000, Recall: 0.0000, F1: 0.0000, FalseAlarmRate: 0.0000, MissedDetectionRate: 1.0000, ROC-AUC: 0.6165, PR-AUC: 0.3106
2026-06-25 23:20:12,278 - INFO - Epoch [4/100], Loss: 0.5217, Accuracy: 0.7769, Precision: 0.0000, Recall: 0.0000, F1: 0.0000, FalseAlarmRate: 0.0000, MissedDetectionRate: 1.0000, ROC-AUC: 0.6582, PR-AUC: 0.3552
2026-06-25 23:20:50,612 - INFO - Epoch [5/100], Loss: 0.4723, Accuracy: 0.8021, Precision: 0.9449, Recall: 0.1199, F1: 0.2128, FalseAlarmRate: 0.0020, MissedDetectionRate: 0.8801, ROC-AUC: 0.7845, PR-AUC: 0.5890
2026-06-25 23:20:52,953 - INFO - Best model updated at epoch 5, Accuracy: 0.8021
2026-06-25 23:21:31,192 - INFO - Epoch [6/100], Loss: 0.4628, Accuracy: 0.8239, Precision: 0.8728, Recall: 0.2468, F1: 0.3847, FalseAlarmRate: 0.0103, MissedDetectionRate: 0.7532, ROC-AUC: 0.8038, PR-AUC: 0.6040
2026-06-25 23:21:33,497 - INFO - Best model updated at epoch 6, Accuracy: 0.8239
2026-06-25 23:22:11,772 - INFO - Epoch [7/100], Loss: 0.4483, Accuracy: 0.8243, Precision: 0.9144, Recall: 0.2348, F1: 0.3736, FalseAlarmRate: 0.0063, MissedDetectionRate: 0.7652, ROC-AUC: 0.8080, PR-AUC: 0.6172
2026-06-25 23:22:14,082 - INFO - Best model updated at epoch 7, Accuracy: 0.8243
2026-06-25 23:22:52,326 - INFO - Epoch [8/100], Loss: 0.4366, Accuracy: 0.8281, Precision: 0.8091, Recall: 0.3007, F1: 0.4385, FalseAlarmRate: 0.0204, MissedDetectionRate: 0.6993, ROC-AUC: 0.8210, PR-AUC: 0.6120
2026-06-25 23:22:54,628 - INFO - Best model updated at epoch 8, Accuracy: 0.8281
2026-06-25 23:23:32,906 - INFO - Epoch [9/100], Loss: 0.4346, Accuracy: 0.8297, Precision: 0.6705, Recall: 0.4655, F1: 0.5495, FalseAlarmRate: 0.0657, MissedDetectionRate: 0.5345, ROC-AUC: 0.8226, PR-AUC: 0.5655
2026-06-25 23:23:35,204 - INFO - Best model updated at epoch 9, Accuracy: 0.8297
2026-06-25 23:24:13,473 - INFO - Epoch [10/100], Loss: 0.4060, Accuracy: 0.8219, Precision: 0.9550, Recall: 0.2118, F1: 0.3467, FalseAlarmRate: 0.0029, MissedDetectionRate: 0.7882, ROC-AUC: 0.8504, PR-AUC: 0.6752
2026-06-25 23:24:51,768 - INFO - Epoch [11/100], Loss: 0.4041, Accuracy: 0.8350, Precision: 0.7524, Recall: 0.3886, F1: 0.5125, FalseAlarmRate: 0.0367, MissedDetectionRate: 0.6114, ROC-AUC: 0.8583, PR-AUC: 0.6280
2026-06-25 23:24:54,064 - INFO - Best model updated at epoch 11, Accuracy: 0.8350
2026-06-25 23:25:32,339 - INFO - Epoch [12/100], Loss: 0.3819, Accuracy: 0.8237, Precision: 0.9102, Recall: 0.2328, F1: 0.3707, FalseAlarmRate: 0.0066, MissedDetectionRate: 0.7672, ROC-AUC: 0.8746, PR-AUC: 0.7000
2026-06-25 23:26:10,663 - INFO - Epoch [13/100], Loss: 0.3837, Accuracy: 0.8299, Precision: 0.9220, Recall: 0.2597, F1: 0.4053, FalseAlarmRate: 0.0063, MissedDetectionRate: 0.7403, ROC-AUC: 0.8735, PR-AUC: 0.7163
2026-06-25 23:26:48,987 - INFO - Epoch [14/100], Loss: 0.3761, Accuracy: 0.8446, Precision: 0.7764, Recall: 0.4266, F1: 0.5506, FalseAlarmRate: 0.0353, MissedDetectionRate: 0.5734, ROC-AUC: 0.8818, PR-AUC: 0.6762
2026-06-25 23:26:51,316 - INFO - Best model updated at epoch 14, Accuracy: 0.8446
